#
# A fatal error has been detected by the Java Runtime Environment:
#
#  EXCEPTION_UNCAUGHT_CXX_EXCEPTION (0xe06d7363) at pc=0x00007fff57404b59, pid=3560, tid=0x0000000000001228
#
# JRE version: Java(TM) SE Runtime Environment (8.0_241-b07) (build 1.8.0_241-b07)
# Java VM: Java HotSpot(TM) 64-Bit Server VM (25.241-b07 mixed mode windows-amd64 compressed oops)
# Problematic frame:
# C  [KERNELBASE.dll+0x34b59]
#
# Failed to write core dump. Minidumps are not enabled by default on client versions of Windows
#
# If you would like to submit a bug report, please visit:
#   http://bugreport.java.com/bugreport/crash.jsp
# The crash happened outside the Java Virtual Machine in native code.
# See problematic frame for where to report the bug.
#

---------------  T H R E A D  ---------------

Current thread (0x000000001b859800):  JavaThread "http-nio-80-exec-1" daemon [_thread_in_native, id=4648, stack(0x000000001dc00000,0x000000001dd00000)]

siginfo: ExceptionCode=0xe06d7363, ExceptionInformation=0x0000000019930520 0x000000001dcfc360 0x00007fff126aef78 0x00007fff10c90000 

Registers:
RAX=0x0000000000000000, RBX=0x00007fff126aef78, RCX=0x0000000000000000, RDX=0x0000000000000000
RSP=0x000000001dcf9d50, RBP=0x000000001dcfc170, RSI=0x000000001dcfc360, RDI=0x0000000019930520
R8 =0x0000000000000000, R9 =0x0000000000000000, R10=0x0000000000000000, R11=0x0000000000000000
R12=0x000000001dcf9f60, R13=0x0000000000000000, R14=0x000000001dcfadd8, R15=0x0000000000000000
RIP=0x00007fff57404b59, EFLAGS=0x0000000000000206

Top of Stack: (sp=0x000000001dcf9d50)
0x000000001dcf9d50:   0000000000000000 00007fff126aef78
0x000000001dcf9d60:   000000001dcfc360 00007fff11f697c0
0x000000001dcf9d70:   00000001e06d7363 0000000000000000
0x000000001dcf9d80:   00007fff57404b59 0000000000000004
0x000000001dcf9d90:   0000000019930520 000000001dcfc360
0x000000001dcf9da0:   00007fff126aef78 00007fff10c90000
0x000000001dcf9db0:   0000000000000000 000000001dcf9f60
0x000000001dcf9dc0:   000000001dcfc360 000000001dcfc170
0x000000001dcf9dd0:   000000001dcf9e50 00007fff59b64a5f
0x000000001dcf9de0:   0000000019930520 0000000000000000
0x000000001dcf9df0:   000000001dcfac70 00007fff10cd1293
0x000000001dcf9e00:   00007fff129a9000 00007fff10c90000
0x000000001dcf9e10:   00009a235138e06e 00007fff00000004
0x000000001dcf9e20:   00007fff126aef78 00007fff11f437ac
0x000000001dcf9e30:   000000001dcfc360 00007fff120b8010
0x000000001dcf9e40:   000000001dcfc1a0 fffffffffffffffe 

Instructions: (pc=0x00007fff57404b59)
0x00007fff57404b39:   8b d1 44 0f 47 c0 44 89 44 24 38 49 c1 e0 03 e8
0x00007fff57404b49:   9a d1 05 00 48 8d 4c 24 20 48 ff 15 af 9f 18 00
0x00007fff57404b59:   0f 1f 44 00 00 48 8b 8c 24 c0 00 00 00 48 33 cc
0x00007fff57404b69:   e8 72 95 05 00 48 81 c4 d8 00 00 00 c3 cc 83 64 


Register to memory mapping:

RAX=0x0000000000000000 is an unknown value
RBX=0x00007fff126aef78 is an unknown value
RCX=0x0000000000000000 is an unknown value
RDX=0x0000000000000000 is an unknown value
RSP=0x000000001dcf9d50 is pointing into the stack for thread: 0x000000001b859800
RBP=0x000000001dcfc170 is pointing into the stack for thread: 0x000000001b859800
RSI=0x000000001dcfc360 is pointing into the stack for thread: 0x000000001b859800
RDI=0x0000000019930520 is pointing into the stack for thread: 0x0000000019192800
R8 =0x0000000000000000 is an unknown value
R9 =0x0000000000000000 is an unknown value
R10=0x0000000000000000 is an unknown value
R11=0x0000000000000000 is an unknown value
R12=0x000000001dcf9f60 is pointing into the stack for thread: 0x000000001b859800
R13=0x0000000000000000 is an unknown value
R14=0x000000001dcfadd8 is pointing into the stack for thread: 0x000000001b859800
R15=0x0000000000000000 is an unknown value


Stack: [0x000000001dc00000,0x000000001dd00000],  sp=0x000000001dcf9d50,  free space=999k
Native frames: (J=compiled Java code, j=interpreted, Vv=VM code, C=native code)
C  [KERNELBASE.dll+0x34b59]
C  [lacjni.dll+0x12b37ac]
C  [lacjni.dll+0x130b721]
C  [lacjni.dll+0x12c03e0]
C  [lacjni.dll+0x12b7f0c]
C  [ntdll.dll+0xa1406]
C  [lacjni.dll+0x54895]
C  [lacjni.dll+0x567e6]
C  [lacjni.dll+0x5467b]
C  [lacjni.dll+0x4a2a8]
C  [lacjni.dll+0x4a366]
C  [lacjni.dll+0x2e514]
C  [lacjni.dll+0x3d6c2]
C  0x0000000002fc8c67

Java frames: (J=compiled Java code, j=interpreted, Vv=VM code)
j  com.baidu.nlp.LAC.init(Ljava/lang/String;)V+0
j  com.baidu.nlp.LAC.<init>(Ljava/lang/String;)V+6
j  com.carry.recruitment.util.LacUtil.run(Ljava/lang/String;)Lcom/carry/recruitment/entity/Lac;+15
j  com.carry.recruitment.controller.StuController.index(Lorg/springframework/ui/Model;Lcom/carry/recruitment/entity/Stu;Ljavax/servlet/http/HttpServletRequest;)Ljava/lang/String;+2
j  com.carry.recruitment.controller.StuController.login(Lorg/springframework/ui/Model;Lcom/carry/recruitment/entity/Stu;Ljavax/servlet/http/HttpServletRequest;)Ljava/lang/String;+51
v  ~StubRoutines::call_stub
J 2071  sun.reflect.NativeMethodAccessorImpl.invoke0(Ljava/lang/reflect/Method;Ljava/lang/Object;[Ljava/lang/Object;)Ljava/lang/Object; (0 bytes) @ 0x0000000003400bff [0x0000000003400b80+0x7f]
J 1763 C1 sun.reflect.NativeMethodAccessorImpl.invoke(Ljava/lang/Object;[Ljava/lang/Object;)Ljava/lang/Object; (104 bytes) @ 0x00000000033733dc [0x0000000003373060+0x37c]
J 1744 C1 sun.reflect.DelegatingMethodAccessorImpl.invoke(Ljava/lang/Object;[Ljava/lang/Object;)Ljava/lang/Object; (10 bytes) @ 0x000000000336ee64 [0x000000000336ee20+0x44]
J 1743 C1 java.lang.reflect.Method.invoke(Ljava/lang/Object;[Ljava/lang/Object;)Ljava/lang/Object; (62 bytes) @ 0x000000000336ea94 [0x000000000336e9a0+0xf4]
j  org.springframework.web.method.support.InvocableHandlerMethod.doInvoke([Ljava/lang/Object;)Ljava/lang/Object;+32
j  org.springframework.web.method.support.InvocableHandlerMethod.invokeForRequest(Lorg/springframework/web/context/request/NativeWebRequest;Lorg/springframework/web/method/support/ModelAndViewContainer;[Ljava/lang/Object;)Ljava/lang/Object;+54
j  org.springframework.web.servlet.mvc.method.annotation.ServletInvocableHandlerMethod.invokeAndHandle(Lorg/springframework/web/context/request/ServletWebRequest;Lorg/springframework/web/method/support/ModelAndViewContainer;[Ljava/lang/Object;)V+4
j  org.springframework.web.servlet.mvc.method.annotation.RequestMappingHandlerAdapter.invokeHandlerMethod(Ljavax/servlet/http/HttpServletRequest;Ljavax/servlet/http/HttpServletResponse;Lorg/springframework/web/method/HandlerMethod;)Lorg/springframework/web/servlet/ModelAndView;+244
j  org.springframework.web.servlet.mvc.method.annotation.RequestMappingHandlerAdapter.handleInternal(Ljavax/servlet/http/HttpServletRequest;Ljavax/servlet/http/HttpServletResponse;Lorg/springframework/web/method/HandlerMethod;)Lorg/springframework/web/servlet/ModelAndView;+81
j  org.springframework.web.servlet.mvc.method.AbstractHandlerMethodAdapter.handle(Ljavax/servlet/http/HttpServletRequest;Ljavax/servlet/http/HttpServletResponse;Ljava/lang/Object;)Lorg/springframework/web/servlet/ModelAndView;+7
j  org.springframework.web.servlet.DispatcherServlet.doDispatch(Ljavax/servlet/http/HttpServletRequest;Ljavax/servlet/http/HttpServletResponse;)V+257
j  org.springframework.web.servlet.DispatcherServlet.doService(Ljavax/servlet/http/HttpServletRequest;Ljavax/servlet/http/HttpServletResponse;)V+241
j  org.springframework.web.servlet.FrameworkServlet.processRequest(Ljavax/servlet/http/HttpServletRequest;Ljavax/servlet/http/HttpServletResponse;)V+71
j  org.springframework.web.servlet.FrameworkServlet.doPost(Ljavax/servlet/http/HttpServletRequest;Ljavax/servlet/http/HttpServletResponse;)V+3
j  javax.servlet.http.HttpServlet.service(Ljavax/servlet/http/HttpServletRequest;Ljavax/servlet/http/HttpServletResponse;)V+149
j  org.springframework.web.servlet.FrameworkServlet.service(Ljavax/servlet/http/HttpServletRequest;Ljavax/servlet/http/HttpServletResponse;)V+33
j  javax.servlet.http.HttpServlet.service(Ljavax/servlet/ServletRequest;Ljavax/servlet/ServletResponse;)V+36
j  org.apache.catalina.core.ApplicationFilterChain.internalDoFilter(Ljavax/servlet/ServletRequest;Ljavax/servlet/ServletResponse;)V+304
j  org.apache.catalina.core.ApplicationFilterChain.doFilter(Ljavax/servlet/ServletRequest;Ljavax/servlet/ServletResponse;)V+99
j  org.apache.tomcat.websocket.server.WsFilter.doFilter(Ljavax/servlet/ServletRequest;Ljavax/servlet/ServletResponse;Ljavax/servlet/FilterChain;)V+21
j  org.apache.catalina.core.ApplicationFilterChain.internalDoFilter(Ljavax/servlet/ServletRequest;Ljavax/servlet/ServletResponse;)V+135
j  org.apache.catalina.core.ApplicationFilterChain.doFilter(Ljavax/servlet/ServletRequest;Ljavax/servlet/ServletResponse;)V+99
j  org.springframework.web.filter.RequestContextFilter.doFilterInternal(Ljavax/servlet/http/HttpServletRequest;Ljavax/servlet/http/HttpServletResponse;Ljavax/servlet/FilterChain;)V+21
j  org.springframework.web.filter.OncePerRequestFilter.doFilter(Ljavax/servlet/ServletRequest;Ljavax/servlet/ServletResponse;Ljavax/servlet/FilterChain;)V+147
j  org.apache.catalina.core.ApplicationFilterChain.internalDoFilter(Ljavax/servlet/ServletRequest;Ljavax/servlet/ServletResponse;)V+135
j  org.apache.catalina.core.ApplicationFilterChain.doFilter(Ljavax/servlet/ServletRequest;Ljavax/servlet/ServletResponse;)V+99
j  org.springframework.web.filter.FormContentFilter.doFilterInternal(Ljavax/servlet/http/HttpServletRequest;Ljavax/servlet/http/HttpServletResponse;Ljavax/servlet/FilterChain;)V+38
j  org.springframework.web.filter.OncePerRequestFilter.doFilter(Ljavax/servlet/ServletRequest;Ljavax/servlet/ServletResponse;Ljavax/servlet/FilterChain;)V+147
j  org.apache.catalina.core.ApplicationFilterChain.internalDoFilter(Ljavax/servlet/ServletRequest;Ljavax/servlet/ServletResponse;)V+135
j  org.apache.catalina.core.ApplicationFilterChain.doFilter(Ljavax/servlet/ServletRequest;Ljavax/servlet/ServletResponse;)V+99
j  org.springframework.web.filter.CharacterEncodingFilter.doFilterInternal(Ljavax/servlet/http/HttpServletRequest;Ljavax/servlet/http/HttpServletResponse;Ljavax/servlet/FilterChain;)V+53
j  org.springframework.web.filter.OncePerRequestFilter.doFilter(Ljavax/servlet/ServletRequest;Ljavax/servlet/ServletResponse;Ljavax/servlet/FilterChain;)V+147
j  org.apache.catalina.core.ApplicationFilterChain.internalDoFilter(Ljavax/servlet/ServletRequest;Ljavax/servlet/ServletResponse;)V+135
j  org.apache.catalina.core.ApplicationFilterChain.doFilter(Ljavax/servlet/ServletRequest;Ljavax/servlet/ServletResponse;)V+99
j  org.apache.catalina.core.StandardWrapperValve.invoke(Lorg/apache/catalina/connector/Request;Lorg/apache/catalina/connector/Response;)V+694
j  org.apache.catalina.core.StandardContextValve.invoke(Lorg/apache/catalina/connector/Request;Lorg/apache/catalina/connector/Response;)V+169
j  org.apache.catalina.authenticator.AuthenticatorBase.invoke(Lorg/apache/catalina/connector/Request;Lorg/apache/catalina/connector/Response;)V+260
j  org.apache.catalina.core.StandardHostValve.invoke(Lorg/apache/catalina/connector/Request;Lorg/apache/catalina/connector/Response;)V+128
j  org.apache.catalina.valves.ErrorReportValve.invoke(Lorg/apache/catalina/connector/Request;Lorg/apache/catalina/connector/Response;)V+6
j  org.apache.catalina.core.StandardEngineValve.invoke(Lorg/apache/catalina/connector/Request;Lorg/apache/catalina/connector/Response;)V+59
j  org.apache.catalina.connector.CoyoteAdapter.service(Lorg/apache/coyote/Request;Lorg/apache/coyote/Response;)V+199
j  org.apache.coyote.http11.Http11Processor.service(Lorg/apache/tomcat/util/net/SocketWrapperBase;)Lorg/apache/tomcat/util/net/AbstractEndpoint$Handler$SocketState;+737
j  org.apache.coyote.AbstractProcessorLight.process(Lorg/apache/tomcat/util/net/SocketWrapperBase;Lorg/apache/tomcat/util/net/SocketEvent;)Lorg/apache/tomcat/util/net/AbstractEndpoint$Handler$SocketState;+170
j  org.apache.coyote.AbstractProtocol$ConnectionHandler.process(Lorg/apache/tomcat/util/net/SocketWrapperBase;Lorg/apache/tomcat/util/net/SocketEvent;)Lorg/apache/tomcat/util/net/AbstractEndpoint$Handler$SocketState;+505
j  org.apache.tomcat.util.net.NioEndpoint$SocketProcessor.doRun()V+216
j  org.apache.tomcat.util.net.SocketProcessorBase.run()V+21
j  java.util.concurrent.ThreadPoolExecutor.runWorker(Ljava/util/concurrent/ThreadPoolExecutor$Worker;)V+95
j  java.util.concurrent.ThreadPoolExecutor$Worker.run()V+5
j  org.apache.tomcat.util.threads.TaskThread$WrappingRunnable.run()V+4
j  java.lang.Thread.run()V+11
v  ~StubRoutines::call_stub

---------------  P R O C E S S  ---------------

Java Threads: ( => current thread )
  0x000000001bea5800 JavaThread "RMI TCP Connection(2)-10.183.0.118" daemon [_thread_in_native, id=12304, stack(0x000000001a630000,0x000000001a730000)]
  0x000000001beaa000 JavaThread "DestroyJavaVM" [_thread_blocked, id=8140, stack(0x0000000002bd0000,0x0000000002cd0000)]
  0x000000001bea8000 JavaThread "http-nio-80-Acceptor" daemon [_thread_in_native, id=9840, stack(0x000000001e700000,0x000000001e800000)]
  0x000000001bea5000 JavaThread "http-nio-80-ClientPoller" daemon [_thread_in_native, id=2064, stack(0x000000001e600000,0x000000001e700000)]
  0x000000001bea4000 JavaThread "http-nio-80-exec-10" daemon [_thread_blocked, id=1980, stack(0x000000001e500000,0x000000001e600000)]
  0x000000001bea9800 JavaThread "http-nio-80-exec-9" daemon [_thread_blocked, id=9808, stack(0x000000001e400000,0x000000001e500000)]
  0x000000001bea3800 JavaThread "http-nio-80-exec-8" daemon [_thread_blocked, id=9292, stack(0x000000001e300000,0x000000001e400000)]
  0x000000001bea8800 JavaThread "http-nio-80-exec-7" daemon [_thread_blocked, id=8288, stack(0x000000001e200000,0x000000001e300000)]
  0x000000001b857800 JavaThread "http-nio-80-exec-6" daemon [_thread_blocked, id=9608, stack(0x000000001e100000,0x000000001e200000)]
  0x000000001b853800 JavaThread "http-nio-80-exec-5" daemon [_thread_blocked, id=8616, stack(0x000000001e000000,0x000000001e100000)]
  0x000000001b858000 JavaThread "http-nio-80-exec-4" daemon [_thread_blocked, id=8908, stack(0x000000001df00000,0x000000001e000000)]
  0x000000001b853000 JavaThread "http-nio-80-exec-3" daemon [_thread_blocked, id=8824, stack(0x000000001de00000,0x000000001df00000)]
  0x000000001b856800 JavaThread "http-nio-80-exec-2" daemon [_thread_blocked, id=12552, stack(0x000000001dd00000,0x000000001de00000)]
=>0x000000001b859800 JavaThread "http-nio-80-exec-1" daemon [_thread_in_native, id=4648, stack(0x000000001dc00000,0x000000001dd00000)]
  0x000000001b855000 JavaThread "http-nio-80-BlockPoller" daemon [_thread_in_native, id=9704, stack(0x000000001d800000,0x000000001d900000)]
  0x000000001b854800 JavaThread "Live Reload Server" daemon [_thread_in_native, id=12880, stack(0x000000001d900000,0x000000001da00000)]
  0x000000001b859000 JavaThread "File Watcher" daemon [_thread_blocked, id=9724, stack(0x000000001d400000,0x000000001d500000)]
  0x000000001b856000 JavaThread "Druid-ConnectionPool-Destroy-340160214" daemon [_thread_blocked, id=10232, stack(0x000000001d100000,0x000000001d200000)]
  0x000000001bc57800 JavaThread "Druid-ConnectionPool-Create-340160214" daemon [_thread_blocked, id=8692, stack(0x000000001d000000,0x000000001d100000)]
  0x000000001bc11000 JavaThread "mysql-cj-abandoned-connection-cleanup" daemon [_thread_blocked, id=3620, stack(0x000000001cd00000,0x000000001ce00000)]
  0x000000001bbd0000 JavaThread "container-0" [_thread_blocked, id=7496, stack(0x000000001cc00000,0x000000001cd00000)]
  0x000000001bbcf000 JavaThread "Catalina-utility-2" [_thread_blocked, id=10896, stack(0x000000001af30000,0x000000001b030000)]
  0x000000001bbce000 JavaThread "Catalina-utility-1" [_thread_blocked, id=10508, stack(0x000000001ac30000,0x000000001ad30000)]
  0x0000000019ff2800 JavaThread "RMI Scheduler(0)" daemon [_thread_blocked, id=2436, stack(0x000000001ae30000,0x000000001af30000)]
  0x0000000019fa4000 JavaThread "RMI TCP Connection(1)-10.183.0.118" daemon [_thread_in_native, id=2000, stack(0x000000001ad30000,0x000000001ae30000)]
  0x0000000019afe000 JavaThread "RMI TCP Accept-0" daemon [_thread_in_native, id=6436, stack(0x000000001a180000,0x000000001a280000)]
  0x0000000019192800 JavaThread "Service Thread" daemon [_thread_blocked, id=5196, stack(0x0000000019880000,0x0000000019980000)]
  0x0000000019139800 JavaThread "C1 CompilerThread2" daemon [_thread_blocked, id=1076, stack(0x0000000019780000,0x0000000019880000)]
  0x0000000019125800 JavaThread "C2 CompilerThread1" daemon [_thread_blocked, id=7404, stack(0x0000000019680000,0x0000000019780000)]
  0x0000000019124000 JavaThread "C2 CompilerThread0" daemon [_thread_blocked, id=6824, stack(0x0000000019580000,0x0000000019680000)]
  0x0000000019106800 JavaThread "Monitor Ctrl-Break" daemon [_thread_in_native, id=7256, stack(0x0000000019480000,0x0000000019580000)]
  0x0000000018ec2800 JavaThread "Attach Listener" daemon [_thread_blocked, id=12828, stack(0x0000000019380000,0x0000000019480000)]
  0x0000000017b36800 JavaThread "Signal Dispatcher" daemon [_thread_blocked, id=8768, stack(0x0000000019280000,0x0000000019380000)]
  0x0000000017afb800 JavaThread "Finalizer" daemon [_thread_blocked, id=1896, stack(0x0000000018d80000,0x0000000018e80000)]
  0x0000000017afa000 JavaThread "Reference Handler" daemon [_thread_blocked, id=7800, stack(0x0000000018c80000,0x0000000018d80000)]

Other Threads:
  0x0000000017ad6800 VMThread [stack: 0x0000000018b80000,0x0000000018c80000] [id=4972]
  0x0000000019b06800 WatcherThread [stack: 0x000000001a280000,0x000000001a380000] [id=12808]

VM state:not at safepoint (normal execution)

VM Mutex/Monitor currently owned by a thread: None

heap address: 0x0000000081600000, size: 2026 MB, Compressed Oops mode: 32-bit
Narrow klass base: 0x0000000000000000, Narrow klass shift: 3
Compressed class space size: 1073741824 Address: 0x0000000100000000

Heap:
 PSYoungGen      total 250880K, used 106819K [0x00000000d5d00000, 0x00000000e6200000, 0x0000000100000000)
  eden space 239104K, 44% used [0x00000000d5d00000,0x00000000dc550f80,0x00000000e4680000)
  from space 11776K, 0% used [0x00000000e5200000,0x00000000e5200000,0x00000000e5d80000)
  to   space 11776K, 0% used [0x00000000e4680000,0x00000000e4680000,0x00000000e5200000)
 ParOldGen       total 62464K, used 13833K [0x0000000081600000, 0x0000000085300000, 0x00000000d5d00000)
  object space 62464K, 22% used [0x0000000081600000,0x0000000082382710,0x0000000085300000)
 Metaspace       used 40944K, capacity 43524K, committed 43904K, reserved 1087488K
  class space    used 5432K, capacity 5919K, committed 6016K, reserved 1048576K

Card table byte_map: [0x0000000012370000,0x0000000012770000] byte_map_base: 0x0000000011f65000

Marking Bits: (ParMarkBitMap*) 0x0000000067fdbe30
 Begin Bits: [0x0000000012e20000, 0x0000000014dc8000)
 End Bits:   [0x0000000014dc8000, 0x0000000016d70000)

Polling page: 0x0000000000ec0000

CodeCache: size=245760Kb used=7932Kb max_used=7932Kb free=237827Kb
 bounds [0x0000000002fb0000, 0x0000000003770000, 0x0000000011fb0000]
 total_blobs=4497 nmethods=3982 adapters=427
 compilation: enabled

Compilation events (10 events):
Event: 16.265 Thread 0x0000000019139800 3979       1       com.mysql.cj.protocol.a.NativeProtocol::getServerSession (5 bytes)
Event: 16.265 Thread 0x0000000019139800 nmethod 3979 0x000000000376d710 code [0x000000000376d860, 0x000000000376d970]
Event: 16.348 Thread 0x0000000019139800 3980       1       com.mysql.cj.protocol.a.NativePacketPayload::setPosition (6 bytes)
Event: 16.348 Thread 0x0000000019139800 nmethod 3980 0x000000000376e450 code [0x000000000376e5a0, 0x000000000376e6b0]
Event: 16.363 Thread 0x0000000019139800 3981       1       java.net.URLStreamHandler::sameFile (136 bytes)
Event: 16.364 Thread 0x0000000019139800 nmethod 3981 0x000000000376e710 code [0x000000000376e8c0, 0x000000000376eba8]
Event: 16.377 Thread 0x0000000019139800 3982       1       java.nio.CharBuffer::allocate (22 bytes)
Event: 16.377 Thread 0x0000000019139800 nmethod 3982 0x000000000376ed50 code [0x000000000376eec0, 0x000000000376f1b8]
Event: 16.377 Thread 0x0000000019139800 3983       1       java.nio.HeapCharBuffer::<init> (13 bytes)
Event: 16.377 Thread 0x0000000019139800 nmethod 3983 0x000000000310c110 code [0x000000000310c280, 0x000000000310c488]

GC Heap History (10 events):
Event: 3.655 GC heap before
{Heap before GC invocations=6 (full 1):
 PSYoungGen      total 71680K, used 5112K [0x00000000d5d00000, 0x00000000df200000, 0x0000000100000000)
  eden space 66560K, 0% used [0x00000000d5d00000,0x00000000d5d00000,0x00000000d9e00000)
  from space 5120K, 99% used [0x00000000d9e00000,0x00000000da2fe030,0x00000000da300000)
  to   space 9728K, 0% used [0x00000000de880000,0x00000000de880000,0x00000000df200000)
 ParOldGen       total 87552K, used 7429K [0x0000000081600000, 0x0000000086b80000, 0x00000000d5d00000)
  object space 87552K, 8% used [0x0000000081600000,0x0000000081d415c0,0x0000000086b80000)
 Metaspace       used 20214K, capacity 21236K, committed 21296K, reserved 1067008K
  class space    used 2682K, capacity 2925K, committed 2944K, reserved 1048576K
Event: 3.688 GC heap after
Heap after GC invocations=6 (full 1):
 PSYoungGen      total 71680K, used 0K [0x00000000d5d00000, 0x00000000df200000, 0x0000000100000000)
  eden space 66560K, 0% used [0x00000000d5d00000,0x00000000d5d00000,0x00000000d9e00000)
  from space 5120K, 0% used [0x00000000d9e00000,0x00000000d9e00000,0x00000000da300000)
  to   space 9728K, 0% used [0x00000000de880000,0x00000000de880000,0x00000000df200000)
 ParOldGen       total 47104K, used 6346K [0x0000000081600000, 0x0000000084400000, 0x00000000d5d00000)
  object space 47104K, 13% used [0x0000000081600000,0x0000000081c32828,0x0000000084400000)
 Metaspace       used 20214K, capacity 21236K, committed 21296K, reserved 1067008K
  class space    used 2682K, capacity 2925K, committed 2944K, reserved 1048576K
}
Event: 4.328 GC heap before
{Heap before GC invocations=7 (full 1):
 PSYoungGen      total 71680K, used 66560K [0x00000000d5d00000, 0x00000000df200000, 0x0000000100000000)
  eden space 66560K, 100% used [0x00000000d5d00000,0x00000000d9e00000,0x00000000d9e00000)
  from space 5120K, 0% used [0x00000000d9e00000,0x00000000d9e00000,0x00000000da300000)
  to   space 9728K, 0% used [0x00000000de880000,0x00000000de880000,0x00000000df200000)
 ParOldGen       total 47104K, used 6346K [0x0000000081600000, 0x0000000084400000, 0x00000000d5d00000)
  object space 47104K, 13% used [0x0000000081600000,0x0000000081c32828,0x0000000084400000)
 Metaspace       used 23244K, capacity 24602K, committed 24704K, reserved 1071104K
  class space    used 3134K, capacity 3439K, committed 3456K, reserved 1048576K
Event: 4.334 GC heap after
Heap after GC invocations=7 (full 1):
 PSYoungGen      total 133120K, used 5816K [0x00000000d5d00000, 0x00000000dee80000, 0x0000000100000000)
  eden space 126976K, 0% used [0x00000000d5d00000,0x00000000d5d00000,0x00000000dd900000)
  from space 6144K, 94% used [0x00000000de880000,0x00000000dee2e3f8,0x00000000dee80000)
  to   space 9728K, 0% used [0x00000000ddb80000,0x00000000ddb80000,0x00000000de500000)
 ParOldGen       total 47104K, used 6354K [0x0000000081600000, 0x0000000084400000, 0x00000000d5d00000)
  object space 47104K, 13% used [0x0000000081600000,0x0000000081c34828,0x0000000084400000)
 Metaspace       used 23244K, capacity 24602K, committed 24704K, reserved 1071104K
  class space    used 3134K, capacity 3439K, committed 3456K, reserved 1048576K
}
Event: 5.415 GC heap before
{Heap before GC invocations=8 (full 1):
 PSYoungGen      total 133120K, used 132792K [0x00000000d5d00000, 0x00000000dee80000, 0x0000000100000000)
  eden space 126976K, 100% used [0x00000000d5d00000,0x00000000dd900000,0x00000000dd900000)
  from space 6144K, 94% used [0x00000000de880000,0x00000000dee2e3f8,0x00000000dee80000)
  to   space 9728K, 0% used [0x00000000ddb80000,0x00000000ddb80000,0x00000000de500000)
 ParOldGen       total 47104K, used 6354K [0x0000000081600000, 0x0000000084400000, 0x00000000d5d00000)
  object space 47104K, 13% used [0x0000000081600000,0x0000000081c34828,0x0000000084400000)
 Metaspace       used 32759K, capacity 34730K, committed 35072K, reserved 1079296K
  class space    used 4346K, capacity 4737K, committed 4864K, reserved 1048576K
Event: 5.430 GC heap after
Heap after GC invocations=8 (full 1):
 PSYoungGen      total 139264K, used 9724K [0x00000000d5d00000, 0x00000000e5d80000, 0x0000000100000000)
  eden space 129536K, 0% used [0x00000000d5d00000,0x00000000d5d00000,0x00000000ddb80000)
  from space 9728K, 99% used [0x00000000ddb80000,0x00000000de4ff3f8,0x00000000de500000)
  to   space 11776K, 0% used [0x00000000e5200000,0x00000000e5200000,0x00000000e5d80000)
 ParOldGen       total 47104K, used 8252K [0x0000000081600000, 0x0000000084400000, 0x00000000d5d00000)
  object space 47104K, 17% used [0x0000000081600000,0x0000000081e0f128,0x0000000084400000)
 Metaspace       used 32759K, capacity 34730K, committed 35072K, reserved 1079296K
  class space    used 4346K, capacity 4737K, committed 4864K, reserved 1048576K
}
Event: 5.546 GC heap before
{Heap before GC invocations=9 (full 1):
 PSYoungGen      total 139264K, used 25658K [0x00000000d5d00000, 0x00000000e5d80000, 0x0000000100000000)
  eden space 129536K, 12% used [0x00000000d5d00000,0x00000000d6c8f4b8,0x00000000ddb80000)
  from space 9728K, 99% used [0x00000000ddb80000,0x00000000de4ff3f8,0x00000000de500000)
  to   space 11776K, 0% used [0x00000000e5200000,0x00000000e5200000,0x00000000e5d80000)
 ParOldGen       total 47104K, used 8252K [0x0000000081600000, 0x0000000084400000, 0x00000000d5d00000)
  object space 47104K, 17% used [0x0000000081600000,0x0000000081e0f128,0x0000000084400000)
 Metaspace       used 33416K, capacity 35402K, committed 35496K, reserved 1079296K
  class space    used 4436K, capacity 4821K, committed 4864K, reserved 1048576K
Event: 5.554 GC heap after
Heap after GC invocations=9 (full 1):
 PSYoungGen      total 250880K, used 8337K [0x00000000d5d00000, 0x00000000e6200000, 0x0000000100000000)
  eden space 239104K, 0% used [0x00000000d5d00000,0x00000000d5d00000,0x00000000e4680000)
  from space 11776K, 70% used [0x00000000e5200000,0x00000000e5a24410,0x00000000e5d80000)
  to   space 11776K, 0% used [0x00000000e4680000,0x00000000e4680000,0x00000000e5200000)
 ParOldGen       total 47104K, used 8260K [0x0000000081600000, 0x0000000084400000, 0x00000000d5d00000)
  object space 47104K, 17% used [0x0000000081600000,0x0000000081e11128,0x0000000084400000)
 Metaspace       used 33416K, capacity 35402K, committed 35496K, reserved 1079296K
  class space    used 4436K, capacity 4821K, committed 4864K, reserved 1048576K
}
Event: 5.554 GC heap before
{Heap before GC invocations=10 (full 2):
 PSYoungGen      total 250880K, used 8337K [0x00000000d5d00000, 0x00000000e6200000, 0x0000000100000000)
  eden space 239104K, 0% used [0x00000000d5d00000,0x00000000d5d00000,0x00000000e4680000)
  from space 11776K, 70% used [0x00000000e5200000,0x00000000e5a24410,0x00000000e5d80000)
  to   space 11776K, 0% used [0x00000000e4680000,0x00000000e4680000,0x00000000e5200000)
 ParOldGen       total 47104K, used 8260K [0x0000000081600000, 0x0000000084400000, 0x00000000d5d00000)
  object space 47104K, 17% used [0x0000000081600000,0x0000000081e11128,0x0000000084400000)
 Metaspace       used 33416K, capacity 35402K, committed 35496K, reserved 1079296K
  class space    used 4436K, capacity 4821K, committed 4864K, reserved 1048576K
Event: 5.608 GC heap after
Heap after GC invocations=10 (full 2):
 PSYoungGen      total 250880K, used 0K [0x00000000d5d00000, 0x00000000e6200000, 0x0000000100000000)
  eden space 239104K, 0% used [0x00000000d5d00000,0x00000000d5d00000,0x00000000e4680000)
  from space 11776K, 0% used [0x00000000e5200000,0x00000000e5200000,0x00000000e5d80000)
  to   space 11776K, 0% used [0x00000000e4680000,0x00000000e4680000,0x00000000e5200000)
 ParOldGen       total 62464K, used 13833K [0x0000000081600000, 0x0000000085300000, 0x00000000d5d00000)
  object space 62464K, 22% used [0x0000000081600000,0x0000000082382710,0x0000000085300000)
 Metaspace       used 33416K, capacity 35402K, committed 35496K, reserved 1079296K
  class space    used 4436K, capacity 4821K, committed 4864K, reserved 1048576K
}

Deoptimization events (0 events):
No events

Classes redefined (0 events):
No events

Internal exceptions (10 events):
Event: 5.926 Thread 0x0000000019dcb000 Exception <a 'java/lang/ArrayIndexOutOfBoundsException'> (0x00000000d7f66fa0) thrown at [C:\ade\jenkins\workspace\8-2-build-windows-amd64-cygwin\jdk8u241\331\hotspot\src\share\vm\runtime\sharedRuntime.cpp, line 605]
Event: 5.926 Thread 0x0000000019dcb000 Exception <a 'java/lang/ArrayIndexOutOfBoundsException'> (0x00000000d7f69270) thrown at [C:\ade\jenkins\workspace\8-2-build-windows-amd64-cygwin\jdk8u241\331\hotspot\src\share\vm\runtime\sharedRuntime.cpp, line 605]
Event: 5.926 Thread 0x0000000019dcb000 Exception <a 'java/lang/ArrayIndexOutOfBoundsException'> (0x00000000d7f6b718) thrown at [C:\ade\jenkins\workspace\8-2-build-windows-amd64-cygwin\jdk8u241\331\hotspot\src\share\vm\runtime\sharedRuntime.cpp, line 605]
Event: 5.926 Thread 0x0000000019dcb000 Exception <a 'java/lang/ArrayIndexOutOfBoundsException'> (0x00000000d7f6cfe0) thrown at [C:\ade\jenkins\workspace\8-2-build-windows-amd64-cygwin\jdk8u241\331\hotspot\src\share\vm\runtime\sharedRuntime.cpp, line 605]
Event: 5.926 Thread 0x0000000019dcb000 Exception <a 'java/lang/ArrayIndexOutOfBoundsException'> (0x00000000d7f6f770) thrown at [C:\ade\jenkins\workspace\8-2-build-windows-amd64-cygwin\jdk8u241\331\hotspot\src\share\vm\runtime\sharedRuntime.cpp, line 605]
Event: 5.937 Thread 0x0000000019dcb000 Exception <a 'java/lang/ArrayIndexOutOfBoundsException'> (0x00000000d801ae68) thrown at [C:\ade\jenkins\workspace\8-2-build-windows-amd64-cygwin\jdk8u241\331\hotspot\src\share\vm\runtime\sharedRuntime.cpp, line 605]
Event: 5.940 Thread 0x0000000019dcb000 Exception <a 'java/lang/ArrayIndexOutOfBoundsException'> (0x00000000d8036bc0) thrown at [C:\ade\jenkins\workspace\8-2-build-windows-amd64-cygwin\jdk8u241\331\hotspot\src\share\vm\runtime\sharedRuntime.cpp, line 605]
Event: 15.014 Thread 0x000000001b859800 Exception <a 'java/lang/ClassNotFoundException': java/lang/ObjectCustomizer> (0x00000000da3bd2a8) thrown at [C:\ade\jenkins\workspace\8-2-build-windows-amd64-cygwin\jdk8u241\331\hotspot\src\share\vm\classfile\systemDictionary.cpp, line 210]
Event: 15.014 Thread 0x000000001b859800 Exception <a 'java/lang/ArrayIndexOutOfBoundsException'> (0x00000000da3c05f0) thrown at [C:\ade\jenkins\workspace\8-2-build-windows-amd64-cygwin\jdk8u241\331\hotspot\src\share\vm\runtime\sharedRuntime.cpp, line 605]
Event: 15.016 Thread 0x000000001b859800 Exception <a 'java/lang/ClassNotFoundException': com/carry/recruitment/entity/StuCustomizer> (0x00000000da3d6fc8) thrown at [C:\ade\jenkins\workspace\8-2-build-windows-amd64-cygwin\jdk8u241\331\hotspot\src\share\vm\classfile\systemDictionary.cpp, line 210

Events (10 events):
Event: 16.374 loading class org/apache/catalina/ContainerEvent
Event: 16.374 loading class org/apache/catalina/ContainerEvent done
Event: 16.374 loading class org/apache/catalina/session/ManagerBase$SessionTiming
Event: 16.374 loading class org/apache/catalina/session/ManagerBase$SessionTiming done
Event: 16.375 loading class javax/servlet/http/RFC6265Validator
Event: 16.375 loading class javax/servlet/http/RFC6265Validator done
Event: 16.375 loading class javax/servlet/http/CookieNameValidator
Event: 16.375 loading class javax/servlet/http/CookieNameValidator done
Event: 16.376 loading class javax/servlet/http/HttpSessionBindingListener
Event: 16.376 loading class javax/servlet/http/HttpSessionBindingListener done


Dynamic libraries:
0x00007ff605750000 - 0x00007ff605787000 	C:\Program Files\Java\jdk1.8.0_241\bin\java.exe
0x00007fff59b30000 - 0x00007fff59d25000 	C:\WINDOWS\SYSTEM32\ntdll.dll
0x00007fff59a30000 - 0x00007fff59aed000 	C:\WINDOWS\System32\KERNEL32.DLL
0x00007fff573d0000 - 0x00007fff57698000 	C:\WINDOWS\System32\KERNELBASE.dll
0x00007fff598e0000 - 0x00007fff5998c000 	C:\WINDOWS\System32\ADVAPI32.dll
0x00007fff585c0000 - 0x00007fff5865e000 	C:\WINDOWS\System32\msvcrt.dll
0x00007fff59990000 - 0x00007fff59a2b000 	C:\WINDOWS\System32\sechost.dll
0x00007fff57e80000 - 0x00007fff57fab000 	C:\WINDOWS\System32\RPCRT4.dll
0x00007fff57c80000 - 0x00007fff57e20000 	C:\WINDOWS\System32\USER32.dll
0x00007fff57270000 - 0x00007fff57292000 	C:\WINDOWS\System32\win32u.dll
0x00007fff59480000 - 0x00007fff594aa000 	C:\WINDOWS\System32\GDI32.dll
0x00007fff57a80000 - 0x00007fff57b8b000 	C:\WINDOWS\System32\gdi32full.dll
0x00007fff576a0000 - 0x00007fff5773d000 	C:\WINDOWS\System32\msvcp_win.dll
0x00007fff578d0000 - 0x00007fff579d0000 	C:\WINDOWS\System32\ucrtbase.dll
0x00007fff457a0000 - 0x00007fff45a3a000 	C:\WINDOWS\WinSxS\amd64_microsoft.windows.common-controls_6595b64144ccf1df_6.0.19041.844_none_ca00b6081b84eb1d\COMCTL32.dll
0x00007fff57fb0000 - 0x00007fff57fe0000 	C:\WINDOWS\System32\IMM32.DLL
0x00000000695b0000 - 0x0000000069682000 	C:\Program Files\Java\jdk1.8.0_241\jre\bin\msvcr100.dll
0x00000000677b0000 - 0x000000006805c000 	C:\Program Files\Java\jdk1.8.0_241\jre\bin\server\jvm.dll
0x00007fff598d0000 - 0x00007fff598d8000 	C:\WINDOWS\System32\PSAPI.DLL
0x00007fff52130000 - 0x00007fff52139000 	C:\WINDOWS\SYSTEM32\WSOCK32.dll
0x00007fff58550000 - 0x00007fff585bb000 	C:\WINDOWS\System32\WS2_32.dll
0x00007fff43280000 - 0x00007fff432a7000 	C:\WINDOWS\SYSTEM32\WINMM.dll
0x00007fff4e790000 - 0x00007fff4e79a000 	C:\WINDOWS\SYSTEM32\VERSION.dll
0x00007fff52e30000 - 0x00007fff52e3f000 	C:\Program Files\Java\jdk1.8.0_241\jre\bin\verify.dll
0x00007fff52150000 - 0x00007fff52179000 	C:\Program Files\Java\jdk1.8.0_241\jre\bin\java.dll
0x00007fff4a070000 - 0x00007fff4a093000 	C:\Program Files\Java\jdk1.8.0_241\jre\bin\instrument.dll
0x00007fff51d10000 - 0x00007fff51d26000 	C:\Program Files\Java\jdk1.8.0_241\jre\bin\zip.dll
0x00007fff58ae0000 - 0x00007fff59222000 	C:\WINDOWS\System32\SHELL32.dll
0x00007fff553b0000 - 0x00007fff55b41000 	C:\WINDOWS\SYSTEM32\windows.storage.dll
0x00007fff594c0000 - 0x00007fff59815000 	C:\WINDOWS\System32\combase.dll
0x00007fff56ce0000 - 0x00007fff56d0c000 	C:\WINDOWS\SYSTEM32\Wldp.dll
0x00007fff59230000 - 0x00007fff592de000 	C:\WINDOWS\System32\SHCORE.dll
0x00007fff59420000 - 0x00007fff59475000 	C:\WINDOWS\System32\shlwapi.dll
0x00007fff571b0000 - 0x00007fff571cf000 	C:\WINDOWS\SYSTEM32\profapi.dll
0x00007fff44350000 - 0x00007fff4436a000 	D:\Program Files\JetBrains\IntelliJ IDEA 2021.1\bin\breakgen64.dll
0x00007fff44e70000 - 0x00007fff44e8a000 	C:\Program Files\Java\jdk1.8.0_241\jre\bin\net.dll
0x00007fff56a50000 - 0x00007fff56aba000 	C:\WINDOWS\system32\mswsock.dll
0x00007fff36a60000 - 0x00007fff36a93000 	C:\Program Files (x86)\Sangfor\SSL\ClientComponent\1_SangforNspX64.dll
0x00007fff58040000 - 0x00007fff5816a000 	C:\WINDOWS\System32\ole32.dll
0x00007fff57b90000 - 0x00007fff57c5d000 	C:\WINDOWS\System32\OLEAUT32.dll
0x00007fff56730000 - 0x00007fff567fc000 	C:\WINDOWS\SYSTEM32\DNSAPI.dll
0x00007fff566f0000 - 0x00007fff5672b000 	C:\WINDOWS\SYSTEM32\IPHLPAPI.DLL
0x00007fff594b0000 - 0x00007fff594b8000 	C:\WINDOWS\System32\NSI.dll
0x00007fff45660000 - 0x00007fff4566a000 	C:\Windows\System32\rasadhlp.dll
0x00007fff43820000 - 0x00007fff4389f000 	C:\WINDOWS\System32\fwpuclnt.dll
0x00007fff57740000 - 0x00007fff57767000 	C:\WINDOWS\System32\bcrypt.dll
0x00007fff52e10000 - 0x00007fff52e1d000 	C:\Program Files\Java\jdk1.8.0_241\jre\bin\management.dll
0x00007fff44830000 - 0x00007fff44842000 	C:\Program Files\Java\jdk1.8.0_241\jre\bin\nio.dll
0x00007fff56c20000 - 0x00007fff56c38000 	C:\WINDOWS\SYSTEM32\CRYPTSP.dll
0x00007fff56380000 - 0x00007fff563b4000 	C:\WINDOWS\system32\rsaenh.dll
0x00007fff57170000 - 0x00007fff5719e000 	C:\WINDOWS\SYSTEM32\USERENV.dll
0x00007fff572a0000 - 0x00007fff57320000 	C:\WINDOWS\System32\bcryptprimitives.dll
0x00007fff56c40000 - 0x00007fff56c4c000 	C:\WINDOWS\SYSTEM32\CRYPTBASE.dll
0x00007fff4aea0000 - 0x00007fff4aeb7000 	C:\WINDOWS\SYSTEM32\dhcpcsvc6.DLL
0x00007fff4ae80000 - 0x00007fff4ae9d000 	C:\WINDOWS\SYSTEM32\dhcpcsvc.DLL
0x00007fff30600000 - 0x00007fff30617000 	C:\WINDOWS\system32\napinsp.dll
0x00007fff305e0000 - 0x00007fff305fb000 	C:\WINDOWS\system32\pnrpnsp.dll
0x00007fff51590000 - 0x00007fff515a5000 	C:\WINDOWS\system32\wshbth.dll
0x00007fff52cd0000 - 0x00007fff52ced000 	C:\WINDOWS\system32\NLAapi.dll
0x00007fff305c0000 - 0x00007fff305d2000 	C:\WINDOWS\System32\winrnr.dll
0x00007fff3b2a0000 - 0x00007fff3b2c4000 	C:\Program Files\Java\jdk1.8.0_241\jre\bin\sunec.dll
0x00007fff52140000 - 0x00007fff5214b000 	C:\Program Files\Java\jdk1.8.0_241\jre\bin\sunmscapi.dll
0x00007fff57770000 - 0x00007fff578cf000 	C:\WINDOWS\System32\CRYPT32.dll
0x00007fff1ba20000 - 0x00007fff1bbe9000 	D:\Develop_env\lac4javawin\libiomp5md.dll
0x00007ffef7230000 - 0x00007ffefce50000 	D:\Develop_env\lac4javawin\mklml.dll
0x00007fff1d390000 - 0x00007fff1d47f000 	C:\WINDOWS\SYSTEM32\MSVCR120.dll
0x00007fff12aa0000 - 0x00007fff13832000 	D:\Develop_env\lac4javawin\mkldnn.dll
0x00007fff2fc70000 - 0x00007fff2fc99000 	C:\WINDOWS\SYSTEM32\VCOMP140.DLL
0x00007fff10c90000 - 0x00007fff12a94000 	D:\Develop_env\lac4javawin\lacjni.dll
0x00007fff303a0000 - 0x00007fff30584000 	C:\WINDOWS\SYSTEM32\dbghelp.dll

VM Arguments:
jvm_args: -Djava.library.path=D:\Develop_env\lac4javawin;D:\Program Files\Python3\Scripts -XX:TieredStopAtLevel=1 -Xverify:none -Dspring.output.ansi.enabled=always -javaagent:D:\Program Files\JetBrains\IntelliJ IDEA 2021.1\lib\idea_rt.jar=60560:D:\Program Files\JetBrains\IntelliJ IDEA 2021.1\bin -Dcom.sun.management.jmxremote -Dspring.jmx.enabled=true -Dspring.liveBeansView.mbeanDomain -Dspring.application.admin.enabled=true -Dfile.encoding=UTF-8 
java_command: com.carry.recruitment.RecruitmentApplication
java_class_path (initial): C:\Program Files\Java\jdk1.8.0_241\jre\lib\charsets.jar;C:\Program Files\Java\jdk1.8.0_241\jre\lib\deploy.jar;C:\Program Files\Java\jdk1.8.0_241\jre\lib\ext\access-bridge-64.jar;C:\Program Files\Java\jdk1.8.0_241\jre\lib\ext\cldrdata.jar;C:\Program Files\Java\jdk1.8.0_241\jre\lib\ext\dnsns.jar;C:\Program Files\Java\jdk1.8.0_241\jre\lib\ext\jaccess.jar;C:\Program Files\Java\jdk1.8.0_241\jre\lib\ext\jfxrt.jar;C:\Program Files\Java\jdk1.8.0_241\jre\lib\ext\localedata.jar;C:\Program Files\Java\jdk1.8.0_241\jre\lib\ext\nashorn.jar;C:\Program Files\Java\jdk1.8.0_241\jre\lib\ext\sunec.jar;C:\Program Files\Java\jdk1.8.0_241\jre\lib\ext\sunjce_provider.jar;C:\Program Files\Java\jdk1.8.0_241\jre\lib\ext\sunmscapi.jar;C:\Program Files\Java\jdk1.8.0_241\jre\lib\ext\sunpkcs11.jar;C:\Program Files\Java\jdk1.8.0_241\jre\lib\ext\zipfs.jar;C:\Program Files\Java\jdk1.8.0_241\jre\lib\javaws.jar;C:\Program Files\Java\jdk1.8.0_241\jre\lib\jce.jar;C:\Program Files\Java\jdk1.8.0_241\jre\lib\jfr.jar;C:\Program Files\Java\jdk1.8.0_241\jre\lib\jfxswt.jar;C:\Program Files\Java\jdk1.8.0_241\jre\lib\jsse.jar;C:\Program Files\Java\jdk1.8.0_241\jre\lib\management-agent.jar;C:\Program Files\Java\jdk1.8.0_241\jre\lib\plugin.jar;C:\Program Files\Java\jdk1.8.0_241\jre\lib\resources.jar;C:\Program Files\Java\jdk1.8.0_241\jre\lib\rt.jar;E:\IdeaProjects\Recruitment\target\classes;D:\Develop_env\rep\org\springframework\boot\spring-boot-starter-jdbc\2.4.4\spring-boot-starter-jdbc-2.4.4.jar;D:\Develop_env\rep\org\springframework\boot\spring-boot-starter\2.4.4\spring-boot-starter-2.4.4.jar;D:\Develop_env\rep\org\springframework\boot\spring-boot-starter-logging\2.4.4\spring-boot-starter-logging-2.4.4.jar;D:\Develop_env\rep\ch\qos\logback\logback-classic\1.2.3\logback-classic-1.2.3.jar;D:\Develop_env\lac4javawin;D:\Develop_env\rep\ch\qos\logback\logback-core\1.2.3\logback-core-1.2.3.jar;D:\Develop_env\rep\org\apache\logging\log4j\log4j-to-slf4j\2.13.3\log4j-to-slf4j-2.13.3.jar;D:\
Launcher Type: SUN_STANDARD

Environment Variables:
JAVA_HOME=C:\Program Files\Java\jdk1.8.0_241
CLASSPATH=.;C:\Program Files\Java\jdk1.8.0_241\lib;C:\Program Files\Java\jdk1.8.0_241\lib\tools.jar
PATH=C:\Program Files\Java\jdk1.8.0_241\bin;C:\Program Files\Java\jdk1.8.0_241\jre\bin;C:\Program Files (x86)\Common Files\Oracle\Java\javapath;C:\ProgramData\Oracle\Java\javapath;D:\Program Files\NetSarang\Xlpd 6\;D:\Program Files\NetSarang\Xftp 6\;D:\Program Files\NetSarang\Xshell 6\;D:\Program Files\NetSarang\Xmanager 6\;C:\Program Files (x86)\Intel\Intel(R) Management Engine Components\iCLS\;C:\Program Files\Intel\Intel(R) Management Engine Components\iCLS\;C:\Windows\system32;C:\Windows;C:\Windows\System32\Wbem;C:\Windows\System32\WindowsPowerShell\v1.0\;C:\Windows\System32\OpenSSH\;C:\Program Files (x86)\Intel\Intel(R) Management Engine Components\DAL;C:\Program Files\Intel\Intel(R) Management Engine Components\DAL;C:\Program Files (x86)\Intel\Intel(R) Management Engine Components\IPT;C:\Program Files\Intel\Intel(R) Management Engine Components\IPT;C:\Program Files (x86)\NVIDIA Corporation\PhysX\Common;C:\Program Files\NVIDIA Corporation\NVIDIA NvDLISR;C:\WINDOWS\system32;C:\WINDOWS;C:\WINDOWS\System32\Wbem;C:\WINDOWS\System32\WindowsPowerShell\v1.0\;C:\WINDOWS\System32\OpenSSH\;D:\xampp\php;D:\Program Files\Git\cmd;D:\Program Files\Python2;D:\Program Files\Python2\Scripts;D:\Program Files\Python3;D:\Program Files\Python3\Scripts;D:\Develop_env\apache-maven-3.6.3\bin;D:\Program Files\platform-tools;D:\Program Files\Python3\Scripts\;D:\Program Files\Python3\;C:\Users\zkl90\AppData\Local\Programs\Python\Python37\Scripts\;C:\Users\zkl90\AppData\Local\Programs\Python\Python37\;C:\Users\zkl90\AppData\Local\Microsoft\WindowsApps;D:\Program Files\BandZip\;C:\Users\zkl90\AppData\Roaming\nvm;C:\Program Files\nodejs;D:\Program Files\IntelliJ IDEA 2019.3.2\bin;;C:\Users\zkl90\AppData\Local\Microsoft\WindowsApps
USERNAME=zkl90
OS=Windows_NT
PROCESSOR_IDENTIFIER=Intel64 Family 6 Model 142 Stepping 9, GenuineIntel



---------------  S Y S T E M  ---------------

OS: Windows 10.0 , 64 bit Build 19041 (10.0.19041.928)

CPU:total 4 (initial active 4) (2 cores per cpu, 2 threads per core) family 6 model 142 stepping 9, cmov, cx8, fxsr, mmx, sse, sse2, sse3, ssse3, sse4.1, sse4.2, popcnt, avx, avx2, aes, clmul, erms, 3dnowpref, lzcnt, ht, tsc, tscinvbit, bmi1, bmi2, adx

Memory: 4k page, physical 8295652k(2007680k free), swap 8295652k(717772k free)

vm_info: Java HotSpot(TM) 64-Bit Server VM (25.241-b07) for windows-amd64 JRE (1.8.0_241-b07), built on Dec 11 2019 10:21:40 by "rejava" with MS VC++ 10.0 (VS2010)

time: Sat Apr 17 19:41:04 2021
timezone: 中国标准时间
elapsed time: 16 seconds (0d 0h 0m 16s)

