#
# A fatal error has been detected by the Java Runtime Environment:
#
#  EXCEPTION_UNCAUGHT_CXX_EXCEPTION (0xe06d7363) at pc=0x00007ffa31e04b59, pid=2808, tid=0x0000000000002bf4
#
# JRE version: Java(TM) SE Runtime Environment (8.0_241-b07) (build 1.8.0_241-b07)
# Java VM: Java HotSpot(TM) 64-Bit Server VM (25.241-b07 mixed mode windows-amd64 compressed oops)
# Problematic frame:
# C  [KERNELBASE.dll+0x34b59]
#
# Failed to write core dump. Minidumps are not enabled by default on client versions of Windows
#
# If you would like to submit a bug report, please visit:
#   http://bugreport.java.com/bugreport/crash.jsp
# The crash happened outside the Java Virtual Machine in native code.
# See problematic frame for where to report the bug.
#

---------------  T H R E A D  ---------------

Current thread (0x000000001b408000):  JavaThread "http-nio-80-exec-1" daemon [_thread_in_native, id=11252, stack(0x000000001d510000,0x000000001d610000)]

siginfo: ExceptionCode=0xe06d7363, ExceptionInformation=0x0000000019930520 0x000000001d60c620 0x00007ff9e8b3ef78 0x00007ff9e7120000 

Registers:
RAX=0x0000000000000000, RBX=0x00007ff9e8b3ef78, RCX=0x0000000000000000, RDX=0x0000000000000000
RSP=0x000000001d60a010, RBP=0x000000001d60c430, RSI=0x000000001d60c620, RDI=0x0000000019930520
R8 =0x0000000000000000, R9 =0x0000000000000000, R10=0x0000000000000000, R11=0x0000000000000000
R12=0x000000001d60a220, R13=0x0000000000000000, R14=0x000000001d60b098, R15=0x0000000000000000
RIP=0x00007ffa31e04b59, EFLAGS=0x0000000000000202

Top of Stack: (sp=0x000000001d60a010)
0x000000001d60a010:   0000000000000000 00007ff9e8b3ef78
0x000000001d60a020:   000000001d60c620 00007ff9e83f97c0
0x000000001d60a030:   00000001e06d7363 0000000000000000
0x000000001d60a040:   00007ffa31e04b59 0000000000000004
0x000000001d60a050:   0000000019930520 000000001d60c620
0x000000001d60a060:   00007ff9e8b3ef78 00007ff9e7120000
0x000000001d60a070:   0000000000000000 000000001d60a220
0x000000001d60a080:   000000001d60c620 000000001d60c430
0x000000001d60a090:   000000001d60a110 00007ffa34644a5f
0x000000001d60a0a0:   0000000019930520 0000000000000000
0x000000001d60a0b0:   000000001d60af30 00007ff9e7161293
0x000000001d60a0c0:   00007ff9e8e39000 00007ff9e7120000
0x000000001d60a0d0:   00008dfcfc4c32bc 00007ffa00000004
0x000000001d60a0e0:   00007ff9e8b3ef78 00007ff9e83d37ac
0x000000001d60a0f0:   000000001d60c620 00007ff9e8548010
0x000000001d60a100:   000000001d60c460 fffffffffffffffe 

Instructions: (pc=0x00007ffa31e04b59)
0x00007ffa31e04b39:   8b d1 44 0f 47 c0 44 89 44 24 38 49 c1 e0 03 e8
0x00007ffa31e04b49:   9a d1 05 00 48 8d 4c 24 20 48 ff 15 af 9f 18 00
0x00007ffa31e04b59:   0f 1f 44 00 00 48 8b 8c 24 c0 00 00 00 48 33 cc
0x00007ffa31e04b69:   e8 72 95 05 00 48 81 c4 d8 00 00 00 c3 cc 83 64 


Register to memory mapping:

RAX=0x0000000000000000 is an unknown value
RBX=0x00007ff9e8b3ef78 is an unknown value
RCX=0x0000000000000000 is an unknown value
RDX=0x0000000000000000 is an unknown value
RSP=0x000000001d60a010 is pointing into the stack for thread: 0x000000001b408000
RBP=0x000000001d60c430 is pointing into the stack for thread: 0x000000001b408000
RSI=0x000000001d60c620 is pointing into the stack for thread: 0x000000001b408000
RDI=0x0000000019930520 is an unknown value
R8 =0x0000000000000000 is an unknown value
R9 =0x0000000000000000 is an unknown value
R10=0x0000000000000000 is an unknown value
R11=0x0000000000000000 is an unknown value
R12=0x000000001d60a220 is pointing into the stack for thread: 0x000000001b408000
R13=0x0000000000000000 is an unknown value
R14=0x000000001d60b098 is pointing into the stack for thread: 0x000000001b408000
R15=0x0000000000000000 is an unknown value


Stack: [0x000000001d510000,0x000000001d610000],  sp=0x000000001d60a010,  free space=1000k
Native frames: (J=compiled Java code, j=interpreted, Vv=VM code, C=native code)
C  [KERNELBASE.dll+0x34b59]
C  [lacjni.dll+0x12b37ac]
C  [lacjni.dll+0x130b721]
C  [lacjni.dll+0x12c03e0]
C  [lacjni.dll+0x12b7f0c]
C  [ntdll.dll+0xa1406]
C  [lacjni.dll+0x54895]
C  [lacjni.dll+0x567e6]
C  [lacjni.dll+0x5467b]
C  [lacjni.dll+0x4a2a8]
C  [lacjni.dll+0x4a366]
C  [lacjni.dll+0x2e514]
C  [lacjni.dll+0x3d6c2]
C  0x0000000002878c67

Java frames: (J=compiled Java code, j=interpreted, Vv=VM code)
j  com.baidu.nlp.LAC.init(Ljava/lang/String;)V+0
j  com.baidu.nlp.LAC.<init>(Ljava/lang/String;)V+6
j  com.carry.recruitment.util.LacUtil.run(Ljava/lang/String;)Lcom/carry/recruitment/entity/Lac;+6
j  com.carry.recruitment.controller.StuController.index(Lorg/springframework/ui/Model;Lcom/carry/recruitment/entity/Stu;Ljavax/servlet/http/HttpServletRequest;)Ljava/lang/String;+2
v  ~StubRoutines::call_stub
J 2078  sun.reflect.NativeMethodAccessorImpl.invoke0(Ljava/lang/reflect/Method;Ljava/lang/Object;[Ljava/lang/Object;)Ljava/lang/Object; (0 bytes) @ 0x0000000002c991bf [0x0000000002c99140+0x7f]
J 1754 C1 sun.reflect.NativeMethodAccessorImpl.invoke(Ljava/lang/Object;[Ljava/lang/Object;)Ljava/lang/Object; (104 bytes) @ 0x0000000002c14cdc [0x0000000002c14960+0x37c]
J 1733 C1 sun.reflect.DelegatingMethodAccessorImpl.invoke(Ljava/lang/Object;[Ljava/lang/Object;)Ljava/lang/Object; (10 bytes) @ 0x0000000002c0e764 [0x0000000002c0e720+0x44]
J 1732 C1 java.lang.reflect.Method.invoke(Ljava/lang/Object;[Ljava/lang/Object;)Ljava/lang/Object; (62 bytes) @ 0x0000000002c0e394 [0x0000000002c0e2a0+0xf4]
j  org.springframework.web.method.support.InvocableHandlerMethod.doInvoke([Ljava/lang/Object;)Ljava/lang/Object;+32
j  org.springframework.web.method.support.InvocableHandlerMethod.invokeForRequest(Lorg/springframework/web/context/request/NativeWebRequest;Lorg/springframework/web/method/support/ModelAndViewContainer;[Ljava/lang/Object;)Ljava/lang/Object;+54
j  org.springframework.web.servlet.mvc.method.annotation.ServletInvocableHandlerMethod.invokeAndHandle(Lorg/springframework/web/context/request/ServletWebRequest;Lorg/springframework/web/method/support/ModelAndViewContainer;[Ljava/lang/Object;)V+4
j  org.springframework.web.servlet.mvc.method.annotation.RequestMappingHandlerAdapter.invokeHandlerMethod(Ljavax/servlet/http/HttpServletRequest;Ljavax/servlet/http/HttpServletResponse;Lorg/springframework/web/method/HandlerMethod;)Lorg/springframework/web/servlet/ModelAndView;+244
j  org.springframework.web.servlet.mvc.method.annotation.RequestMappingHandlerAdapter.handleInternal(Ljavax/servlet/http/HttpServletRequest;Ljavax/servlet/http/HttpServletResponse;Lorg/springframework/web/method/HandlerMethod;)Lorg/springframework/web/servlet/ModelAndView;+81
j  org.springframework.web.servlet.mvc.method.AbstractHandlerMethodAdapter.handle(Ljavax/servlet/http/HttpServletRequest;Ljavax/servlet/http/HttpServletResponse;Ljava/lang/Object;)Lorg/springframework/web/servlet/ModelAndView;+7
j  org.springframework.web.servlet.DispatcherServlet.doDispatch(Ljavax/servlet/http/HttpServletRequest;Ljavax/servlet/http/HttpServletResponse;)V+257
j  org.springframework.web.servlet.DispatcherServlet.doService(Ljavax/servlet/http/HttpServletRequest;Ljavax/servlet/http/HttpServletResponse;)V+241
j  org.springframework.web.servlet.FrameworkServlet.processRequest(Ljavax/servlet/http/HttpServletRequest;Ljavax/servlet/http/HttpServletResponse;)V+71
j  org.springframework.web.servlet.FrameworkServlet.doGet(Ljavax/servlet/http/HttpServletRequest;Ljavax/servlet/http/HttpServletResponse;)V+3
j  javax.servlet.http.HttpServlet.service(Ljavax/servlet/http/HttpServletRequest;Ljavax/servlet/http/HttpServletResponse;)V+35
j  org.springframework.web.servlet.FrameworkServlet.service(Ljavax/servlet/http/HttpServletRequest;Ljavax/servlet/http/HttpServletResponse;)V+33
j  javax.servlet.http.HttpServlet.service(Ljavax/servlet/ServletRequest;Ljavax/servlet/ServletResponse;)V+36
j  org.apache.catalina.core.ApplicationFilterChain.internalDoFilter(Ljavax/servlet/ServletRequest;Ljavax/servlet/ServletResponse;)V+304
j  org.apache.catalina.core.ApplicationFilterChain.doFilter(Ljavax/servlet/ServletRequest;Ljavax/servlet/ServletResponse;)V+99
j  org.apache.tomcat.websocket.server.WsFilter.doFilter(Ljavax/servlet/ServletRequest;Ljavax/servlet/ServletResponse;Ljavax/servlet/FilterChain;)V+21
j  org.apache.catalina.core.ApplicationFilterChain.internalDoFilter(Ljavax/servlet/ServletRequest;Ljavax/servlet/ServletResponse;)V+135
j  org.apache.catalina.core.ApplicationFilterChain.doFilter(Ljavax/servlet/ServletRequest;Ljavax/servlet/ServletResponse;)V+99
j  org.springframework.web.filter.RequestContextFilter.doFilterInternal(Ljavax/servlet/http/HttpServletRequest;Ljavax/servlet/http/HttpServletResponse;Ljavax/servlet/FilterChain;)V+21
j  org.springframework.web.filter.OncePerRequestFilter.doFilter(Ljavax/servlet/ServletRequest;Ljavax/servlet/ServletResponse;Ljavax/servlet/FilterChain;)V+147
j  org.apache.catalina.core.ApplicationFilterChain.internalDoFilter(Ljavax/servlet/ServletRequest;Ljavax/servlet/ServletResponse;)V+135
j  org.apache.catalina.core.ApplicationFilterChain.doFilter(Ljavax/servlet/ServletRequest;Ljavax/servlet/ServletResponse;)V+99
j  org.springframework.web.filter.FormContentFilter.doFilterInternal(Ljavax/servlet/http/HttpServletRequest;Ljavax/servlet/http/HttpServletResponse;Ljavax/servlet/FilterChain;)V+38
j  org.springframework.web.filter.OncePerRequestFilter.doFilter(Ljavax/servlet/ServletRequest;Ljavax/servlet/ServletResponse;Ljavax/servlet/FilterChain;)V+147
j  org.apache.catalina.core.ApplicationFilterChain.internalDoFilter(Ljavax/servlet/ServletRequest;Ljavax/servlet/ServletResponse;)V+135
j  org.apache.catalina.core.ApplicationFilterChain.doFilter(Ljavax/servlet/ServletRequest;Ljavax/servlet/ServletResponse;)V+99
j  org.springframework.web.filter.CharacterEncodingFilter.doFilterInternal(Ljavax/servlet/http/HttpServletRequest;Ljavax/servlet/http/HttpServletResponse;Ljavax/servlet/FilterChain;)V+53
j  org.springframework.web.filter.OncePerRequestFilter.doFilter(Ljavax/servlet/ServletRequest;Ljavax/servlet/ServletResponse;Ljavax/servlet/FilterChain;)V+147
j  org.apache.catalina.core.ApplicationFilterChain.internalDoFilter(Ljavax/servlet/ServletRequest;Ljavax/servlet/ServletResponse;)V+135
j  org.apache.catalina.core.ApplicationFilterChain.doFilter(Ljavax/servlet/ServletRequest;Ljavax/servlet/ServletResponse;)V+99
j  org.apache.catalina.core.StandardWrapperValve.invoke(Lorg/apache/catalina/connector/Request;Lorg/apache/catalina/connector/Response;)V+694
j  org.apache.catalina.core.StandardContextValve.invoke(Lorg/apache/catalina/connector/Request;Lorg/apache/catalina/connector/Response;)V+169
j  org.apache.catalina.authenticator.AuthenticatorBase.invoke(Lorg/apache/catalina/connector/Request;Lorg/apache/catalina/connector/Response;)V+260
j  org.apache.catalina.core.StandardHostValve.invoke(Lorg/apache/catalina/connector/Request;Lorg/apache/catalina/connector/Response;)V+128
j  org.apache.catalina.valves.ErrorReportValve.invoke(Lorg/apache/catalina/connector/Request;Lorg/apache/catalina/connector/Response;)V+6
j  org.apache.catalina.core.StandardEngineValve.invoke(Lorg/apache/catalina/connector/Request;Lorg/apache/catalina/connector/Response;)V+59
j  org.apache.catalina.connector.CoyoteAdapter.service(Lorg/apache/coyote/Request;Lorg/apache/coyote/Response;)V+199
j  org.apache.coyote.http11.Http11Processor.service(Lorg/apache/tomcat/util/net/SocketWrapperBase;)Lorg/apache/tomcat/util/net/AbstractEndpoint$Handler$SocketState;+737
j  org.apache.coyote.AbstractProcessorLight.process(Lorg/apache/tomcat/util/net/SocketWrapperBase;Lorg/apache/tomcat/util/net/SocketEvent;)Lorg/apache/tomcat/util/net/AbstractEndpoint$Handler$SocketState;+170
j  org.apache.coyote.AbstractProtocol$ConnectionHandler.process(Lorg/apache/tomcat/util/net/SocketWrapperBase;Lorg/apache/tomcat/util/net/SocketEvent;)Lorg/apache/tomcat/util/net/AbstractEndpoint$Handler$SocketState;+505
j  org.apache.tomcat.util.net.NioEndpoint$SocketProcessor.doRun()V+216
j  org.apache.tomcat.util.net.SocketProcessorBase.run()V+21
j  java.util.concurrent.ThreadPoolExecutor.runWorker(Ljava/util/concurrent/ThreadPoolExecutor$Worker;)V+95
j  java.util.concurrent.ThreadPoolExecutor$Worker.run()V+5
j  org.apache.tomcat.util.threads.TaskThread$WrappingRunnable.run()V+4
j  java.lang.Thread.run()V+11
v  ~StubRoutines::call_stub

---------------  P R O C E S S  ---------------

Java Threads: ( => current thread )
  0x000000001b76f000 JavaThread "RMI TCP Connection(3)-10.183.0.30" daemon [_thread_in_native, id=10536, stack(0x0000000019c90000,0x0000000019d90000)]
  0x000000001b76e000 JavaThread "DestroyJavaVM" [_thread_blocked, id=9944, stack(0x00000000024a0000,0x00000000025a0000)]
  0x000000001b76c800 JavaThread "http-nio-80-Acceptor" daemon [_thread_in_native, id=7776, stack(0x000000001e010000,0x000000001e110000)]
  0x000000001b76d800 JavaThread "http-nio-80-ClientPoller" daemon [_thread_in_native, id=3712, stack(0x000000001df10000,0x000000001e010000)]
  0x000000001b767800 JavaThread "http-nio-80-exec-10" daemon [_thread_blocked, id=7912, stack(0x000000001de10000,0x000000001df10000)]
  0x000000001b76c000 JavaThread "http-nio-80-exec-9" daemon [_thread_blocked, id=7980, stack(0x000000001dd10000,0x000000001de10000)]
  0x000000001b76a800 JavaThread "http-nio-80-exec-8" daemon [_thread_blocked, id=3576, stack(0x000000001dc10000,0x000000001dd10000)]
  0x000000001b76b000 JavaThread "http-nio-80-exec-7" daemon [_thread_blocked, id=3548, stack(0x000000001db10000,0x000000001dc10000)]
  0x000000001b769800 JavaThread "http-nio-80-exec-6" daemon [_thread_blocked, id=8016, stack(0x000000001da10000,0x000000001db10000)]
  0x000000001b769000 JavaThread "http-nio-80-exec-5" daemon [_thread_blocked, id=7928, stack(0x000000001d910000,0x000000001da10000)]
  0x000000001b409000 JavaThread "http-nio-80-exec-4" daemon [_thread_blocked, id=7964, stack(0x000000001d810000,0x000000001d910000)]
  0x000000001b407800 JavaThread "http-nio-80-exec-3" daemon [_thread_blocked, id=9912, stack(0x000000001d710000,0x000000001d810000)]
  0x000000001b406800 JavaThread "http-nio-80-exec-2" daemon [_thread_blocked, id=8788, stack(0x000000001d610000,0x000000001d710000)]
=>0x000000001b408000 JavaThread "http-nio-80-exec-1" daemon [_thread_in_native, id=11252, stack(0x000000001d510000,0x000000001d610000)]
  0x000000001b403000 JavaThread "http-nio-80-BlockPoller" daemon [_thread_in_native, id=11772, stack(0x000000001d110000,0x000000001d210000)]
  0x000000001b403800 JavaThread "Live Reload Server" daemon [_thread_in_native, id=11796, stack(0x000000001d210000,0x000000001d310000)]
  0x000000001b402000 JavaThread "File Watcher" daemon [_thread_blocked, id=11752, stack(0x000000001cd10000,0x000000001ce10000)]
  0x000000001b406000 JavaThread "Druid-ConnectionPool-Destroy-1311283965" daemon [_thread_blocked, id=9796, stack(0x000000001ca10000,0x000000001cb10000)]
  0x000000001b404800 JavaThread "Druid-ConnectionPool-Create-1311283965" daemon [_thread_blocked, id=11804, stack(0x000000001c910000,0x000000001ca10000)]
  0x000000001b405000 JavaThread "mysql-cj-abandoned-connection-cleanup" daemon [_thread_blocked, id=5016, stack(0x000000001c610000,0x000000001c710000)]
  0x000000001b332800 JavaThread "container-0" [_thread_blocked, id=4464, stack(0x000000001c510000,0x000000001c610000)]
  0x000000001b332000 JavaThread "Catalina-utility-2" [_thread_blocked, id=10692, stack(0x000000001aa40000,0x000000001ab40000)]
  0x000000001b331000 JavaThread "Catalina-utility-1" [_thread_blocked, id=10680, stack(0x000000001a540000,0x000000001a640000)]
  0x0000000019aad000 JavaThread "RMI Scheduler(0)" daemon [_thread_blocked, id=3320, stack(0x000000001a940000,0x000000001aa40000)]
  0x000000001891a000 JavaThread "RMI TCP Connection(idle)" daemon [_thread_blocked, id=3460, stack(0x000000001a840000,0x000000001a940000)]
  0x0000000019512800 JavaThread "RMI TCP Accept-0" daemon [_thread_in_native, id=3944, stack(0x0000000019230000,0x0000000019330000)]
  0x0000000018a50800 JavaThread "Service Thread" daemon [_thread_blocked, id=2936, stack(0x0000000019130000,0x0000000019230000)]
  0x0000000018a3f000 JavaThread "C1 CompilerThread2" daemon [_thread_blocked, id=3656, stack(0x0000000019030000,0x0000000019130000)]
  0x00000000189ed800 JavaThread "C2 CompilerThread1" daemon [_thread_blocked, id=3136, stack(0x0000000018f30000,0x0000000019030000)]
  0x00000000189d7000 JavaThread "C2 CompilerThread0" daemon [_thread_blocked, id=4868, stack(0x0000000018e30000,0x0000000018f30000)]
  0x00000000189b9000 JavaThread "Monitor Ctrl-Break" daemon [_thread_in_native, id=3368, stack(0x0000000018d30000,0x0000000018e30000)]
  0x0000000018772800 JavaThread "Attach Listener" daemon [_thread_blocked, id=9844, stack(0x0000000018c30000,0x0000000018d30000)]
  0x00000000173d3000 JavaThread "Signal Dispatcher" daemon [_thread_blocked, id=5180, stack(0x0000000018b30000,0x0000000018c30000)]
  0x000000000285e000 JavaThread "Finalizer" daemon [_thread_blocked, id=9848, stack(0x0000000018630000,0x0000000018730000)]
  0x0000000002855000 JavaThread "Reference Handler" daemon [_thread_blocked, id=10184, stack(0x0000000018530000,0x0000000018630000)]

Other Threads:
  0x0000000017387800 VMThread [stack: 0x0000000018430000,0x0000000018530000] [id=1080]
  0x000000001951b800 WatcherThread [stack: 0x0000000019b90000,0x0000000019c90000] [id=3780]

VM state:not at safepoint (normal execution)

VM Mutex/Monitor currently owned by a thread: None

heap address: 0x0000000081600000, size: 2026 MB, Compressed Oops mode: 32-bit
Narrow klass base: 0x0000000000000000, Narrow klass shift: 3
Compressed class space size: 1073741824 Address: 0x0000000100000000

Heap:
 PSYoungGen      total 246784K, used 71720K [0x00000000d5d00000, 0x00000000e6200000, 0x0000000100000000)
  eden space 235008K, 30% used [0x00000000d5d00000,0x00000000da30a350,0x00000000e4280000)
  from space 11776K, 0% used [0x00000000e4d80000,0x00000000e4d80000,0x00000000e5900000)
  to   space 11264K, 0% used [0x00000000e4280000,0x00000000e4280000,0x00000000e4d80000)
 ParOldGen       total 61952K, used 13651K [0x0000000081600000, 0x0000000085280000, 0x00000000d5d00000)
  object space 61952K, 22% used [0x0000000081600000,0x0000000082354cc8,0x0000000085280000)
 Metaspace       used 37301K, capacity 39792K, committed 39808K, reserved 1083392K
  class space    used 5027K, capacity 5489K, committed 5504K, reserved 1048576K

Card table byte_map: [0x0000000011c20000,0x0000000012020000] byte_map_base: 0x0000000011815000

Marking Bits: (ParMarkBitMap*) 0x000000006e60be30
 Begin Bits: [0x00000000126d0000, 0x0000000014678000)
 End Bits:   [0x0000000014678000, 0x0000000016620000)

Polling page: 0x00000000007d0000

CodeCache: size=245760Kb used=7318Kb max_used=7318Kb free=238441Kb
 bounds [0x0000000002860000, 0x0000000002f90000, 0x0000000011860000]
 total_blobs=4141 nmethods=3676 adapters=377
 compilation: enabled

Compilation events (10 events):
Event: 21.541 Thread 0x0000000018a3f000 3670       1       org.springframework.core.OrderComparator::getOrder (22 bytes)
Event: 21.541 Thread 0x0000000018a3f000 nmethod 3670 0x0000000002f82dd0 code [0x0000000002f82f40, 0x0000000002f830a8]
Event: 21.541 Thread 0x0000000018a3f000 3672       1       org.springframework.core.annotation.AnnotationAwareOrderComparator::findOrder (18 bytes)
Event: 21.542 Thread 0x0000000018a3f000 nmethod 3672 0x0000000002f83150 code [0x0000000002f832e0, 0x0000000002f83548]
Event: 21.558 Thread 0x0000000018a3f000 3673       1       org.apache.tomcat.util.http.MimeHeaderField::getName (5 bytes)
Event: 21.559 Thread 0x0000000018a3f000 nmethod 3673 0x0000000002f83650 code [0x0000000002f837a0, 0x0000000002f838b0]
Event: 21.568 Thread 0x0000000018a3f000 3675       1       java.lang.invoke.InvokerBytecodeGenerator::emitStaticInvoke (246 bytes)
Event: 21.570 Thread 0x0000000018a3f000 nmethod 3675 0x0000000002f83a90 code [0x0000000002f83d00, 0x0000000002f84618]
Event: 21.571 Thread 0x0000000018a3f000 3676       1       java.lang.invoke.InvokerBytecodeGenerator::refKindOpcode (112 bytes)
Event: 21.571 Thread 0x0000000018a3f000 nmethod 3676 0x0000000002f85110 code [0x0000000002f852c0, 0x0000000002f85738]

GC Heap History (10 events):
Event: 4.043 GC heap before
{Heap before GC invocations=6 (full 1):
 PSYoungGen      total 71680K, used 5101K [0x00000000d5d00000, 0x00000000df200000, 0x0000000100000000)
  eden space 66560K, 0% used [0x00000000d5d00000,0x00000000d5d00000,0x00000000d9e00000)
  from space 5120K, 99% used [0x00000000d9e00000,0x00000000da2fb6e8,0x00000000da300000)
  to   space 9728K, 0% used [0x00000000de880000,0x00000000de880000,0x00000000df200000)
 ParOldGen       total 87552K, used 7063K [0x0000000081600000, 0x0000000086b80000, 0x00000000d5d00000)
  object space 87552K, 8% used [0x0000000081600000,0x0000000081ce5ed0,0x0000000086b80000)
 Metaspace       used 20215K, capacity 21232K, committed 21296K, reserved 1067008K
  class space    used 2682K, capacity 2925K, committed 2944K, reserved 1048576K
Event: 4.085 GC heap after
Heap after GC invocations=6 (full 1):
 PSYoungGen      total 71680K, used 0K [0x00000000d5d00000, 0x00000000df200000, 0x0000000100000000)
  eden space 66560K, 0% used [0x00000000d5d00000,0x00000000d5d00000,0x00000000d9e00000)
  from space 5120K, 0% used [0x00000000d9e00000,0x00000000d9e00000,0x00000000da300000)
  to   space 9728K, 0% used [0x00000000de880000,0x00000000de880000,0x00000000df200000)
 ParOldGen       total 47104K, used 6355K [0x0000000081600000, 0x0000000084400000, 0x00000000d5d00000)
  object space 47104K, 13% used [0x0000000081600000,0x0000000081c34d10,0x0000000084400000)
 Metaspace       used 20215K, capacity 21232K, committed 21296K, reserved 1067008K
  class space    used 2682K, capacity 2925K, committed 2944K, reserved 1048576K
}
Event: 4.665 GC heap before
{Heap before GC invocations=7 (full 1):
 PSYoungGen      total 71680K, used 66560K [0x00000000d5d00000, 0x00000000df200000, 0x0000000100000000)
  eden space 66560K, 100% used [0x00000000d5d00000,0x00000000d9e00000,0x00000000d9e00000)
  from space 5120K, 0% used [0x00000000d9e00000,0x00000000d9e00000,0x00000000da300000)
  to   space 9728K, 0% used [0x00000000de880000,0x00000000de880000,0x00000000df200000)
 ParOldGen       total 47104K, used 6355K [0x0000000081600000, 0x0000000084400000, 0x00000000d5d00000)
  object space 47104K, 13% used [0x0000000081600000,0x0000000081c34d10,0x0000000084400000)
 Metaspace       used 23282K, capacity 24658K, committed 24704K, reserved 1071104K
  class space    used 3139K, capacity 3439K, committed 3456K, reserved 1048576K
Event: 4.670 GC heap after
Heap after GC invocations=7 (full 1):
 PSYoungGen      total 132096K, used 5823K [0x00000000d5d00000, 0x00000000dee80000, 0x0000000100000000)
  eden space 125952K, 0% used [0x00000000d5d00000,0x00000000d5d00000,0x00000000dd800000)
  from space 6144K, 94% used [0x00000000de880000,0x00000000dee2fcd8,0x00000000dee80000)
  to   space 9216K, 0% used [0x00000000ddc80000,0x00000000ddc80000,0x00000000de580000)
 ParOldGen       total 47104K, used 6363K [0x0000000081600000, 0x0000000084400000, 0x00000000d5d00000)
  object space 47104K, 13% used [0x0000000081600000,0x0000000081c36d10,0x0000000084400000)
 Metaspace       used 23282K, capacity 24658K, committed 24704K, reserved 1071104K
  class space    used 3139K, capacity 3439K, committed 3456K, reserved 1048576K
}
Event: 5.788 GC heap before
{Heap before GC invocations=8 (full 1):
 PSYoungGen      total 132096K, used 131775K [0x00000000d5d00000, 0x00000000dee80000, 0x0000000100000000)
  eden space 125952K, 100% used [0x00000000d5d00000,0x00000000dd800000,0x00000000dd800000)
  from space 6144K, 94% used [0x00000000de880000,0x00000000dee2fcd8,0x00000000dee80000)
  to   space 9216K, 0% used [0x00000000ddc80000,0x00000000ddc80000,0x00000000de580000)
 ParOldGen       total 47104K, used 6363K [0x0000000081600000, 0x0000000084400000, 0x00000000d5d00000)
  object space 47104K, 13% used [0x0000000081600000,0x0000000081c36d10,0x0000000084400000)
 Metaspace       used 32751K, capacity 34674K, committed 34944K, reserved 1079296K
  class space    used 4337K, capacity 4697K, committed 4736K, reserved 1048576K
Event: 5.802 GC heap after
Heap after GC invocations=8 (full 1):
 PSYoungGen      total 139776K, used 9186K [0x00000000d5d00000, 0x00000000e5900000, 0x0000000100000000)
  eden space 130560K, 0% used [0x00000000d5d00000,0x00000000d5d00000,0x00000000ddc80000)
  from space 9216K, 99% used [0x00000000ddc80000,0x00000000de578a58,0x00000000de580000)
  to   space 11776K, 0% used [0x00000000e4d80000,0x00000000e4d80000,0x00000000e5900000)
 ParOldGen       total 47104K, used 8790K [0x0000000081600000, 0x0000000084400000, 0x00000000d5d00000)
  object space 47104K, 18% used [0x0000000081600000,0x0000000081e958f0,0x0000000084400000)
 Metaspace       used 32751K, capacity 34674K, committed 34944K, reserved 1079296K
  class space    used 4337K, capacity 4697K, committed 4736K, reserved 1048576K
}
Event: 5.897 GC heap before
{Heap before GC invocations=9 (full 1):
 PSYoungGen      total 139776K, used 23035K [0x00000000d5d00000, 0x00000000e5900000, 0x0000000100000000)
  eden space 130560K, 10% used [0x00000000d5d00000,0x00000000d6a86558,0x00000000ddc80000)
  from space 9216K, 99% used [0x00000000ddc80000,0x00000000de578a58,0x00000000de580000)
  to   space 11776K, 0% used [0x00000000e4d80000,0x00000000e4d80000,0x00000000e5900000)
 ParOldGen       total 47104K, used 8790K [0x0000000081600000, 0x0000000084400000, 0x00000000d5d00000)
  object space 47104K, 18% used [0x0000000081600000,0x0000000081e958f0,0x0000000084400000)
 Metaspace       used 33361K, capacity 35362K, committed 35496K, reserved 1079296K
  class space    used 4423K, capacity 4789K, committed 4864K, reserved 1048576K
Event: 5.907 GC heap after
Heap after GC invocations=9 (full 1):
 PSYoungGen      total 246784K, used 8074K [0x00000000d5d00000, 0x00000000e6200000, 0x0000000100000000)
  eden space 235008K, 0% used [0x00000000d5d00000,0x00000000d5d00000,0x00000000e4280000)
  from space 11776K, 68% used [0x00000000e4d80000,0x00000000e5562950,0x00000000e5900000)
  to   space 11264K, 0% used [0x00000000e4280000,0x00000000e4280000,0x00000000e4d80000)
 ParOldGen       total 47104K, used 8798K [0x0000000081600000, 0x0000000084400000, 0x00000000d5d00000)
  object space 47104K, 18% used [0x0000000081600000,0x0000000081e978f0,0x0000000084400000)
 Metaspace       used 33361K, capacity 35362K, committed 35496K, reserved 1079296K
  class space    used 4423K, capacity 4789K, committed 4864K, reserved 1048576K
}
Event: 5.907 GC heap before
{Heap before GC invocations=10 (full 2):
 PSYoungGen      total 246784K, used 8074K [0x00000000d5d00000, 0x00000000e6200000, 0x0000000100000000)
  eden space 235008K, 0% used [0x00000000d5d00000,0x00000000d5d00000,0x00000000e4280000)
  from space 11776K, 68% used [0x00000000e4d80000,0x00000000e5562950,0x00000000e5900000)
  to   space 11264K, 0% used [0x00000000e4280000,0x00000000e4280000,0x00000000e4d80000)
 ParOldGen       total 47104K, used 8798K [0x0000000081600000, 0x0000000084400000, 0x00000000d5d00000)
  object space 47104K, 18% used [0x0000000081600000,0x0000000081e978f0,0x0000000084400000)
 Metaspace       used 33361K, capacity 35362K, committed 35496K, reserved 1079296K
  class space    used 4423K, capacity 4789K, committed 4864K, reserved 1048576K
Event: 5.955 GC heap after
Heap after GC invocations=10 (full 2):
 PSYoungGen      total 246784K, used 0K [0x00000000d5d00000, 0x00000000e6200000, 0x0000000100000000)
  eden space 235008K, 0% used [0x00000000d5d00000,0x00000000d5d00000,0x00000000e4280000)
  from space 11776K, 0% used [0x00000000e4d80000,0x00000000e4d80000,0x00000000e5900000)
  to   space 11264K, 0% used [0x00000000e4280000,0x00000000e4280000,0x00000000e4d80000)
 ParOldGen       total 61952K, used 13651K [0x0000000081600000, 0x0000000085280000, 0x00000000d5d00000)
  object space 61952K, 22% used [0x0000000081600000,0x0000000082354cc8,0x0000000085280000)
 Metaspace       used 33361K, capacity 35362K, committed 35496K, reserved 1079296K
  class space    used 4423K, capacity 4789K, committed 4864K, reserved 1048576K
}

Deoptimization events (0 events):
No events

Classes redefined (0 events):
No events

Internal exceptions (10 events):
Event: 6.192 Thread 0x0000000019803800 Exception <a 'java/lang/ArrayIndexOutOfBoundsException'> (0x00000000d782b560) thrown at [C:\ade\jenkins\workspace\8-2-build-windows-amd64-cygwin\jdk8u241\331\hotspot\src\share\vm\runtime\sharedRuntime.cpp, line 605]
Event: 6.193 Thread 0x0000000019803800 Exception <a 'java/lang/ArrayIndexOutOfBoundsException'> (0x00000000d782f4e0) thrown at [C:\ade\jenkins\workspace\8-2-build-windows-amd64-cygwin\jdk8u241\331\hotspot\src\share\vm\runtime\sharedRuntime.cpp, line 605]
Event: 6.289 Thread 0x0000000019803800 Exception <a 'java/lang/ArrayIndexOutOfBoundsException'> (0x00000000d8087358) thrown at [C:\ade\jenkins\workspace\8-2-build-windows-amd64-cygwin\jdk8u241\331\hotspot\src\share\vm\runtime\sharedRuntime.cpp, line 605]
Event: 6.290 Thread 0x0000000019803800 Exception <a 'java/lang/ArrayIndexOutOfBoundsException'> (0x00000000d8095658) thrown at [C:\ade\jenkins\workspace\8-2-build-windows-amd64-cygwin\jdk8u241\331\hotspot\src\share\vm\runtime\sharedRuntime.cpp, line 605]
Event: 6.290 Thread 0x0000000019803800 Exception <a 'java/lang/ArrayIndexOutOfBoundsException'> (0x00000000d8097928) thrown at [C:\ade\jenkins\workspace\8-2-build-windows-amd64-cygwin\jdk8u241\331\hotspot\src\share\vm\runtime\sharedRuntime.cpp, line 605]
Event: 6.290 Thread 0x0000000019803800 Exception <a 'java/lang/ArrayIndexOutOfBoundsException'> (0x00000000d8099dd0) thrown at [C:\ade\jenkins\workspace\8-2-build-windows-amd64-cygwin\jdk8u241\331\hotspot\src\share\vm\runtime\sharedRuntime.cpp, line 605]
Event: 6.290 Thread 0x0000000019803800 Exception <a 'java/lang/ArrayIndexOutOfBoundsException'> (0x00000000d809b698) thrown at [C:\ade\jenkins\workspace\8-2-build-windows-amd64-cygwin\jdk8u241\331\hotspot\src\share\vm\runtime\sharedRuntime.cpp, line 605]
Event: 6.290 Thread 0x0000000019803800 Exception <a 'java/lang/ArrayIndexOutOfBoundsException'> (0x00000000d809dea8) thrown at [C:\ade\jenkins\workspace\8-2-build-windows-amd64-cygwin\jdk8u241\331\hotspot\src\share\vm\runtime\sharedRuntime.cpp, line 605]
Event: 6.306 Thread 0x0000000019803800 Exception <a 'java/lang/ArrayIndexOutOfBoundsException'> (0x00000000d81495a0) thrown at [C:\ade\jenkins\workspace\8-2-build-windows-amd64-cygwin\jdk8u241\331\hotspot\src\share\vm\runtime\sharedRuntime.cpp, line 605]
Event: 6.307 Thread 0x0000000019803800 Exception <a 'java/lang/ArrayIndexOutOfBoundsException'> (0x00000000d8165178) thrown at [C:\ade\jenkins\workspace\8-2-build-windows-amd64-cygwin\jdk8u241\331\hotspot\src\share\vm\runtime\sharedRuntime.cpp, line 605]

Events (10 events):
Event: 21.586 loading class org/springframework/validation/DefaultMessageCodesResolver
Event: 21.586 loading class org/springframework/validation/DefaultMessageCodesResolver done
Event: 21.586 loading class org/springframework/validation/DefaultMessageCodesResolver$Format$1
Event: 21.586 loading class org/springframework/validation/DefaultMessageCodesResolver$Format$1 done
Event: 21.586 loading class org/springframework/validation/DefaultMessageCodesResolver$Format$2
Event: 21.586 loading class org/springframework/validation/DefaultMessageCodesResolver$Format$2 done
Event: 21.587 loading class org/springframework/beans/PropertyAccessorFactory
Event: 21.587 loading class org/springframework/beans/PropertyAccessorFactory done
Event: 21.587 loading class org/springframework/validation/support/BindingAwareModelMap
Event: 21.587 loading class org/springframework/validation/support/BindingAwareModelMap done


Dynamic libraries:
0x00007ff6f7d00000 - 0x00007ff6f7d37000 	C:\Program Files\Java\jdk1.8.0_241\bin\java.exe
0x00007ffa34610000 - 0x00007ffa34805000 	C:\WINDOWS\SYSTEM32\ntdll.dll
0x00007ffa32790000 - 0x00007ffa3284d000 	C:\WINDOWS\System32\KERNEL32.DLL
0x00007ffa31dd0000 - 0x00007ffa32098000 	C:\WINDOWS\System32\KERNELBASE.dll
0x00007ffa33ca0000 - 0x00007ffa33d4c000 	C:\WINDOWS\System32\ADVAPI32.dll
0x00007ffa33dc0000 - 0x00007ffa33e5e000 	C:\WINDOWS\System32\msvcrt.dll
0x00007ffa34400000 - 0x00007ffa3449b000 	C:\WINDOWS\System32\sechost.dll
0x00007ffa344a0000 - 0x00007ffa345cb000 	C:\WINDOWS\System32\RPCRT4.dll
0x00007ffa341a0000 - 0x00007ffa34340000 	C:\WINDOWS\System32\USER32.dll
0x00007ffa31d50000 - 0x00007ffa31d72000 	C:\WINDOWS\System32\win32u.dll
0x00007ffa334f0000 - 0x00007ffa3351a000 	C:\WINDOWS\System32\GDI32.dll
0x00007ffa32560000 - 0x00007ffa3266b000 	C:\WINDOWS\System32\gdi32full.dll
0x00007ffa324c0000 - 0x00007ffa3255d000 	C:\WINDOWS\System32\msvcp_win.dll
0x00007ffa323c0000 - 0x00007ffa324c0000 	C:\WINDOWS\System32\ucrtbase.dll
0x00007ffa20760000 - 0x00007ffa209fa000 	C:\WINDOWS\WinSxS\amd64_microsoft.windows.common-controls_6595b64144ccf1df_6.0.19041.844_none_ca00b6081b84eb1d\COMCTL32.dll
0x00007ffa33520000 - 0x00007ffa33550000 	C:\WINDOWS\System32\IMM32.DLL
0x000000006efe0000 - 0x000000006f0b2000 	C:\Program Files\Java\jdk1.8.0_241\jre\bin\msvcr100.dll
0x000000006dde0000 - 0x000000006e68c000 	C:\Program Files\Java\jdk1.8.0_241\jre\bin\server\jvm.dll
0x00007ffa34360000 - 0x00007ffa34368000 	C:\WINDOWS\System32\PSAPI.DLL
0x00007ffa2c4d0000 - 0x00007ffa2c4d9000 	C:\WINDOWS\SYSTEM32\WSOCK32.dll
0x00007ffa33d50000 - 0x00007ffa33dbb000 	C:\WINDOWS\System32\WS2_32.dll
0x00007ffa20a00000 - 0x00007ffa20a27000 	C:\WINDOWS\SYSTEM32\WINMM.dll
0x00007ffa29aa0000 - 0x00007ffa29aaa000 	C:\WINDOWS\SYSTEM32\VERSION.dll
0x00007ffa2c6b0000 - 0x00007ffa2c6bf000 	C:\Program Files\Java\jdk1.8.0_241\jre\bin\verify.dll
0x00007ffa2c680000 - 0x00007ffa2c6a9000 	C:\Program Files\Java\jdk1.8.0_241\jre\bin\java.dll
0x00007ffa2bfa0000 - 0x00007ffa2bfc3000 	C:\Program Files\Java\jdk1.8.0_241\jre\bin\instrument.dll
0x00007ffa2c660000 - 0x00007ffa2c676000 	C:\Program Files\Java\jdk1.8.0_241\jre\bin\zip.dll
0x00007ffa32c10000 - 0x00007ffa33352000 	C:\WINDOWS\System32\SHELL32.dll
0x00007ffa2fe90000 - 0x00007ffa30621000 	C:\WINDOWS\SYSTEM32\windows.storage.dll
0x00007ffa32850000 - 0x00007ffa32ba5000 	C:\WINDOWS\System32\combase.dll
0x00007ffa317c0000 - 0x00007ffa317ec000 	C:\WINDOWS\SYSTEM32\Wldp.dll
0x00007ffa33680000 - 0x00007ffa3372e000 	C:\WINDOWS\System32\SHCORE.dll
0x00007ffa34140000 - 0x00007ffa34195000 	C:\WINDOWS\System32\shlwapi.dll
0x00007ffa31c90000 - 0x00007ffa31caf000 	C:\WINDOWS\SYSTEM32\profapi.dll
0x00007ffa1c1d0000 - 0x00007ffa1c1ea000 	D:\Program Files\JetBrains\IntelliJ IDEA 2021.1\bin\breakgen64.dll
0x00007ffa2af40000 - 0x00007ffa2af5a000 	C:\Program Files\Java\jdk1.8.0_241\jre\bin\net.dll
0x00007ffa31530000 - 0x00007ffa3159a000 	C:\WINDOWS\system32\mswsock.dll
0x00007ffa1ff50000 - 0x00007ffa1ff83000 	C:\Program Files (x86)\Sangfor\SSL\ClientComponent\1_SangforNspX64.dll
0x00007ffa34010000 - 0x00007ffa3413a000 	C:\WINDOWS\System32\ole32.dll
0x00007ffa335b0000 - 0x00007ffa3367d000 	C:\WINDOWS\System32\OLEAUT32.dll
0x00007ffa31210000 - 0x00007ffa312dc000 	C:\WINDOWS\SYSTEM32\DNSAPI.dll
0x00007ffa311d0000 - 0x00007ffa3120b000 	C:\WINDOWS\SYSTEM32\IPHLPAPI.DLL
0x00007ffa343f0000 - 0x00007ffa343f8000 	C:\WINDOWS\System32\NSI.dll
0x00007ffa242c0000 - 0x00007ffa242ca000 	C:\Windows\System32\rasadhlp.dll
0x00007ffa20480000 - 0x00007ffa204ff000 	C:\WINDOWS\System32\fwpuclnt.dll
0x00007ffa321b0000 - 0x00007ffa321d7000 	C:\WINDOWS\System32\bcrypt.dll
0x00007ffa29ad0000 - 0x00007ffa29add000 	C:\Program Files\Java\jdk1.8.0_241\jre\bin\management.dll
0x00007ffa1c1f0000 - 0x00007ffa1c202000 	C:\Program Files\Java\jdk1.8.0_241\jre\bin\nio.dll
0x00007ffa31700000 - 0x00007ffa31718000 	C:\WINDOWS\SYSTEM32\CRYPTSP.dll
0x00007ffa30e60000 - 0x00007ffa30e94000 	C:\WINDOWS\system32\rsaenh.dll
0x00007ffa31c50000 - 0x00007ffa31c7e000 	C:\WINDOWS\SYSTEM32\USERENV.dll
0x00007ffa32340000 - 0x00007ffa323c0000 	C:\WINDOWS\System32\bcryptprimitives.dll
0x00007ffa31720000 - 0x00007ffa3172c000 	C:\WINDOWS\SYSTEM32\CRYPTBASE.dll
0x00007ffa24ea0000 - 0x00007ffa24eb7000 	C:\WINDOWS\SYSTEM32\dhcpcsvc6.DLL
0x00007ffa24e60000 - 0x00007ffa24e7d000 	C:\WINDOWS\SYSTEM32\dhcpcsvc.DLL
0x00007ff9faa50000 - 0x00007ff9faa67000 	C:\WINDOWS\system32\napinsp.dll
0x00007ff9faa30000 - 0x00007ff9faa4b000 	C:\WINDOWS\system32\pnrpnsp.dll
0x00007ffa29ab0000 - 0x00007ffa29ac5000 	C:\WINDOWS\system32\wshbth.dll
0x00007ffa2d7b0000 - 0x00007ffa2d7cd000 	C:\WINDOWS\system32\NLAapi.dll
0x00007ff9faa10000 - 0x00007ff9faa22000 	C:\WINDOWS\System32\winrnr.dll
0x00007ff9f6e00000 - 0x00007ff9f6fc9000 	D:\Develop_env\lac4javawin\libiomp5md.dll
0x00007ff9eaca0000 - 0x00007ff9f08c0000 	D:\Develop_env\lac4javawin\mklml.dll
0x00007ff9f6d10000 - 0x00007ff9f6dff000 	C:\WINDOWS\SYSTEM32\MSVCR120.dll
0x00007ff9e8f30000 - 0x00007ff9e9cc2000 	D:\Develop_env\lac4javawin\mkldnn.dll
0x00007ff9f8960000 - 0x00007ff9f8989000 	C:\WINDOWS\SYSTEM32\VCOMP140.DLL
0x00007ff9e7120000 - 0x00007ff9e8f24000 	D:\Develop_env\lac4javawin\lacjni.dll
0x00007ffa23bf0000 - 0x00007ffa23dd4000 	C:\WINDOWS\SYSTEM32\dbghelp.dll

VM Arguments:
jvm_args: -Djava.library.path=D:\Develop_env\lac4javawin -XX:TieredStopAtLevel=1 -Xverify:none -Dspring.output.ansi.enabled=always -javaagent:D:\Program Files\JetBrains\IntelliJ IDEA 2021.1\lib\idea_rt.jar=57032:D:\Program Files\JetBrains\IntelliJ IDEA 2021.1\bin -Dcom.sun.management.jmxremote -Dspring.jmx.enabled=true -Dspring.liveBeansView.mbeanDomain -Dspring.application.admin.enabled=true -Dfile.encoding=UTF-8 
java_command: com.carry.recruitment.RecruitmentApplication
java_class_path (initial): C:\Program Files\Java\jdk1.8.0_241\jre\lib\charsets.jar;C:\Program Files\Java\jdk1.8.0_241\jre\lib\deploy.jar;C:\Program Files\Java\jdk1.8.0_241\jre\lib\ext\access-bridge-64.jar;C:\Program Files\Java\jdk1.8.0_241\jre\lib\ext\cldrdata.jar;C:\Program Files\Java\jdk1.8.0_241\jre\lib\ext\dnsns.jar;C:\Program Files\Java\jdk1.8.0_241\jre\lib\ext\jaccess.jar;C:\Program Files\Java\jdk1.8.0_241\jre\lib\ext\jfxrt.jar;C:\Program Files\Java\jdk1.8.0_241\jre\lib\ext\localedata.jar;C:\Program Files\Java\jdk1.8.0_241\jre\lib\ext\nashorn.jar;C:\Program Files\Java\jdk1.8.0_241\jre\lib\ext\sunec.jar;C:\Program Files\Java\jdk1.8.0_241\jre\lib\ext\sunjce_provider.jar;C:\Program Files\Java\jdk1.8.0_241\jre\lib\ext\sunmscapi.jar;C:\Program Files\Java\jdk1.8.0_241\jre\lib\ext\sunpkcs11.jar;C:\Program Files\Java\jdk1.8.0_241\jre\lib\ext\zipfs.jar;C:\Program Files\Java\jdk1.8.0_241\jre\lib\javaws.jar;C:\Program Files\Java\jdk1.8.0_241\jre\lib\jce.jar;C:\Program Files\Java\jdk1.8.0_241\jre\lib\jfr.jar;C:\Program Files\Java\jdk1.8.0_241\jre\lib\jfxswt.jar;C:\Program Files\Java\jdk1.8.0_241\jre\lib\jsse.jar;C:\Program Files\Java\jdk1.8.0_241\jre\lib\management-agent.jar;C:\Program Files\Java\jdk1.8.0_241\jre\lib\plugin.jar;C:\Program Files\Java\jdk1.8.0_241\jre\lib\resources.jar;C:\Program Files\Java\jdk1.8.0_241\jre\lib\rt.jar;E:\IdeaProjects\Recruitment\target\classes;D:\Develop_env\rep\org\springframework\boot\spring-boot-starter-jdbc\2.4.4\spring-boot-starter-jdbc-2.4.4.jar;D:\Develop_env\rep\org\springframework\boot\spring-boot-starter\2.4.4\spring-boot-starter-2.4.4.jar;D:\Develop_env\rep\org\springframework\boot\spring-boot-starter-logging\2.4.4\spring-boot-starter-logging-2.4.4.jar;D:\Develop_env\rep\ch\qos\logback\logback-classic\1.2.3\logback-classic-1.2.3.jar;D:\Develop_env\lac4javawin;D:\Develop_env\rep\ch\qos\logback\logback-core\1.2.3\logback-core-1.2.3.jar;D:\Develop_env\rep\org\apache\logging\log4j\log4j-to-slf4j\2.13.3\log4j-to-slf4j-2.13.3.jar;D:\
Launcher Type: SUN_STANDARD

Environment Variables:
JAVA_HOME=C:\Program Files\Java\jdk1.8.0_241
CLASSPATH=.;C:\Program Files\Java\jdk1.8.0_241\lib;C:\Program Files\Java\jdk1.8.0_241\lib\tools.jar
PATH=C:\Program Files\Java\jdk1.8.0_241\bin;C:\Program Files\Java\jdk1.8.0_241\jre\bin;C:\Program Files (x86)\Common Files\Oracle\Java\javapath;C:\ProgramData\Oracle\Java\javapath;D:\Program Files\NetSarang\Xlpd 6\;D:\Program Files\NetSarang\Xftp 6\;D:\Program Files\NetSarang\Xshell 6\;D:\Program Files\NetSarang\Xmanager 6\;C:\Program Files (x86)\Intel\Intel(R) Management Engine Components\iCLS\;C:\Program Files\Intel\Intel(R) Management Engine Components\iCLS\;C:\Windows\system32;C:\Windows;C:\Windows\System32\Wbem;C:\Windows\System32\WindowsPowerShell\v1.0\;C:\Windows\System32\OpenSSH\;C:\Program Files (x86)\Intel\Intel(R) Management Engine Components\DAL;C:\Program Files\Intel\Intel(R) Management Engine Components\DAL;C:\Program Files (x86)\Intel\Intel(R) Management Engine Components\IPT;C:\Program Files\Intel\Intel(R) Management Engine Components\IPT;C:\Program Files (x86)\NVIDIA Corporation\PhysX\Common;C:\Program Files\NVIDIA Corporation\NVIDIA NvDLISR;C:\WINDOWS\system32;C:\WINDOWS;C:\WINDOWS\System32\Wbem;C:\WINDOWS\System32\WindowsPowerShell\v1.0\;C:\WINDOWS\System32\OpenSSH\;D:\xampp\php;D:\Program Files\Git\cmd;D:\Program Files\Python2;D:\Program Files\Python2\Scripts;D:\Program Files\Python3;D:\Program Files\Python3\Scripts;D:\Develop_env\apache-maven-3.6.3\bin;D:\Program Files\platform-tools;D:\Program Files\Python3\Scripts\;D:\Program Files\Python3\;C:\Users\zkl90\AppData\Local\Programs\Python\Python37\Scripts\;C:\Users\zkl90\AppData\Local\Programs\Python\Python37\;C:\Users\zkl90\AppData\Local\Microsoft\WindowsApps;D:\Program Files\BandZip\;C:\Users\zkl90\AppData\Roaming\nvm;C:\Program Files\nodejs;D:\Program Files\IntelliJ IDEA 2019.3.2\bin;;C:\Users\zkl90\AppData\Local\Microsoft\WindowsApps
USERNAME=zkl90
OS=Windows_NT
PROCESSOR_IDENTIFIER=Intel64 Family 6 Model 142 Stepping 9, GenuineIntel



---------------  S Y S T E M  ---------------

OS: Windows 10.0 , 64 bit Build 19041 (10.0.19041.928)

CPU:total 4 (initial active 4) (2 cores per cpu, 2 threads per core) family 6 model 142 stepping 9, cmov, cx8, fxsr, mmx, sse, sse2, sse3, ssse3, sse4.1, sse4.2, popcnt, avx, avx2, aes, clmul, erms, 3dnowpref, lzcnt, ht, tsc, tscinvbit, bmi1, bmi2, adx

Memory: 4k page, physical 8295652k(2420096k free), swap 8295652k(1687176k free)

vm_info: Java HotSpot(TM) 64-Bit Server VM (25.241-b07) for windows-amd64 JRE (1.8.0_241-b07), built on Dec 11 2019 10:21:40 by "rejava" with MS VC++ 10.0 (VS2010)

time: Sat Apr 17 20:39:00 2021
timezone: 中国标准时间
elapsed time: 22 seconds (0d 0h 0m 22s)

