#
# A fatal error has been detected by the Java Runtime Environment:
#
#  EXCEPTION_UNCAUGHT_CXX_EXCEPTION (0xe06d7363) at pc=0x00007fff57404b59, pid=3584, tid=0x0000000000001518
#
# JRE version: Java(TM) SE Runtime Environment (8.0_241-b07) (build 1.8.0_241-b07)
# Java VM: Java HotSpot(TM) 64-Bit Server VM (25.241-b07 mixed mode windows-amd64 compressed oops)
# Problematic frame:
# C  [KERNELBASE.dll+0x34b59]
#
# Failed to write core dump. Minidumps are not enabled by default on client versions of Windows
#
# If you would like to submit a bug report, please visit:
#   http://bugreport.java.com/bugreport/crash.jsp
# The crash happened outside the Java Virtual Machine in native code.
# See problematic frame for where to report the bug.
#

---------------  T H R E A D  ---------------

Current thread (0x000000001c1f7000):  JavaThread "http-nio-80-exec-1" daemon [_thread_in_native, id=5400, stack(0x000000001e1a0000,0x000000001e2a0000)]

siginfo: ExceptionCode=0xe06d7363, ExceptionInformation=0x0000000019930520 0x000000001e29c3e0 0x00007fff126aef78 0x00007fff10c90000 

Registers:
RAX=0x0000000000000000, RBX=0x00007fff126aef78, RCX=0x0000000000000000, RDX=0x0000000000000000
RSP=0x000000001e299dd0, RBP=0x000000001e29c1f0, RSI=0x000000001e29c3e0, RDI=0x0000000019930520
R8 =0x0000000000000000, R9 =0x0000000000000000, R10=0x0000000000000000, R11=0x0000000000000000
R12=0x000000001e299fe0, R13=0x0000000000000000, R14=0x000000001e29ae58, R15=0x0000000000000000
RIP=0x00007fff57404b59, EFLAGS=0x0000000000000202

Top of Stack: (sp=0x000000001e299dd0)
0x000000001e299dd0:   0000000000000000 00007fff126aef78
0x000000001e299de0:   000000001e29c3e0 00007fff11f697c0
0x000000001e299df0:   00000001e06d7363 0000000000000000
0x000000001e299e00:   00007fff57404b59 0000000000000004
0x000000001e299e10:   0000000019930520 000000001e29c3e0
0x000000001e299e20:   00007fff126aef78 00007fff10c90000
0x000000001e299e30:   0000000000000000 000000001e299fe0
0x000000001e299e40:   000000001e29c3e0 000000001e29c1f0
0x000000001e299e50:   000000001e299ed0 00007fff59b64a5f
0x000000001e299e60:   0000000019930520 0000000000000000
0x000000001e299e70:   000000001e29acf0 00007fff10cd1293
0x000000001e299e80:   00007fff129a9000 00007fff10c90000
0x000000001e299e90:   0000c949c1259a63 00007fff00000004
0x000000001e299ea0:   00007fff126aef78 00007fff11f437ac
0x000000001e299eb0:   000000001e29c3e0 00007fff120b8010
0x000000001e299ec0:   000000001e29c220 fffffffffffffffe 

Instructions: (pc=0x00007fff57404b59)
0x00007fff57404b39:   8b d1 44 0f 47 c0 44 89 44 24 38 49 c1 e0 03 e8
0x00007fff57404b49:   9a d1 05 00 48 8d 4c 24 20 48 ff 15 af 9f 18 00
0x00007fff57404b59:   0f 1f 44 00 00 48 8b 8c 24 c0 00 00 00 48 33 cc
0x00007fff57404b69:   e8 72 95 05 00 48 81 c4 d8 00 00 00 c3 cc 83 64 


Register to memory mapping:

RAX=0x0000000000000000 is an unknown value
RBX=0x00007fff126aef78 is an unknown value
RCX=0x0000000000000000 is an unknown value
RDX=0x0000000000000000 is an unknown value
RSP=0x000000001e299dd0 is pointing into the stack for thread: 0x000000001c1f7000
RBP=0x000000001e29c1f0 is pointing into the stack for thread: 0x000000001c1f7000
RSI=0x000000001e29c3e0 is pointing into the stack for thread: 0x000000001c1f7000
RDI=0x0000000019930520 is pointing into the stack for thread: 0x0000000017fc2000
R8 =0x0000000000000000 is an unknown value
R9 =0x0000000000000000 is an unknown value
R10=0x0000000000000000 is an unknown value
R11=0x0000000000000000 is an unknown value
R12=0x000000001e299fe0 is pointing into the stack for thread: 0x000000001c1f7000
R13=0x0000000000000000 is an unknown value
R14=0x000000001e29ae58 is pointing into the stack for thread: 0x000000001c1f7000
R15=0x0000000000000000 is an unknown value


Stack: [0x000000001e1a0000,0x000000001e2a0000],  sp=0x000000001e299dd0,  free space=999k
Native frames: (J=compiled Java code, j=interpreted, Vv=VM code, C=native code)
C  [KERNELBASE.dll+0x34b59]
C  [lacjni.dll+0x12b37ac]
C  [lacjni.dll+0x130b721]
C  [lacjni.dll+0x12c03e0]
C  [lacjni.dll+0x12b7f0c]
C  [ntdll.dll+0xa1406]
C  [lacjni.dll+0x54895]
C  [lacjni.dll+0x567e6]
C  [lacjni.dll+0x5467b]
C  [lacjni.dll+0x4a2a8]
C  [lacjni.dll+0x4a366]
C  [lacjni.dll+0x2e514]
C  [lacjni.dll+0x3d6c2]
C  0x0000000003438c67

Java frames: (J=compiled Java code, j=interpreted, Vv=VM code)
j  com.baidu.nlp.LAC.init(Ljava/lang/String;)V+0
j  com.baidu.nlp.LAC.<init>(Ljava/lang/String;)V+6
j  com.carry.recruitment.util.LacUtil.run(Ljava/lang/String;)Lcom/carry/recruitment/entity/Lac;+15
j  com.carry.recruitment.controller.StuController.index(Lorg/springframework/ui/Model;Lcom/carry/recruitment/entity/Stu;Ljavax/servlet/http/HttpServletRequest;)Ljava/lang/String;+2
v  ~StubRoutines::call_stub
J 1748  sun.reflect.NativeMethodAccessorImpl.invoke0(Ljava/lang/reflect/Method;Ljava/lang/Object;[Ljava/lang/Object;)Ljava/lang/Object; (0 bytes) @ 0x00000000037dc2ff [0x00000000037dc280+0x7f]
J 1747 C1 sun.reflect.NativeMethodAccessorImpl.invoke(Ljava/lang/Object;[Ljava/lang/Object;)Ljava/lang/Object; (104 bytes) @ 0x00000000037decdc [0x00000000037de960+0x37c]
J 1889 C1 sun.reflect.DelegatingMethodAccessorImpl.invoke(Ljava/lang/Object;[Ljava/lang/Object;)Ljava/lang/Object; (10 bytes) @ 0x0000000003811224 [0x00000000038111e0+0x44]
J 1739 C1 java.lang.reflect.Method.invoke(Ljava/lang/Object;[Ljava/lang/Object;)Ljava/lang/Object; (62 bytes) @ 0x00000000037da7d4 [0x00000000037da6e0+0xf4]
j  org.springframework.web.method.support.InvocableHandlerMethod.doInvoke([Ljava/lang/Object;)Ljava/lang/Object;+32
j  org.springframework.web.method.support.InvocableHandlerMethod.invokeForRequest(Lorg/springframework/web/context/request/NativeWebRequest;Lorg/springframework/web/method/support/ModelAndViewContainer;[Ljava/lang/Object;)Ljava/lang/Object;+54
j  org.springframework.web.servlet.mvc.method.annotation.ServletInvocableHandlerMethod.invokeAndHandle(Lorg/springframework/web/context/request/ServletWebRequest;Lorg/springframework/web/method/support/ModelAndViewContainer;[Ljava/lang/Object;)V+4
j  org.springframework.web.servlet.mvc.method.annotation.RequestMappingHandlerAdapter.invokeHandlerMethod(Ljavax/servlet/http/HttpServletRequest;Ljavax/servlet/http/HttpServletResponse;Lorg/springframework/web/method/HandlerMethod;)Lorg/springframework/web/servlet/ModelAndView;+244
j  org.springframework.web.servlet.mvc.method.annotation.RequestMappingHandlerAdapter.handleInternal(Ljavax/servlet/http/HttpServletRequest;Ljavax/servlet/http/HttpServletResponse;Lorg/springframework/web/method/HandlerMethod;)Lorg/springframework/web/servlet/ModelAndView;+81
j  org.springframework.web.servlet.mvc.method.AbstractHandlerMethodAdapter.handle(Ljavax/servlet/http/HttpServletRequest;Ljavax/servlet/http/HttpServletResponse;Ljava/lang/Object;)Lorg/springframework/web/servlet/ModelAndView;+7
j  org.springframework.web.servlet.DispatcherServlet.doDispatch(Ljavax/servlet/http/HttpServletRequest;Ljavax/servlet/http/HttpServletResponse;)V+257
j  org.springframework.web.servlet.DispatcherServlet.doService(Ljavax/servlet/http/HttpServletRequest;Ljavax/servlet/http/HttpServletResponse;)V+241
j  org.springframework.web.servlet.FrameworkServlet.processRequest(Ljavax/servlet/http/HttpServletRequest;Ljavax/servlet/http/HttpServletResponse;)V+71
j  org.springframework.web.servlet.FrameworkServlet.doGet(Ljavax/servlet/http/HttpServletRequest;Ljavax/servlet/http/HttpServletResponse;)V+3
j  javax.servlet.http.HttpServlet.service(Ljavax/servlet/http/HttpServletRequest;Ljavax/servlet/http/HttpServletResponse;)V+35
j  org.springframework.web.servlet.FrameworkServlet.service(Ljavax/servlet/http/HttpServletRequest;Ljavax/servlet/http/HttpServletResponse;)V+33
j  javax.servlet.http.HttpServlet.service(Ljavax/servlet/ServletRequest;Ljavax/servlet/ServletResponse;)V+36
j  org.apache.catalina.core.ApplicationFilterChain.internalDoFilter(Ljavax/servlet/ServletRequest;Ljavax/servlet/ServletResponse;)V+304
j  org.apache.catalina.core.ApplicationFilterChain.doFilter(Ljavax/servlet/ServletRequest;Ljavax/servlet/ServletResponse;)V+99
j  org.apache.tomcat.websocket.server.WsFilter.doFilter(Ljavax/servlet/ServletRequest;Ljavax/servlet/ServletResponse;Ljavax/servlet/FilterChain;)V+21
j  org.apache.catalina.core.ApplicationFilterChain.internalDoFilter(Ljavax/servlet/ServletRequest;Ljavax/servlet/ServletResponse;)V+135
j  org.apache.catalina.core.ApplicationFilterChain.doFilter(Ljavax/servlet/ServletRequest;Ljavax/servlet/ServletResponse;)V+99
j  org.springframework.web.filter.RequestContextFilter.doFilterInternal(Ljavax/servlet/http/HttpServletRequest;Ljavax/servlet/http/HttpServletResponse;Ljavax/servlet/FilterChain;)V+21
j  org.springframework.web.filter.OncePerRequestFilter.doFilter(Ljavax/servlet/ServletRequest;Ljavax/servlet/ServletResponse;Ljavax/servlet/FilterChain;)V+147
j  org.apache.catalina.core.ApplicationFilterChain.internalDoFilter(Ljavax/servlet/ServletRequest;Ljavax/servlet/ServletResponse;)V+135
j  org.apache.catalina.core.ApplicationFilterChain.doFilter(Ljavax/servlet/ServletRequest;Ljavax/servlet/ServletResponse;)V+99
j  org.springframework.web.filter.FormContentFilter.doFilterInternal(Ljavax/servlet/http/HttpServletRequest;Ljavax/servlet/http/HttpServletResponse;Ljavax/servlet/FilterChain;)V+38
j  org.springframework.web.filter.OncePerRequestFilter.doFilter(Ljavax/servlet/ServletRequest;Ljavax/servlet/ServletResponse;Ljavax/servlet/FilterChain;)V+147
j  org.apache.catalina.core.ApplicationFilterChain.internalDoFilter(Ljavax/servlet/ServletRequest;Ljavax/servlet/ServletResponse;)V+135
j  org.apache.catalina.core.ApplicationFilterChain.doFilter(Ljavax/servlet/ServletRequest;Ljavax/servlet/ServletResponse;)V+99
j  org.springframework.web.filter.CharacterEncodingFilter.doFilterInternal(Ljavax/servlet/http/HttpServletRequest;Ljavax/servlet/http/HttpServletResponse;Ljavax/servlet/FilterChain;)V+53
j  org.springframework.web.filter.OncePerRequestFilter.doFilter(Ljavax/servlet/ServletRequest;Ljavax/servlet/ServletResponse;Ljavax/servlet/FilterChain;)V+147
j  org.apache.catalina.core.ApplicationFilterChain.internalDoFilter(Ljavax/servlet/ServletRequest;Ljavax/servlet/ServletResponse;)V+135
j  org.apache.catalina.core.ApplicationFilterChain.doFilter(Ljavax/servlet/ServletRequest;Ljavax/servlet/ServletResponse;)V+99
j  org.apache.catalina.core.StandardWrapperValve.invoke(Lorg/apache/catalina/connector/Request;Lorg/apache/catalina/connector/Response;)V+694
j  org.apache.catalina.core.StandardContextValve.invoke(Lorg/apache/catalina/connector/Request;Lorg/apache/catalina/connector/Response;)V+169
j  org.apache.catalina.authenticator.AuthenticatorBase.invoke(Lorg/apache/catalina/connector/Request;Lorg/apache/catalina/connector/Response;)V+260
j  org.apache.catalina.core.StandardHostValve.invoke(Lorg/apache/catalina/connector/Request;Lorg/apache/catalina/connector/Response;)V+128
j  org.apache.catalina.valves.ErrorReportValve.invoke(Lorg/apache/catalina/connector/Request;Lorg/apache/catalina/connector/Response;)V+6
j  org.apache.catalina.core.StandardEngineValve.invoke(Lorg/apache/catalina/connector/Request;Lorg/apache/catalina/connector/Response;)V+59
j  org.apache.catalina.connector.CoyoteAdapter.service(Lorg/apache/coyote/Request;Lorg/apache/coyote/Response;)V+199
j  org.apache.coyote.http11.Http11Processor.service(Lorg/apache/tomcat/util/net/SocketWrapperBase;)Lorg/apache/tomcat/util/net/AbstractEndpoint$Handler$SocketState;+737
j  org.apache.coyote.AbstractProcessorLight.process(Lorg/apache/tomcat/util/net/SocketWrapperBase;Lorg/apache/tomcat/util/net/SocketEvent;)Lorg/apache/tomcat/util/net/AbstractEndpoint$Handler$SocketState;+170
j  org.apache.coyote.AbstractProtocol$ConnectionHandler.process(Lorg/apache/tomcat/util/net/SocketWrapperBase;Lorg/apache/tomcat/util/net/SocketEvent;)Lorg/apache/tomcat/util/net/AbstractEndpoint$Handler$SocketState;+505
j  org.apache.tomcat.util.net.NioEndpoint$SocketProcessor.doRun()V+216
j  org.apache.tomcat.util.net.SocketProcessorBase.run()V+21
j  java.util.concurrent.ThreadPoolExecutor.runWorker(Ljava/util/concurrent/ThreadPoolExecutor$Worker;)V+95
j  java.util.concurrent.ThreadPoolExecutor$Worker.run()V+5
j  org.apache.tomcat.util.threads.TaskThread$WrappingRunnable.run()V+4
j  java.lang.Thread.run()V+11
v  ~StubRoutines::call_stub

---------------  P R O C E S S  ---------------

Java Threads: ( => current thread )
  0x000000001c427800 JavaThread "RMI TCP Connection(3)-10.183.0.118" daemon [_thread_in_native, id=10456, stack(0x000000001acd0000,0x000000001add0000)]
  0x000000001c420000 JavaThread "RMI TCP Connection(2)-10.183.0.118" daemon [_thread_in_native, id=7416, stack(0x000000001abd0000,0x000000001acd0000)]
  0x000000001c422800 JavaThread "DestroyJavaVM" [_thread_blocked, id=10340, stack(0x00000000030e0000,0x00000000031e0000)]
  0x000000001c427000 JavaThread "http-nio-80-Acceptor" daemon [_thread_in_native, id=9148, stack(0x000000001eca0000,0x000000001eda0000)]
  0x000000001c41f800 JavaThread "http-nio-80-ClientPoller" daemon [_thread_in_native, id=6504, stack(0x000000001eba0000,0x000000001eca0000)]
  0x000000001c424800 JavaThread "http-nio-80-exec-10" daemon [_thread_blocked, id=2364, stack(0x000000001eaa0000,0x000000001eba0000)]
  0x000000001c426000 JavaThread "http-nio-80-exec-9" daemon [_thread_blocked, id=10588, stack(0x000000001e9a0000,0x000000001eaa0000)]
  0x000000001c425800 JavaThread "http-nio-80-exec-8" daemon [_thread_blocked, id=3000, stack(0x000000001e8a0000,0x000000001e9a0000)]
  0x000000001c1f8000 JavaThread "http-nio-80-exec-7" daemon [_thread_blocked, id=9436, stack(0x000000001e7a0000,0x000000001e8a0000)]
  0x000000001c1fb000 JavaThread "http-nio-80-exec-6" daemon [_thread_blocked, id=2000, stack(0x000000001e6a0000,0x000000001e7a0000)]
  0x000000001c1fa000 JavaThread "http-nio-80-exec-5" daemon [_thread_blocked, id=9916, stack(0x000000001e5a0000,0x000000001e6a0000)]
  0x000000001c1f6800 JavaThread "http-nio-80-exec-4" daemon [_thread_blocked, id=9804, stack(0x000000001e4a0000,0x000000001e5a0000)]
  0x000000001c1f9800 JavaThread "http-nio-80-exec-3" daemon [_thread_blocked, id=6132, stack(0x000000001e3a0000,0x000000001e4a0000)]
  0x000000001c1f5800 JavaThread "http-nio-80-exec-2" daemon [_thread_blocked, id=3392, stack(0x000000001e2a0000,0x000000001e3a0000)]
=>0x000000001c1f7000 JavaThread "http-nio-80-exec-1" daemon [_thread_in_native, id=5400, stack(0x000000001e1a0000,0x000000001e2a0000)]
  0x000000001c1fc800 JavaThread "http-nio-80-BlockPoller" daemon [_thread_in_native, id=2616, stack(0x000000001dda0000,0x000000001dea0000)]
  0x000000001c1f8800 JavaThread "Live Reload Server" daemon [_thread_in_native, id=8648, stack(0x000000001dea0000,0x000000001dfa0000)]
  0x000000001c1fb800 JavaThread "File Watcher" daemon [_thread_blocked, id=6824, stack(0x000000001d9a0000,0x000000001daa0000)]
  0x000000001c1e3800 JavaThread "Druid-ConnectionPool-Destroy-1511401528" daemon [_thread_blocked, id=10176, stack(0x000000001d6a0000,0x000000001d7a0000)]
  0x000000001c1e2800 JavaThread "Druid-ConnectionPool-Create-1511401528" daemon [_thread_blocked, id=3600, stack(0x000000001d5a0000,0x000000001d6a0000)]
  0x000000001c1a8000 JavaThread "mysql-cj-abandoned-connection-cleanup" daemon [_thread_blocked, id=8736, stack(0x000000001d2a0000,0x000000001d3a0000)]
  0x000000001c16e800 JavaThread "container-0" [_thread_blocked, id=444, stack(0x000000001d1a0000,0x000000001d2a0000)]
  0x000000001c16d800 JavaThread "Catalina-utility-2" [_thread_blocked, id=10380, stack(0x000000001d0a0000,0x000000001d1a0000)]
  0x000000001c121000 JavaThread "Catalina-utility-1" [_thread_blocked, id=8284, stack(0x000000001cba0000,0x000000001cca0000)]
  0x000000001958d800 JavaThread "RMI Scheduler(0)" daemon [_thread_blocked, id=752, stack(0x000000001b2d0000,0x000000001b3d0000)]
  0x0000000019530800 JavaThread "RMI TCP Connection(1)-10.183.0.118" daemon [_thread_in_native, id=6520, stack(0x000000001b1d0000,0x000000001b2d0000)]
  0x000000001a1a4000 JavaThread "RMI TCP Accept-0" daemon [_thread_in_native, id=7240, stack(0x0000000019eb0000,0x0000000019fb0000)]
  0x000000001968b800 JavaThread "Service Thread" daemon [_thread_blocked, id=7596, stack(0x0000000019d80000,0x0000000019e80000)]
  0x0000000019685800 JavaThread "C1 CompilerThread2" daemon [_thread_blocked, id=12488, stack(0x0000000019c80000,0x0000000019d80000)]
  0x00000000195fd800 JavaThread "C2 CompilerThread1" daemon [_thread_blocked, id=10884, stack(0x0000000019b80000,0x0000000019c80000)]
  0x00000000195fd000 JavaThread "C2 CompilerThread0" daemon [_thread_blocked, id=3864, stack(0x0000000019a80000,0x0000000019b80000)]
  0x000000001958f800 JavaThread "Monitor Ctrl-Break" daemon [_thread_in_native, id=7796, stack(0x0000000019980000,0x0000000019a80000)]
  0x0000000017fc2000 JavaThread "Attach Listener" daemon [_thread_blocked, id=12072, stack(0x0000000019870000,0x0000000019970000)]
  0x0000000017fad000 JavaThread "Signal Dispatcher" daemon [_thread_blocked, id=11700, stack(0x0000000019770000,0x0000000019870000)]
  0x0000000003418800 JavaThread "Finalizer" daemon [_thread_blocked, id=9028, stack(0x0000000019210000,0x0000000019310000)]
  0x0000000003415000 JavaThread "Reference Handler" daemon [_thread_blocked, id=11140, stack(0x0000000019110000,0x0000000019210000)]

Other Threads:
  0x0000000017f77800 VMThread [stack: 0x0000000019010000,0x0000000019110000] [id=10100]
  0x000000001a1ad000 WatcherThread [stack: 0x000000001a820000,0x000000001a920000] [id=9472]

VM state:not at safepoint (normal execution)

VM Mutex/Monitor currently owned by a thread: None

heap address: 0x0000000081600000, size: 2026 MB, Compressed Oops mode: 32-bit
Narrow klass base: 0x0000000000000000, Narrow klass shift: 3
Compressed class space size: 1073741824 Address: 0x0000000100000000

Heap:
 PSYoungGen      total 235008K, used 66401K [0x00000000d5d00000, 0x00000000e5a80000, 0x0000000100000000)
  eden space 223232K, 29% used [0x00000000d5d00000,0x00000000d9dd8698,0x00000000e3700000)
  from space 11776K, 0% used [0x00000000e4280000,0x00000000e4280000,0x00000000e4e00000)
  to   space 11776K, 0% used [0x00000000e3700000,0x00000000e3700000,0x00000000e4280000)
 ParOldGen       total 67072K, used 13904K [0x0000000081600000, 0x0000000085780000, 0x00000000d5d00000)
  object space 67072K, 20% used [0x0000000081600000,0x00000000823941e8,0x0000000085780000)
 Metaspace       used 37276K, capacity 39728K, committed 39808K, reserved 1083392K
  class space    used 5024K, capacity 5489K, committed 5504K, reserved 1048576K

Card table byte_map: [0x00000000127e0000,0x0000000012be0000] byte_map_base: 0x00000000123d5000

Marking Bits: (ParMarkBitMap*) 0x0000000067fdbe30
 Begin Bits: [0x0000000013290000, 0x0000000015238000)
 End Bits:   [0x0000000015238000, 0x00000000171e0000)

Polling page: 0x0000000002d60000

CodeCache: size=245760Kb used=7320Kb max_used=7320Kb free=238439Kb
 bounds [0x0000000003420000, 0x0000000003b50000, 0x0000000012420000]
 total_blobs=4146 nmethods=3681 adapters=377
 compilation: enabled

Compilation events (10 events):
Event: 8.804 Thread 0x0000000019685800 3676 %     1       java.util.Properties$LineReader::readLine @ 21 (468 bytes)
Event: 8.806 Thread 0x0000000019685800 nmethod 3676% 0x0000000003b43590 code [0x0000000003b43780, 0x0000000003b442a8]
Event: 8.813 Thread 0x0000000019685800 3677       1       org.springframework.core.OrderComparator::getOrder (111 bytes)
Event: 8.813 Thread 0x0000000019685800 nmethod 3677 0x0000000003b44910 code [0x0000000003b44ac0, 0x0000000003b44dd8]
Event: 8.813 Thread 0x0000000019685800 3678       1       org.springframework.core.annotation.AnnotationAwareOrderComparator::findOrder (18 bytes)
Event: 8.814 Thread 0x0000000019685800 nmethod 3678 0x0000000003b45050 code [0x0000000003b451e0, 0x0000000003b45448]
Event: 8.819 Thread 0x0000000019685800 3679       1       org.apache.tomcat.util.http.MimeHeaderField::getName (5 bytes)
Event: 8.819 Thread 0x0000000019685800 nmethod 3679 0x0000000003b45550 code [0x0000000003b456a0, 0x0000000003b457b0]
Event: 8.844 Thread 0x0000000019685800 3681       1       java.lang.invoke.InvokerBytecodeGenerator::refKindOpcode (112 bytes)
Event: 8.844 Thread 0x0000000019685800 nmethod 3681 0x0000000003b45990 code [0x0000000003b45b40, 0x0000000003b45fb8]

GC Heap History (10 events):
Event: 3.600 GC heap before
{Heap before GC invocations=6 (full 1):
 PSYoungGen      total 71680K, used 5101K [0x00000000d5d00000, 0x00000000df200000, 0x0000000100000000)
  eden space 66560K, 0% used [0x00000000d5d00000,0x00000000d5d00000,0x00000000d9e00000)
  from space 5120K, 99% used [0x00000000d9e00000,0x00000000da2fb6e8,0x00000000da300000)
  to   space 9728K, 0% used [0x00000000de880000,0x00000000de880000,0x00000000df200000)
 ParOldGen       total 87552K, used 7461K [0x0000000081600000, 0x0000000086b80000, 0x00000000d5d00000)
  object space 87552K, 8% used [0x0000000081600000,0x0000000081d49500,0x0000000086b80000)
 Metaspace       used 20218K, capacity 21232K, committed 21296K, reserved 1067008K
  class space    used 2683K, capacity 2925K, committed 2944K, reserved 1048576K
Event: 3.637 GC heap after
Heap after GC invocations=6 (full 1):
 PSYoungGen      total 71680K, used 0K [0x00000000d5d00000, 0x00000000df200000, 0x0000000100000000)
  eden space 66560K, 0% used [0x00000000d5d00000,0x00000000d5d00000,0x00000000d9e00000)
  from space 5120K, 0% used [0x00000000d9e00000,0x00000000d9e00000,0x00000000da300000)
  to   space 9728K, 0% used [0x00000000de880000,0x00000000de880000,0x00000000df200000)
 ParOldGen       total 49152K, used 6383K [0x0000000081600000, 0x0000000084600000, 0x00000000d5d00000)
  object space 49152K, 12% used [0x0000000081600000,0x0000000081c3bdc0,0x0000000084600000)
 Metaspace       used 20218K, capacity 21232K, committed 21296K, reserved 1067008K
  class space    used 2683K, capacity 2925K, committed 2944K, reserved 1048576K
}
Event: 4.363 GC heap before
{Heap before GC invocations=7 (full 1):
 PSYoungGen      total 71680K, used 66560K [0x00000000d5d00000, 0x00000000df200000, 0x0000000100000000)
  eden space 66560K, 100% used [0x00000000d5d00000,0x00000000d9e00000,0x00000000d9e00000)
  from space 5120K, 0% used [0x00000000d9e00000,0x00000000d9e00000,0x00000000da300000)
  to   space 9728K, 0% used [0x00000000de880000,0x00000000de880000,0x00000000df200000)
 ParOldGen       total 49152K, used 6383K [0x0000000081600000, 0x0000000084600000, 0x00000000d5d00000)
  object space 49152K, 12% used [0x0000000081600000,0x0000000081c3bdc0,0x0000000084600000)
 Metaspace       used 23278K, capacity 24658K, committed 24704K, reserved 1071104K
  class space    used 3138K, capacity 3439K, committed 3456K, reserved 1048576K
Event: 4.370 GC heap after
Heap after GC invocations=7 (full 1):
 PSYoungGen      total 129024K, used 5841K [0x00000000d5d00000, 0x00000000dee80000, 0x0000000100000000)
  eden space 122880K, 0% used [0x00000000d5d00000,0x00000000d5d00000,0x00000000dd500000)
  from space 6144K, 95% used [0x00000000de880000,0x00000000dee345c0,0x00000000dee80000)
  to   space 9728K, 0% used [0x00000000ddb80000,0x00000000ddb80000,0x00000000de500000)
 ParOldGen       total 49152K, used 6391K [0x0000000081600000, 0x0000000084600000, 0x00000000d5d00000)
  object space 49152K, 13% used [0x0000000081600000,0x0000000081c3ddc0,0x0000000084600000)
 Metaspace       used 23278K, capacity 24658K, committed 24704K, reserved 1071104K
  class space    used 3138K, capacity 3439K, committed 3456K, reserved 1048576K
}
Event: 5.517 GC heap before
{Heap before GC invocations=8 (full 1):
 PSYoungGen      total 129024K, used 128721K [0x00000000d5d00000, 0x00000000dee80000, 0x0000000100000000)
  eden space 122880K, 100% used [0x00000000d5d00000,0x00000000dd500000,0x00000000dd500000)
  from space 6144K, 95% used [0x00000000de880000,0x00000000dee345c0,0x00000000dee80000)
  to   space 9728K, 0% used [0x00000000ddb80000,0x00000000ddb80000,0x00000000de500000)
 ParOldGen       total 49152K, used 6391K [0x0000000081600000, 0x0000000084600000, 0x00000000d5d00000)
  object space 49152K, 13% used [0x0000000081600000,0x0000000081c3ddc0,0x0000000084600000)
 Metaspace       used 32591K, capacity 34556K, committed 34688K, reserved 1079296K
  class space    used 4317K, capacity 4688K, committed 4736K, reserved 1048576K
Event: 5.530 GC heap after
Heap after GC invocations=8 (full 1):
 PSYoungGen      total 139264K, used 9725K [0x00000000d5d00000, 0x00000000e4e00000, 0x0000000100000000)
  eden space 129536K, 0% used [0x00000000d5d00000,0x00000000d5d00000,0x00000000ddb80000)
  from space 9728K, 99% used [0x00000000ddb80000,0x00000000de4ff7f0,0x00000000de500000)
  to   space 11776K, 0% used [0x00000000e4280000,0x00000000e4280000,0x00000000e4e00000)
 ParOldGen       total 49152K, used 8096K [0x0000000081600000, 0x0000000084600000, 0x00000000d5d00000)
  object space 49152K, 16% used [0x0000000081600000,0x0000000081de8350,0x0000000084600000)
 Metaspace       used 32591K, capacity 34556K, committed 34688K, reserved 1079296K
  class space    used 4317K, capacity 4688K, committed 4736K, reserved 1048576K
}
Event: 5.694 GC heap before
{Heap before GC invocations=9 (full 1):
 PSYoungGen      total 139264K, used 30810K [0x00000000d5d00000, 0x00000000e4e00000, 0x0000000100000000)
  eden space 129536K, 16% used [0x00000000d5d00000,0x00000000d7197228,0x00000000ddb80000)
  from space 9728K, 99% used [0x00000000ddb80000,0x00000000de4ff7f0,0x00000000de500000)
  to   space 11776K, 0% used [0x00000000e4280000,0x00000000e4280000,0x00000000e4e00000)
 ParOldGen       total 49152K, used 8096K [0x0000000081600000, 0x0000000084600000, 0x00000000d5d00000)
  object space 49152K, 16% used [0x0000000081600000,0x0000000081de8350,0x0000000084600000)
 Metaspace       used 33426K, capacity 35394K, committed 35496K, reserved 1079296K
  class space    used 4434K, capacity 4821K, committed 4864K, reserved 1048576K
Event: 5.703 GC heap after
Heap after GC invocations=9 (full 1):
 PSYoungGen      total 235008K, used 8339K [0x00000000d5d00000, 0x00000000e5a80000, 0x0000000100000000)
  eden space 223232K, 0% used [0x00000000d5d00000,0x00000000d5d00000,0x00000000e3700000)
  from space 11776K, 70% used [0x00000000e4280000,0x00000000e4aa4f50,0x00000000e4e00000)
  to   space 11776K, 0% used [0x00000000e3700000,0x00000000e3700000,0x00000000e4280000)
 ParOldGen       total 49152K, used 8104K [0x0000000081600000, 0x0000000084600000, 0x00000000d5d00000)
  object space 49152K, 16% used [0x0000000081600000,0x0000000081dea350,0x0000000084600000)
 Metaspace       used 33426K, capacity 35394K, committed 35496K, reserved 1079296K
  class space    used 4434K, capacity 4821K, committed 4864K, reserved 1048576K
}
Event: 5.703 GC heap before
{Heap before GC invocations=10 (full 2):
 PSYoungGen      total 235008K, used 8339K [0x00000000d5d00000, 0x00000000e5a80000, 0x0000000100000000)
  eden space 223232K, 0% used [0x00000000d5d00000,0x00000000d5d00000,0x00000000e3700000)
  from space 11776K, 70% used [0x00000000e4280000,0x00000000e4aa4f50,0x00000000e4e00000)
  to   space 11776K, 0% used [0x00000000e3700000,0x00000000e3700000,0x00000000e4280000)
 ParOldGen       total 49152K, used 8104K [0x0000000081600000, 0x0000000084600000, 0x00000000d5d00000)
  object space 49152K, 16% used [0x0000000081600000,0x0000000081dea350,0x0000000084600000)
 Metaspace       used 33426K, capacity 35394K, committed 35496K, reserved 1079296K
  class space    used 4434K, capacity 4821K, committed 4864K, reserved 1048576K
Event: 5.757 GC heap after
Heap after GC invocations=10 (full 2):
 PSYoungGen      total 235008K, used 0K [0x00000000d5d00000, 0x00000000e5a80000, 0x0000000100000000)
  eden space 223232K, 0% used [0x00000000d5d00000,0x00000000d5d00000,0x00000000e3700000)
  from space 11776K, 0% used [0x00000000e4280000,0x00000000e4280000,0x00000000e4e00000)
  to   space 11776K, 0% used [0x00000000e3700000,0x00000000e3700000,0x00000000e4280000)
 ParOldGen       total 67072K, used 13904K [0x0000000081600000, 0x0000000085780000, 0x00000000d5d00000)
  object space 67072K, 20% used [0x0000000081600000,0x00000000823941e8,0x0000000085780000)
 Metaspace       used 33426K, capacity 35394K, committed 35496K, reserved 1079296K
  class space    used 4434K, capacity 4821K, committed 4864K, reserved 1048576K
}

Deoptimization events (0 events):
No events

Classes redefined (0 events):
No events

Internal exceptions (10 events):
Event: 5.998 Thread 0x000000001a4b0000 Exception <a 'java/lang/ArrayIndexOutOfBoundsException'> (0x00000000d75f7670) thrown at [C:\ade\jenkins\workspace\8-2-build-windows-amd64-cygwin\jdk8u241\331\hotspot\src\share\vm\runtime\sharedRuntime.cpp, line 605]
Event: 5.998 Thread 0x000000001a4b0000 Exception <a 'java/lang/ArrayIndexOutOfBoundsException'> (0x00000000d75fb8c0) thrown at [C:\ade\jenkins\workspace\8-2-build-windows-amd64-cygwin\jdk8u241\331\hotspot\src\share\vm\runtime\sharedRuntime.cpp, line 605]
Event: 6.098 Thread 0x000000001a4b0000 Exception <a 'java/lang/ArrayIndexOutOfBoundsException'> (0x00000000d80b3170) thrown at [C:\ade\jenkins\workspace\8-2-build-windows-amd64-cygwin\jdk8u241\331\hotspot\src\share\vm\runtime\sharedRuntime.cpp, line 605]
Event: 6.098 Thread 0x000000001a4b0000 Exception <a 'java/lang/ArrayIndexOutOfBoundsException'> (0x00000000d80c14a8) thrown at [C:\ade\jenkins\workspace\8-2-build-windows-amd64-cygwin\jdk8u241\331\hotspot\src\share\vm\runtime\sharedRuntime.cpp, line 605]
Event: 6.098 Thread 0x000000001a4b0000 Exception <a 'java/lang/ArrayIndexOutOfBoundsException'> (0x00000000d80c37c0) thrown at [C:\ade\jenkins\workspace\8-2-build-windows-amd64-cygwin\jdk8u241\331\hotspot\src\share\vm\runtime\sharedRuntime.cpp, line 605]
Event: 6.099 Thread 0x000000001a4b0000 Exception <a 'java/lang/ArrayIndexOutOfBoundsException'> (0x00000000d80c5ca0) thrown at [C:\ade\jenkins\workspace\8-2-build-windows-amd64-cygwin\jdk8u241\331\hotspot\src\share\vm\runtime\sharedRuntime.cpp, line 605]
Event: 6.099 Thread 0x000000001a4b0000 Exception <a 'java/lang/ArrayIndexOutOfBoundsException'> (0x00000000d80c7568) thrown at [C:\ade\jenkins\workspace\8-2-build-windows-amd64-cygwin\jdk8u241\331\hotspot\src\share\vm\runtime\sharedRuntime.cpp, line 605]
Event: 6.099 Thread 0x000000001a4b0000 Exception <a 'java/lang/ArrayIndexOutOfBoundsException'> (0x00000000d80c9cf8) thrown at [C:\ade\jenkins\workspace\8-2-build-windows-amd64-cygwin\jdk8u241\331\hotspot\src\share\vm\runtime\sharedRuntime.cpp, line 605]
Event: 6.112 Thread 0x000000001a4b0000 Exception <a 'java/lang/ArrayIndexOutOfBoundsException'> (0x00000000d81755c8) thrown at [C:\ade\jenkins\workspace\8-2-build-windows-amd64-cygwin\jdk8u241\331\hotspot\src\share\vm\runtime\sharedRuntime.cpp, line 605]
Event: 6.115 Thread 0x000000001a4b0000 Exception <a 'java/lang/ArrayIndexOutOfBoundsException'> (0x00000000d81911a0) thrown at [C:\ade\jenkins\workspace\8-2-build-windows-amd64-cygwin\jdk8u241\331\hotspot\src\share\vm\runtime\sharedRuntime.cpp, line 605]

Events (10 events):
Event: 8.892 loading class org/springframework/validation/DefaultMessageCodesResolver
Event: 8.892 loading class org/springframework/validation/DefaultMessageCodesResolver done
Event: 8.893 loading class org/springframework/validation/DefaultMessageCodesResolver$Format$1
Event: 8.893 loading class org/springframework/validation/DefaultMessageCodesResolver$Format$1 done
Event: 8.893 loading class org/springframework/validation/DefaultMessageCodesResolver$Format$2
Event: 8.893 loading class org/springframework/validation/DefaultMessageCodesResolver$Format$2 done
Event: 8.894 loading class org/springframework/beans/PropertyAccessorFactory
Event: 8.894 loading class org/springframework/beans/PropertyAccessorFactory done
Event: 8.894 loading class org/springframework/validation/support/BindingAwareModelMap
Event: 8.894 loading class org/springframework/validation/support/BindingAwareModelMap done


Dynamic libraries:
0x00007ff605750000 - 0x00007ff605787000 	C:\Program Files\Java\jdk1.8.0_241\bin\java.exe
0x00007fff59b30000 - 0x00007fff59d25000 	C:\WINDOWS\SYSTEM32\ntdll.dll
0x00007fff59a30000 - 0x00007fff59aed000 	C:\WINDOWS\System32\KERNEL32.DLL
0x00007fff573d0000 - 0x00007fff57698000 	C:\WINDOWS\System32\KERNELBASE.dll
0x00007fff598e0000 - 0x00007fff5998c000 	C:\WINDOWS\System32\ADVAPI32.dll
0x00007fff585c0000 - 0x00007fff5865e000 	C:\WINDOWS\System32\msvcrt.dll
0x00007fff59990000 - 0x00007fff59a2b000 	C:\WINDOWS\System32\sechost.dll
0x00007fff57e80000 - 0x00007fff57fab000 	C:\WINDOWS\System32\RPCRT4.dll
0x00007fff57c80000 - 0x00007fff57e20000 	C:\WINDOWS\System32\USER32.dll
0x00007fff57270000 - 0x00007fff57292000 	C:\WINDOWS\System32\win32u.dll
0x00007fff59480000 - 0x00007fff594aa000 	C:\WINDOWS\System32\GDI32.dll
0x00007fff57a80000 - 0x00007fff57b8b000 	C:\WINDOWS\System32\gdi32full.dll
0x00007fff576a0000 - 0x00007fff5773d000 	C:\WINDOWS\System32\msvcp_win.dll
0x00007fff578d0000 - 0x00007fff579d0000 	C:\WINDOWS\System32\ucrtbase.dll
0x00007fff457a0000 - 0x00007fff45a3a000 	C:\WINDOWS\WinSxS\amd64_microsoft.windows.common-controls_6595b64144ccf1df_6.0.19041.844_none_ca00b6081b84eb1d\COMCTL32.dll
0x00007fff57fb0000 - 0x00007fff57fe0000 	C:\WINDOWS\System32\IMM32.DLL
0x00000000695b0000 - 0x0000000069682000 	C:\Program Files\Java\jdk1.8.0_241\jre\bin\msvcr100.dll
0x00000000677b0000 - 0x000000006805c000 	C:\Program Files\Java\jdk1.8.0_241\jre\bin\server\jvm.dll
0x00007fff598d0000 - 0x00007fff598d8000 	C:\WINDOWS\System32\PSAPI.DLL
0x00007fff52130000 - 0x00007fff52139000 	C:\WINDOWS\SYSTEM32\WSOCK32.dll
0x00007fff58550000 - 0x00007fff585bb000 	C:\WINDOWS\System32\WS2_32.dll
0x00007fff43280000 - 0x00007fff432a7000 	C:\WINDOWS\SYSTEM32\WINMM.dll
0x00007fff4e790000 - 0x00007fff4e79a000 	C:\WINDOWS\SYSTEM32\VERSION.dll
0x00007fff52e30000 - 0x00007fff52e3f000 	C:\Program Files\Java\jdk1.8.0_241\jre\bin\verify.dll
0x00007fff52150000 - 0x00007fff52179000 	C:\Program Files\Java\jdk1.8.0_241\jre\bin\java.dll
0x00007fff4a070000 - 0x00007fff4a093000 	C:\Program Files\Java\jdk1.8.0_241\jre\bin\instrument.dll
0x00007fff51d10000 - 0x00007fff51d26000 	C:\Program Files\Java\jdk1.8.0_241\jre\bin\zip.dll
0x00007fff58ae0000 - 0x00007fff59222000 	C:\WINDOWS\System32\SHELL32.dll
0x00007fff553b0000 - 0x00007fff55b41000 	C:\WINDOWS\SYSTEM32\windows.storage.dll
0x00007fff594c0000 - 0x00007fff59815000 	C:\WINDOWS\System32\combase.dll
0x00007fff56ce0000 - 0x00007fff56d0c000 	C:\WINDOWS\SYSTEM32\Wldp.dll
0x00007fff59230000 - 0x00007fff592de000 	C:\WINDOWS\System32\SHCORE.dll
0x00007fff59420000 - 0x00007fff59475000 	C:\WINDOWS\System32\shlwapi.dll
0x00007fff571b0000 - 0x00007fff571cf000 	C:\WINDOWS\SYSTEM32\profapi.dll
0x00007fff2fa40000 - 0x00007fff2fa5a000 	D:\Program Files\JetBrains\IntelliJ IDEA 2021.1\bin\breakgen64.dll
0x00007fff3e0c0000 - 0x00007fff3e0da000 	C:\Program Files\Java\jdk1.8.0_241\jre\bin\net.dll
0x00007fff56a50000 - 0x00007fff56aba000 	C:\WINDOWS\system32\mswsock.dll
0x00007fff36a60000 - 0x00007fff36a93000 	C:\Program Files (x86)\Sangfor\SSL\ClientComponent\1_SangforNspX64.dll
0x00007fff58040000 - 0x00007fff5816a000 	C:\WINDOWS\System32\ole32.dll
0x00007fff57b90000 - 0x00007fff57c5d000 	C:\WINDOWS\System32\OLEAUT32.dll
0x00007fff56730000 - 0x00007fff567fc000 	C:\WINDOWS\SYSTEM32\DNSAPI.dll
0x00007fff566f0000 - 0x00007fff5672b000 	C:\WINDOWS\SYSTEM32\IPHLPAPI.DLL
0x00007fff594b0000 - 0x00007fff594b8000 	C:\WINDOWS\System32\NSI.dll
0x00007fff45660000 - 0x00007fff4566a000 	C:\Windows\System32\rasadhlp.dll
0x00007fff43820000 - 0x00007fff4389f000 	C:\WINDOWS\System32\fwpuclnt.dll
0x00007fff57740000 - 0x00007fff57767000 	C:\WINDOWS\System32\bcrypt.dll
0x00007fff52140000 - 0x00007fff5214d000 	C:\Program Files\Java\jdk1.8.0_241\jre\bin\management.dll
0x00007fff2fa60000 - 0x00007fff2fa72000 	C:\Program Files\Java\jdk1.8.0_241\jre\bin\nio.dll
0x00007fff56c20000 - 0x00007fff56c38000 	C:\WINDOWS\SYSTEM32\CRYPTSP.dll
0x00007fff56380000 - 0x00007fff563b4000 	C:\WINDOWS\system32\rsaenh.dll
0x00007fff57170000 - 0x00007fff5719e000 	C:\WINDOWS\SYSTEM32\USERENV.dll
0x00007fff572a0000 - 0x00007fff57320000 	C:\WINDOWS\System32\bcryptprimitives.dll
0x00007fff56c40000 - 0x00007fff56c4c000 	C:\WINDOWS\SYSTEM32\CRYPTBASE.dll
0x00007fff4aea0000 - 0x00007fff4aeb7000 	C:\WINDOWS\SYSTEM32\dhcpcsvc6.DLL
0x00007fff4ae80000 - 0x00007fff4ae9d000 	C:\WINDOWS\SYSTEM32\dhcpcsvc.DLL
0x00007fff30600000 - 0x00007fff30617000 	C:\WINDOWS\system32\napinsp.dll
0x00007fff305e0000 - 0x00007fff305fb000 	C:\WINDOWS\system32\pnrpnsp.dll
0x00007fff51590000 - 0x00007fff515a5000 	C:\WINDOWS\system32\wshbth.dll
0x00007fff52cd0000 - 0x00007fff52ced000 	C:\WINDOWS\system32\NLAapi.dll
0x00007fff305c0000 - 0x00007fff305d2000 	C:\WINDOWS\System32\winrnr.dll
0x00007fff1cff0000 - 0x00007fff1d1b9000 	D:\Develop_env\lac4javawin\libiomp5md.dll
0x00007ffef75a0000 - 0x00007ffefd1c0000 	D:\Develop_env\lac4javawin\mklml.dll
0x00007fff19db0000 - 0x00007fff19e9f000 	C:\WINDOWS\SYSTEM32\MSVCR120.dll
0x00007fff12aa0000 - 0x00007fff13832000 	D:\Develop_env\lac4javawin\mkldnn.dll
0x00007fff2f4d0000 - 0x00007fff2f4f9000 	C:\WINDOWS\SYSTEM32\VCOMP140.DLL
0x00007fff10c90000 - 0x00007fff12a94000 	D:\Develop_env\lac4javawin\lacjni.dll
0x00007fff303a0000 - 0x00007fff30584000 	C:\WINDOWS\SYSTEM32\dbghelp.dll

VM Arguments:
jvm_args: -Djava.library.path=D:\Develop_env\lac4javawin -XX:TieredStopAtLevel=1 -Xverify:none -Dspring.output.ansi.enabled=always -javaagent:D:\Program Files\JetBrains\IntelliJ IDEA 2021.1\lib\idea_rt.jar=62178:D:\Program Files\JetBrains\IntelliJ IDEA 2021.1\bin -Dcom.sun.management.jmxremote -Dspring.jmx.enabled=true -Dspring.liveBeansView.mbeanDomain -Dspring.application.admin.enabled=true -Dfile.encoding=UTF-8 
java_command: com.carry.recruitment.RecruitmentApplication
java_class_path (initial): C:\Program Files\Java\jdk1.8.0_241\jre\lib\charsets.jar;C:\Program Files\Java\jdk1.8.0_241\jre\lib\deploy.jar;C:\Program Files\Java\jdk1.8.0_241\jre\lib\ext\access-bridge-64.jar;C:\Program Files\Java\jdk1.8.0_241\jre\lib\ext\cldrdata.jar;C:\Program Files\Java\jdk1.8.0_241\jre\lib\ext\dnsns.jar;C:\Program Files\Java\jdk1.8.0_241\jre\lib\ext\jaccess.jar;C:\Program Files\Java\jdk1.8.0_241\jre\lib\ext\jfxrt.jar;C:\Program Files\Java\jdk1.8.0_241\jre\lib\ext\localedata.jar;C:\Program Files\Java\jdk1.8.0_241\jre\lib\ext\nashorn.jar;C:\Program Files\Java\jdk1.8.0_241\jre\lib\ext\sunec.jar;C:\Program Files\Java\jdk1.8.0_241\jre\lib\ext\sunjce_provider.jar;C:\Program Files\Java\jdk1.8.0_241\jre\lib\ext\sunmscapi.jar;C:\Program Files\Java\jdk1.8.0_241\jre\lib\ext\sunpkcs11.jar;C:\Program Files\Java\jdk1.8.0_241\jre\lib\ext\zipfs.jar;C:\Program Files\Java\jdk1.8.0_241\jre\lib\javaws.jar;C:\Program Files\Java\jdk1.8.0_241\jre\lib\jce.jar;C:\Program Files\Java\jdk1.8.0_241\jre\lib\jfr.jar;C:\Program Files\Java\jdk1.8.0_241\jre\lib\jfxswt.jar;C:\Program Files\Java\jdk1.8.0_241\jre\lib\jsse.jar;C:\Program Files\Java\jdk1.8.0_241\jre\lib\management-agent.jar;C:\Program Files\Java\jdk1.8.0_241\jre\lib\plugin.jar;C:\Program Files\Java\jdk1.8.0_241\jre\lib\resources.jar;C:\Program Files\Java\jdk1.8.0_241\jre\lib\rt.jar;E:\IdeaProjects\Recruitment\target\classes;D:\Develop_env\rep\org\springframework\boot\spring-boot-starter-jdbc\2.4.4\spring-boot-starter-jdbc-2.4.4.jar;D:\Develop_env\rep\org\springframework\boot\spring-boot-starter\2.4.4\spring-boot-starter-2.4.4.jar;D:\Develop_env\rep\org\springframework\boot\spring-boot-starter-logging\2.4.4\spring-boot-starter-logging-2.4.4.jar;D:\Develop_env\rep\ch\qos\logback\logback-classic\1.2.3\logback-classic-1.2.3.jar;D:\Develop_env\lac4javawin;D:\Develop_env\rep\ch\qos\logback\logback-core\1.2.3\logback-core-1.2.3.jar;D:\Develop_env\rep\org\apache\logging\log4j\log4j-to-slf4j\2.13.3\log4j-to-slf4j-2.13.3.jar;D:\
Launcher Type: SUN_STANDARD

Environment Variables:
JAVA_HOME=C:\Program Files\Java\jdk1.8.0_241
CLASSPATH=.;C:\Program Files\Java\jdk1.8.0_241\lib;C:\Program Files\Java\jdk1.8.0_241\lib\tools.jar
PATH=C:\Program Files\Java\jdk1.8.0_241\bin;C:\Program Files\Java\jdk1.8.0_241\jre\bin;C:\Program Files (x86)\Common Files\Oracle\Java\javapath;C:\ProgramData\Oracle\Java\javapath;D:\Program Files\NetSarang\Xlpd 6\;D:\Program Files\NetSarang\Xftp 6\;D:\Program Files\NetSarang\Xshell 6\;D:\Program Files\NetSarang\Xmanager 6\;C:\Program Files (x86)\Intel\Intel(R) Management Engine Components\iCLS\;C:\Program Files\Intel\Intel(R) Management Engine Components\iCLS\;C:\Windows\system32;C:\Windows;C:\Windows\System32\Wbem;C:\Windows\System32\WindowsPowerShell\v1.0\;C:\Windows\System32\OpenSSH\;C:\Program Files (x86)\Intel\Intel(R) Management Engine Components\DAL;C:\Program Files\Intel\Intel(R) Management Engine Components\DAL;C:\Program Files (x86)\Intel\Intel(R) Management Engine Components\IPT;C:\Program Files\Intel\Intel(R) Management Engine Components\IPT;C:\Program Files (x86)\NVIDIA Corporation\PhysX\Common;C:\Program Files\NVIDIA Corporation\NVIDIA NvDLISR;C:\WINDOWS\system32;C:\WINDOWS;C:\WINDOWS\System32\Wbem;C:\WINDOWS\System32\WindowsPowerShell\v1.0\;C:\WINDOWS\System32\OpenSSH\;D:\xampp\php;D:\Program Files\Git\cmd;D:\Program Files\Python2;D:\Program Files\Python2\Scripts;D:\Program Files\Python3;D:\Program Files\Python3\Scripts;D:\Develop_env\apache-maven-3.6.3\bin;D:\Program Files\platform-tools;D:\Program Files\Python3\Scripts\;D:\Program Files\Python3\;C:\Users\zkl90\AppData\Local\Programs\Python\Python37\Scripts\;C:\Users\zkl90\AppData\Local\Programs\Python\Python37\;C:\Users\zkl90\AppData\Local\Microsoft\WindowsApps;D:\Program Files\BandZip\;C:\Users\zkl90\AppData\Roaming\nvm;C:\Program Files\nodejs;D:\Program Files\IntelliJ IDEA 2019.3.2\bin;;C:\Users\zkl90\AppData\Local\Microsoft\WindowsApps
USERNAME=zkl90
OS=Windows_NT
PROCESSOR_IDENTIFIER=Intel64 Family 6 Model 142 Stepping 9, GenuineIntel



---------------  S Y S T E M  ---------------

OS: Windows 10.0 , 64 bit Build 19041 (10.0.19041.928)

CPU:total 4 (initial active 4) (2 cores per cpu, 2 threads per core) family 6 model 142 stepping 9, cmov, cx8, fxsr, mmx, sse, sse2, sse3, ssse3, sse4.1, sse4.2, popcnt, avx, avx2, aes, clmul, erms, 3dnowpref, lzcnt, ht, tsc, tscinvbit, bmi1, bmi2, adx

Memory: 4k page, physical 8295652k(1888480k free), swap 8295652k(688948k free)

vm_info: Java HotSpot(TM) 64-Bit Server VM (25.241-b07) for windows-amd64 JRE (1.8.0_241-b07), built on Dec 11 2019 10:21:40 by "rejava" with MS VC++ 10.0 (VS2010)

time: Sat Apr 17 20:31:56 2021
timezone: 中国标准时间
elapsed time: 9 seconds (0d 0h 0m 9s)

