#
# A fatal error has been detected by the Java Runtime Environment:
#
#  EXCEPTION_UNCAUGHT_CXX_EXCEPTION (0xe06d7363) at pc=0x00007fff57404b59, pid=1904, tid=0x0000000000002808
#
# JRE version: Java(TM) SE Runtime Environment (8.0_241-b07) (build 1.8.0_241-b07)
# Java VM: Java HotSpot(TM) 64-Bit Server VM (25.241-b07 mixed mode windows-amd64 compressed oops)
# Problematic frame:
# C  [KERNELBASE.dll+0x34b59]
#
# Failed to write core dump. Minidumps are not enabled by default on client versions of Windows
#
# If you would like to submit a bug report, please visit:
#   http://bugreport.java.com/bugreport/crash.jsp
# The crash happened outside the Java Virtual Machine in native code.
# See problematic frame for where to report the bug.
#

---------------  T H R E A D  ---------------

Current thread (0x000000001b658800):  JavaThread "http-nio-80-exec-1" daemon [_thread_in_native, id=10248, stack(0x000000001d710000,0x000000001d810000)]

siginfo: ExceptionCode=0xe06d7363, ExceptionInformation=0x0000000019930520 0x000000001d80c8b0 0x00007fff126aef78 0x00007fff10c90000 

Registers:
RAX=0x0000000000000000, RBX=0x00007fff126aef78, RCX=0x0000000000000000, RDX=0x0000000000000000
RSP=0x000000001d80a2a0, RBP=0x000000001d80c6c0, RSI=0x000000001d80c8b0, RDI=0x0000000019930520
R8 =0x0000000000000000, R9 =0x0000000000000000, R10=0x0000000000000000, R11=0x0000000000000000
R12=0x000000001d80a4b0, R13=0x0000000000000000, R14=0x000000001d80b328, R15=0x0000000000000000
RIP=0x00007fff57404b59, EFLAGS=0x0000000000000202

Top of Stack: (sp=0x000000001d80a2a0)
0x000000001d80a2a0:   0000000000000000 00007fff126aef78
0x000000001d80a2b0:   000000001d80c8b0 00007fff11f697c0
0x000000001d80a2c0:   00000001e06d7363 0000000000000000
0x000000001d80a2d0:   00007fff57404b59 0000000000000004
0x000000001d80a2e0:   0000000019930520 000000001d80c8b0
0x000000001d80a2f0:   00007fff126aef78 00007fff10c90000
0x000000001d80a300:   0000000000000000 000000001d80a4b0
0x000000001d80a310:   000000001d80c8b0 000000001d80c6c0
0x000000001d80a320:   000000001d80a3a0 00007fff59b64a5f
0x000000001d80a330:   0000000019930520 0000000000000000
0x000000001d80a340:   000000001d80b1c0 00007fff10cd1293
0x000000001d80a350:   00007fff129a9000 00007fff10c90000
0x000000001d80a360:   0000752d7241b61f 00007fff00000004
0x000000001d80a370:   00007fff126aef78 00007fff11f437ac
0x000000001d80a380:   000000001d80c8b0 00007fff120b8010
0x000000001d80a390:   000000001d80c6f0 fffffffffffffffe 

Instructions: (pc=0x00007fff57404b59)
0x00007fff57404b39:   8b d1 44 0f 47 c0 44 89 44 24 38 49 c1 e0 03 e8
0x00007fff57404b49:   9a d1 05 00 48 8d 4c 24 20 48 ff 15 af 9f 18 00
0x00007fff57404b59:   0f 1f 44 00 00 48 8b 8c 24 c0 00 00 00 48 33 cc
0x00007fff57404b69:   e8 72 95 05 00 48 81 c4 d8 00 00 00 c3 cc 83 64 


Register to memory mapping:

RAX=0x0000000000000000 is an unknown value
RBX=0x00007fff126aef78 is an unknown value
RCX=0x0000000000000000 is an unknown value
RDX=0x0000000000000000 is an unknown value
RSP=0x000000001d80a2a0 is pointing into the stack for thread: 0x000000001b658800
RBP=0x000000001d80c6c0 is pointing into the stack for thread: 0x000000001b658800
RSI=0x000000001d80c8b0 is pointing into the stack for thread: 0x000000001b658800
RDI=0x0000000019930520 is an unknown value
R8 =0x0000000000000000 is an unknown value
R9 =0x0000000000000000 is an unknown value
R10=0x0000000000000000 is an unknown value
R11=0x0000000000000000 is an unknown value
R12=0x000000001d80a4b0 is pointing into the stack for thread: 0x000000001b658800
R13=0x0000000000000000 is an unknown value
R14=0x000000001d80b328 is pointing into the stack for thread: 0x000000001b658800
R15=0x0000000000000000 is an unknown value


Stack: [0x000000001d710000,0x000000001d810000],  sp=0x000000001d80a2a0,  free space=1000k
Native frames: (J=compiled Java code, j=interpreted, Vv=VM code, C=native code)
C  [KERNELBASE.dll+0x34b59]
C  [lacjni.dll+0x12b37ac]
C  [lacjni.dll+0x130b721]
C  [lacjni.dll+0x12c03e0]
C  [lacjni.dll+0x12b7f0c]
C  [ntdll.dll+0xa1406]
C  [lacjni.dll+0x54895]
C  [lacjni.dll+0x567e6]
C  [lacjni.dll+0x5467b]
C  [lacjni.dll+0x4a2a8]
C  [lacjni.dll+0x4a366]
C  [lacjni.dll+0x2e514]
C  [lacjni.dll+0x3d6c2]
C  0x0000000002a68c67

Java frames: (J=compiled Java code, j=interpreted, Vv=VM code)
j  com.baidu.nlp.LAC.init(Ljava/lang/String;)V+0
j  com.baidu.nlp.LAC.<init>(Ljava/lang/String;)V+6
j  com.carry.recruitment.util.LacUtil.run(Ljava/lang/String;)Lcom/carry/recruitment/entity/Lac;+15
j  com.carry.recruitment.controller.StuController.index(Lorg/springframework/ui/Model;Lcom/carry/recruitment/entity/Stu;Ljavax/servlet/http/HttpServletRequest;)Ljava/lang/String;+2
v  ~StubRoutines::call_stub
J 2088  sun.reflect.NativeMethodAccessorImpl.invoke0(Ljava/lang/reflect/Method;Ljava/lang/Object;[Ljava/lang/Object;)Ljava/lang/Object; (0 bytes) @ 0x0000000002ea4cbf [0x0000000002ea4c40+0x7f]
J 1789 C1 sun.reflect.NativeMethodAccessorImpl.invoke(Ljava/lang/Object;[Ljava/lang/Object;)Ljava/lang/Object; (104 bytes) @ 0x0000000002e1ae9c [0x0000000002e1ab20+0x37c]
J 1767 C1 sun.reflect.DelegatingMethodAccessorImpl.invoke(Ljava/lang/Object;[Ljava/lang/Object;)Ljava/lang/Object; (10 bytes) @ 0x0000000002e16124 [0x0000000002e160e0+0x44]
J 1766 C1 java.lang.reflect.Method.invoke(Ljava/lang/Object;[Ljava/lang/Object;)Ljava/lang/Object; (62 bytes) @ 0x0000000002e15554 [0x0000000002e15460+0xf4]
j  org.springframework.web.method.support.InvocableHandlerMethod.doInvoke([Ljava/lang/Object;)Ljava/lang/Object;+32
j  org.springframework.web.method.support.InvocableHandlerMethod.invokeForRequest(Lorg/springframework/web/context/request/NativeWebRequest;Lorg/springframework/web/method/support/ModelAndViewContainer;[Ljava/lang/Object;)Ljava/lang/Object;+54
j  org.springframework.web.servlet.mvc.method.annotation.ServletInvocableHandlerMethod.invokeAndHandle(Lorg/springframework/web/context/request/ServletWebRequest;Lorg/springframework/web/method/support/ModelAndViewContainer;[Ljava/lang/Object;)V+4
j  org.springframework.web.servlet.mvc.method.annotation.RequestMappingHandlerAdapter.invokeHandlerMethod(Ljavax/servlet/http/HttpServletRequest;Ljavax/servlet/http/HttpServletResponse;Lorg/springframework/web/method/HandlerMethod;)Lorg/springframework/web/servlet/ModelAndView;+244
j  org.springframework.web.servlet.mvc.method.annotation.RequestMappingHandlerAdapter.handleInternal(Ljavax/servlet/http/HttpServletRequest;Ljavax/servlet/http/HttpServletResponse;Lorg/springframework/web/method/HandlerMethod;)Lorg/springframework/web/servlet/ModelAndView;+81
j  org.springframework.web.servlet.mvc.method.AbstractHandlerMethodAdapter.handle(Ljavax/servlet/http/HttpServletRequest;Ljavax/servlet/http/HttpServletResponse;Ljava/lang/Object;)Lorg/springframework/web/servlet/ModelAndView;+7
j  org.springframework.web.servlet.DispatcherServlet.doDispatch(Ljavax/servlet/http/HttpServletRequest;Ljavax/servlet/http/HttpServletResponse;)V+257
j  org.springframework.web.servlet.DispatcherServlet.doService(Ljavax/servlet/http/HttpServletRequest;Ljavax/servlet/http/HttpServletResponse;)V+241
j  org.springframework.web.servlet.FrameworkServlet.processRequest(Ljavax/servlet/http/HttpServletRequest;Ljavax/servlet/http/HttpServletResponse;)V+71
j  org.springframework.web.servlet.FrameworkServlet.doGet(Ljavax/servlet/http/HttpServletRequest;Ljavax/servlet/http/HttpServletResponse;)V+3
j  javax.servlet.http.HttpServlet.service(Ljavax/servlet/http/HttpServletRequest;Ljavax/servlet/http/HttpServletResponse;)V+35
j  org.springframework.web.servlet.FrameworkServlet.service(Ljavax/servlet/http/HttpServletRequest;Ljavax/servlet/http/HttpServletResponse;)V+33
j  javax.servlet.http.HttpServlet.service(Ljavax/servlet/ServletRequest;Ljavax/servlet/ServletResponse;)V+36
j  org.apache.catalina.core.ApplicationFilterChain.internalDoFilter(Ljavax/servlet/ServletRequest;Ljavax/servlet/ServletResponse;)V+304
j  org.apache.catalina.core.ApplicationFilterChain.doFilter(Ljavax/servlet/ServletRequest;Ljavax/servlet/ServletResponse;)V+99
j  org.apache.tomcat.websocket.server.WsFilter.doFilter(Ljavax/servlet/ServletRequest;Ljavax/servlet/ServletResponse;Ljavax/servlet/FilterChain;)V+21
j  org.apache.catalina.core.ApplicationFilterChain.internalDoFilter(Ljavax/servlet/ServletRequest;Ljavax/servlet/ServletResponse;)V+135
j  org.apache.catalina.core.ApplicationFilterChain.doFilter(Ljavax/servlet/ServletRequest;Ljavax/servlet/ServletResponse;)V+99
j  org.springframework.web.filter.RequestContextFilter.doFilterInternal(Ljavax/servlet/http/HttpServletRequest;Ljavax/servlet/http/HttpServletResponse;Ljavax/servlet/FilterChain;)V+21
j  org.springframework.web.filter.OncePerRequestFilter.doFilter(Ljavax/servlet/ServletRequest;Ljavax/servlet/ServletResponse;Ljavax/servlet/FilterChain;)V+147
j  org.apache.catalina.core.ApplicationFilterChain.internalDoFilter(Ljavax/servlet/ServletRequest;Ljavax/servlet/ServletResponse;)V+135
j  org.apache.catalina.core.ApplicationFilterChain.doFilter(Ljavax/servlet/ServletRequest;Ljavax/servlet/ServletResponse;)V+99
j  org.springframework.web.filter.FormContentFilter.doFilterInternal(Ljavax/servlet/http/HttpServletRequest;Ljavax/servlet/http/HttpServletResponse;Ljavax/servlet/FilterChain;)V+38
j  org.springframework.web.filter.OncePerRequestFilter.doFilter(Ljavax/servlet/ServletRequest;Ljavax/servlet/ServletResponse;Ljavax/servlet/FilterChain;)V+147
j  org.apache.catalina.core.ApplicationFilterChain.internalDoFilter(Ljavax/servlet/ServletRequest;Ljavax/servlet/ServletResponse;)V+135
j  org.apache.catalina.core.ApplicationFilterChain.doFilter(Ljavax/servlet/ServletRequest;Ljavax/servlet/ServletResponse;)V+99
j  org.springframework.web.filter.CharacterEncodingFilter.doFilterInternal(Ljavax/servlet/http/HttpServletRequest;Ljavax/servlet/http/HttpServletResponse;Ljavax/servlet/FilterChain;)V+53
j  org.springframework.web.filter.OncePerRequestFilter.doFilter(Ljavax/servlet/ServletRequest;Ljavax/servlet/ServletResponse;Ljavax/servlet/FilterChain;)V+147
j  org.apache.catalina.core.ApplicationFilterChain.internalDoFilter(Ljavax/servlet/ServletRequest;Ljavax/servlet/ServletResponse;)V+135
j  org.apache.catalina.core.ApplicationFilterChain.doFilter(Ljavax/servlet/ServletRequest;Ljavax/servlet/ServletResponse;)V+99
j  org.apache.catalina.core.StandardWrapperValve.invoke(Lorg/apache/catalina/connector/Request;Lorg/apache/catalina/connector/Response;)V+694
j  org.apache.catalina.core.StandardContextValve.invoke(Lorg/apache/catalina/connector/Request;Lorg/apache/catalina/connector/Response;)V+169
j  org.apache.catalina.authenticator.AuthenticatorBase.invoke(Lorg/apache/catalina/connector/Request;Lorg/apache/catalina/connector/Response;)V+260
j  org.apache.catalina.core.StandardHostValve.invoke(Lorg/apache/catalina/connector/Request;Lorg/apache/catalina/connector/Response;)V+128
j  org.apache.catalina.valves.ErrorReportValve.invoke(Lorg/apache/catalina/connector/Request;Lorg/apache/catalina/connector/Response;)V+6
j  org.apache.catalina.core.StandardEngineValve.invoke(Lorg/apache/catalina/connector/Request;Lorg/apache/catalina/connector/Response;)V+59
j  org.apache.catalina.connector.CoyoteAdapter.service(Lorg/apache/coyote/Request;Lorg/apache/coyote/Response;)V+199
j  org.apache.coyote.http11.Http11Processor.service(Lorg/apache/tomcat/util/net/SocketWrapperBase;)Lorg/apache/tomcat/util/net/AbstractEndpoint$Handler$SocketState;+737
j  org.apache.coyote.AbstractProcessorLight.process(Lorg/apache/tomcat/util/net/SocketWrapperBase;Lorg/apache/tomcat/util/net/SocketEvent;)Lorg/apache/tomcat/util/net/AbstractEndpoint$Handler$SocketState;+170
j  org.apache.coyote.AbstractProtocol$ConnectionHandler.process(Lorg/apache/tomcat/util/net/SocketWrapperBase;Lorg/apache/tomcat/util/net/SocketEvent;)Lorg/apache/tomcat/util/net/AbstractEndpoint$Handler$SocketState;+505
j  org.apache.tomcat.util.net.NioEndpoint$SocketProcessor.doRun()V+216
j  org.apache.tomcat.util.net.SocketProcessorBase.run()V+21
j  java.util.concurrent.ThreadPoolExecutor.runWorker(Ljava/util/concurrent/ThreadPoolExecutor$Worker;)V+95
j  java.util.concurrent.ThreadPoolExecutor$Worker.run()V+5
j  org.apache.tomcat.util.threads.TaskThread$WrappingRunnable.run()V+4
j  java.lang.Thread.run()V+11
v  ~StubRoutines::call_stub

---------------  P R O C E S S  ---------------

Java Threads: ( => current thread )
  0x0000000019502000 JavaThread "RMI TCP Connection(3)-10.183.0.118" daemon [_thread_in_native, id=8644, stack(0x000000001a240000,0x000000001a340000)]
  0x0000000019500000 JavaThread "RMI TCP Connection(2)-10.183.0.118" daemon [_thread_in_native, id=5968, stack(0x000000001a140000,0x000000001a240000)]
  0x00000000194ff000 JavaThread "DestroyJavaVM" [_thread_blocked, id=12312, stack(0x00000000026b0000,0x00000000027b0000)]
  0x00000000194fe800 JavaThread "http-nio-80-Acceptor" daemon [_thread_in_native, id=2088, stack(0x000000001e210000,0x000000001e310000)]
  0x00000000194fa000 JavaThread "http-nio-80-ClientPoller" daemon [_thread_in_native, id=9992, stack(0x000000001e110000,0x000000001e210000)]
  0x00000000194fd800 JavaThread "http-nio-80-exec-10" daemon [_thread_blocked, id=7320, stack(0x000000001e010000,0x000000001e110000)]
  0x0000000019500800 JavaThread "http-nio-80-exec-9" daemon [_thread_blocked, id=1656, stack(0x000000001df10000,0x000000001e010000)]
  0x00000000194fb800 JavaThread "http-nio-80-exec-8" daemon [_thread_blocked, id=7792, stack(0x000000001de10000,0x000000001df10000)]
  0x00000000194fa800 JavaThread "http-nio-80-exec-7" daemon [_thread_blocked, id=12556, stack(0x000000001dd10000,0x000000001de10000)]
  0x000000001b657000 JavaThread "http-nio-80-exec-6" daemon [_thread_blocked, id=7224, stack(0x000000001dc10000,0x000000001dd10000)]
  0x000000001b654000 JavaThread "http-nio-80-exec-5" daemon [_thread_blocked, id=9400, stack(0x000000001db10000,0x000000001dc10000)]
  0x000000001b653000 JavaThread "http-nio-80-exec-4" daemon [_thread_blocked, id=12596, stack(0x000000001da10000,0x000000001db10000)]
  0x000000001b65a000 JavaThread "http-nio-80-exec-3" daemon [_thread_blocked, id=264, stack(0x000000001d910000,0x000000001da10000)]
  0x000000001b659000 JavaThread "http-nio-80-exec-2" daemon [_thread_blocked, id=10476, stack(0x000000001d810000,0x000000001d910000)]
=>0x000000001b658800 JavaThread "http-nio-80-exec-1" daemon [_thread_in_native, id=10248, stack(0x000000001d710000,0x000000001d810000)]
  0x000000001b656000 JavaThread "http-nio-80-BlockPoller" daemon [_thread_in_native, id=9660, stack(0x000000001d310000,0x000000001d410000)]
  0x000000001b657800 JavaThread "Live Reload Server" daemon [_thread_in_native, id=2632, stack(0x000000001d410000,0x000000001d510000)]
  0x000000001b655800 JavaThread "File Watcher" daemon [_thread_blocked, id=8292, stack(0x000000001cf10000,0x000000001d010000)]
  0x000000001b654800 JavaThread "Druid-ConnectionPool-Destroy-1477575843" daemon [_thread_blocked, id=9144, stack(0x000000001ca10000,0x000000001cb10000)]
  0x000000001b650800 JavaThread "Druid-ConnectionPool-Create-1477575843" daemon [_thread_blocked, id=13212, stack(0x000000001c910000,0x000000001ca10000)]
  0x000000001b63b800 JavaThread "mysql-cj-abandoned-connection-cleanup" daemon [_thread_blocked, id=8948, stack(0x000000001c810000,0x000000001c910000)]
  0x000000001b5b7000 JavaThread "container-0" [_thread_blocked, id=7656, stack(0x000000001c710000,0x000000001c810000)]
  0x000000001b5b6000 JavaThread "Catalina-utility-2" [_thread_blocked, id=6452, stack(0x000000001c610000,0x000000001c710000)]
  0x000000001b5b5000 JavaThread "Catalina-utility-1" [_thread_blocked, id=10148, stack(0x000000001a740000,0x000000001a840000)]
  0x0000000019aaf000 JavaThread "RMI Scheduler(0)" daemon [_thread_blocked, id=7408, stack(0x000000001ab40000,0x000000001ac40000)]
  0x0000000019aa9800 JavaThread "RMI TCP Connection(1)-10.183.0.118" daemon [_thread_in_native, id=8944, stack(0x000000001aa40000,0x000000001ab40000)]
  0x000000001957a800 JavaThread "RMI TCP Accept-0" daemon [_thread_in_native, id=10716, stack(0x0000000019c90000,0x0000000019d90000)]
  0x0000000018bbc000 JavaThread "Service Thread" daemon [_thread_blocked, id=7988, stack(0x0000000019300000,0x0000000019400000)]
  0x0000000018bbb000 JavaThread "C1 CompilerThread2" daemon [_thread_blocked, id=6648, stack(0x0000000019200000,0x0000000019300000)]
  0x0000000018bac800 JavaThread "C2 CompilerThread1" daemon [_thread_blocked, id=11096, stack(0x0000000019100000,0x0000000019200000)]
  0x0000000018bab000 JavaThread "C2 CompilerThread0" daemon [_thread_blocked, id=5464, stack(0x0000000019000000,0x0000000019100000)]
  0x0000000018b87000 JavaThread "Monitor Ctrl-Break" daemon [_thread_in_native, id=7948, stack(0x0000000018f00000,0x0000000019000000)]
  0x0000000018942800 JavaThread "Attach Listener" daemon [_thread_blocked, id=7892, stack(0x0000000018e00000,0x0000000018f00000)]
  0x00000000175c5000 JavaThread "Signal Dispatcher" daemon [_thread_blocked, id=4724, stack(0x0000000018d00000,0x0000000018e00000)]
  0x0000000002a4a800 JavaThread "Finalizer" daemon [_thread_blocked, id=7424, stack(0x0000000018800000,0x0000000018900000)]
  0x0000000002a47000 JavaThread "Reference Handler" daemon [_thread_blocked, id=5944, stack(0x0000000018700000,0x0000000018800000)]

Other Threads:
  0x0000000017578000 VMThread [stack: 0x0000000018600000,0x0000000018700000] [id=9268]
  0x000000001958e800 WatcherThread [stack: 0x0000000019d90000,0x0000000019e90000] [id=6844]

VM state:not at safepoint (normal execution)

VM Mutex/Monitor currently owned by a thread: None

heap address: 0x0000000081600000, size: 2026 MB, Compressed Oops mode: 32-bit
Narrow klass base: 0x0000000000000000, Narrow klass shift: 3
Compressed class space size: 1073741824 Address: 0x0000000100000000

Heap:
 PSYoungGen      total 255488K, used 76705K [0x00000000d5d00000, 0x00000000e6580000, 0x0000000100000000)
  eden space 243712K, 31% used [0x00000000d5d00000,0x00000000da7e8720,0x00000000e4b00000)
  from space 11776K, 0% used [0x00000000e5680000,0x00000000e5680000,0x00000000e6200000)
  to   space 11776K, 0% used [0x00000000e4b00000,0x00000000e4b00000,0x00000000e5680000)
 ParOldGen       total 61952K, used 13781K [0x0000000081600000, 0x0000000085280000, 0x00000000d5d00000)
  object space 61952K, 22% used [0x0000000081600000,0x00000000823754b0,0x0000000085280000)
 Metaspace       used 37259K, capacity 39724K, committed 39808K, reserved 1083392K
  class space    used 5026K, capacity 5489K, committed 5504K, reserved 1048576K

Card table byte_map: [0x0000000011e10000,0x0000000012210000] byte_map_base: 0x0000000011a05000

Marking Bits: (ParMarkBitMap*) 0x0000000067fdbe30
 Begin Bits: [0x00000000128c0000, 0x0000000014868000)
 End Bits:   [0x0000000014868000, 0x0000000016810000)

Polling page: 0x0000000000720000

CodeCache: size=245760Kb used=7365Kb max_used=7365Kb free=238394Kb
 bounds [0x0000000002a50000, 0x0000000003190000, 0x0000000011a50000]
 total_blobs=4160 nmethods=3695 adapters=377
 compilation: enabled

Compilation events (10 events):
Event: 21.857 Thread 0x0000000018bbb000 3688       1       org.springframework.core.annotation.AnnotationAwareOrderComparator::findOrder (18 bytes)
Event: 21.857 Thread 0x0000000018bbb000 nmethod 3688 0x000000000317e950 code [0x000000000317eae0, 0x000000000317ed48]
Event: 21.858 Thread 0x0000000018bbb000 3690       1       sun.util.calendar.CalendarDate::getYear (5 bytes)
Event: 21.858 Thread 0x0000000018bbb000 nmethod 3690 0x000000000317ee50 code [0x000000000317efa0, 0x000000000317f0b0]
Event: 21.865 Thread 0x0000000018bbb000 3691       1       org.apache.tomcat.util.http.MimeHeaderField::getName (5 bytes)
Event: 21.865 Thread 0x0000000018bbb000 nmethod 3691 0x000000000317f110 code [0x000000000317f260, 0x000000000317f370]
Event: 21.885 Thread 0x0000000018bbb000 3693       1       java.lang.invoke.InvokerBytecodeGenerator::emitStaticInvoke (246 bytes)
Event: 21.887 Thread 0x0000000018bbb000 nmethod 3693 0x000000000317f550 code [0x000000000317f7c0, 0x00000000031800d8]
Event: 21.887 Thread 0x0000000018bbb000 3694       1       java.lang.invoke.InvokerBytecodeGenerator::refKindOpcode (112 bytes)
Event: 21.887 Thread 0x0000000018bbb000 nmethod 3694 0x0000000003180bd0 code [0x0000000003180d80, 0x00000000031811f8]

GC Heap History (10 events):
Event: 4.334 GC heap before
{Heap before GC invocations=6 (full 1):
 PSYoungGen      total 71680K, used 5096K [0x00000000d5d00000, 0x00000000df200000, 0x0000000100000000)
  eden space 66560K, 0% used [0x00000000d5d00000,0x00000000d5d00000,0x00000000d9e00000)
  from space 5120K, 99% used [0x00000000d9e00000,0x00000000da2fa020,0x00000000da300000)
  to   space 9728K, 0% used [0x00000000de880000,0x00000000de880000,0x00000000df200000)
 ParOldGen       total 87552K, used 7548K [0x0000000081600000, 0x0000000086b80000, 0x00000000d5d00000)
  object space 87552K, 8% used [0x0000000081600000,0x0000000081d5f0f0,0x0000000086b80000)
 Metaspace       used 20201K, capacity 21228K, committed 21296K, reserved 1067008K
  class space    used 2682K, capacity 2925K, committed 2944K, reserved 1048576K
Event: 4.368 GC heap after
Heap after GC invocations=6 (full 1):
 PSYoungGen      total 71680K, used 0K [0x00000000d5d00000, 0x00000000df200000, 0x0000000100000000)
  eden space 66560K, 0% used [0x00000000d5d00000,0x00000000d5d00000,0x00000000d9e00000)
  from space 5120K, 0% used [0x00000000d9e00000,0x00000000d9e00000,0x00000000da300000)
  to   space 9728K, 0% used [0x00000000de880000,0x00000000de880000,0x00000000df200000)
 ParOldGen       total 47104K, used 6345K [0x0000000081600000, 0x0000000084400000, 0x00000000d5d00000)
  object space 47104K, 13% used [0x0000000081600000,0x0000000081c32538,0x0000000084400000)
 Metaspace       used 20201K, capacity 21228K, committed 21296K, reserved 1067008K
  class space    used 2682K, capacity 2925K, committed 2944K, reserved 1048576K
}
Event: 5.039 GC heap before
{Heap before GC invocations=7 (full 1):
 PSYoungGen      total 71680K, used 66560K [0x00000000d5d00000, 0x00000000df200000, 0x0000000100000000)
  eden space 66560K, 100% used [0x00000000d5d00000,0x00000000d9e00000,0x00000000d9e00000)
  from space 5120K, 0% used [0x00000000d9e00000,0x00000000d9e00000,0x00000000da300000)
  to   space 9728K, 0% used [0x00000000de880000,0x00000000de880000,0x00000000df200000)
 ParOldGen       total 47104K, used 6345K [0x0000000081600000, 0x0000000084400000, 0x00000000d5d00000)
  object space 47104K, 13% used [0x0000000081600000,0x0000000081c32538,0x0000000084400000)
 Metaspace       used 23224K, capacity 24590K, committed 24704K, reserved 1071104K
  class space    used 3134K, capacity 3439K, committed 3456K, reserved 1048576K
Event: 5.045 GC heap after
Heap after GC invocations=7 (full 1):
 PSYoungGen      total 134144K, used 5729K [0x00000000d5d00000, 0x00000000dee80000, 0x0000000100000000)
  eden space 128000K, 0% used [0x00000000d5d00000,0x00000000d5d00000,0x00000000dda00000)
  from space 6144K, 93% used [0x00000000de880000,0x00000000dee18410,0x00000000dee80000)
  to   space 9728K, 0% used [0x00000000ddb80000,0x00000000ddb80000,0x00000000de500000)
 ParOldGen       total 47104K, used 6353K [0x0000000081600000, 0x0000000084400000, 0x00000000d5d00000)
  object space 47104K, 13% used [0x0000000081600000,0x0000000081c34538,0x0000000084400000)
 Metaspace       used 23224K, capacity 24590K, committed 24704K, reserved 1071104K
  class space    used 3134K, capacity 3439K, committed 3456K, reserved 1048576K
}
Event: 6.194 GC heap before
{Heap before GC invocations=8 (full 1):
 PSYoungGen      total 134144K, used 133729K [0x00000000d5d00000, 0x00000000dee80000, 0x0000000100000000)
  eden space 128000K, 100% used [0x00000000d5d00000,0x00000000dda00000,0x00000000dda00000)
  from space 6144K, 93% used [0x00000000de880000,0x00000000dee18410,0x00000000dee80000)
  to   space 9728K, 0% used [0x00000000ddb80000,0x00000000ddb80000,0x00000000de500000)
 ParOldGen       total 47104K, used 6353K [0x0000000081600000, 0x0000000084400000, 0x00000000d5d00000)
  object space 47104K, 13% used [0x0000000081600000,0x0000000081c34538,0x0000000084400000)
 Metaspace       used 32824K, capacity 34788K, committed 35072K, reserved 1079296K
  class space    used 4353K, capacity 4738K, committed 4864K, reserved 1048576K
Event: 6.207 GC heap after
Heap after GC invocations=8 (full 1):
 PSYoungGen      total 139264K, used 9727K [0x00000000d5d00000, 0x00000000e6200000, 0x0000000100000000)
  eden space 129536K, 0% used [0x00000000d5d00000,0x00000000d5d00000,0x00000000ddb80000)
  from space 9728K, 99% used [0x00000000ddb80000,0x00000000de4fff80,0x00000000de500000)
  to   space 11776K, 0% used [0x00000000e5680000,0x00000000e5680000,0x00000000e6200000)
 ParOldGen       total 47104K, used 8456K [0x0000000081600000, 0x0000000084400000, 0x00000000d5d00000)
  object space 47104K, 17% used [0x0000000081600000,0x0000000081e420a8,0x0000000084400000)
 Metaspace       used 32824K, capacity 34788K, committed 35072K, reserved 1079296K
  class space    used 4353K, capacity 4738K, committed 4864K, reserved 1048576K
}
Event: 6.322 GC heap before
{Heap before GC invocations=9 (full 1):
 PSYoungGen      total 139264K, used 25679K [0x00000000d5d00000, 0x00000000e6200000, 0x0000000100000000)
  eden space 129536K, 12% used [0x00000000d5d00000,0x00000000d6c93e90,0x00000000ddb80000)
  from space 9728K, 99% used [0x00000000ddb80000,0x00000000de4fff80,0x00000000de500000)
  to   space 11776K, 0% used [0x00000000e5680000,0x00000000e5680000,0x00000000e6200000)
 ParOldGen       total 47104K, used 8456K [0x0000000081600000, 0x0000000084400000, 0x00000000d5d00000)
  object space 47104K, 17% used [0x0000000081600000,0x0000000081e420a8,0x0000000084400000)
 Metaspace       used 33411K, capacity 35390K, committed 35496K, reserved 1079296K
  class space    used 4435K, capacity 4821K, committed 4864K, reserved 1048576K
Event: 6.334 GC heap after
Heap after GC invocations=9 (full 1):
 PSYoungGen      total 255488K, used 8247K [0x00000000d5d00000, 0x00000000e6580000, 0x0000000100000000)
  eden space 243712K, 0% used [0x00000000d5d00000,0x00000000d5d00000,0x00000000e4b00000)
  from space 11776K, 70% used [0x00000000e5680000,0x00000000e5e8dd10,0x00000000e6200000)
  to   space 11776K, 0% used [0x00000000e4b00000,0x00000000e4b00000,0x00000000e5680000)
 ParOldGen       total 47104K, used 8464K [0x0000000081600000, 0x0000000084400000, 0x00000000d5d00000)
  object space 47104K, 17% used [0x0000000081600000,0x0000000081e440a8,0x0000000084400000)
 Metaspace       used 33411K, capacity 35390K, committed 35496K, reserved 1079296K
  class space    used 4435K, capacity 4821K, committed 4864K, reserved 1048576K
}
Event: 6.334 GC heap before
{Heap before GC invocations=10 (full 2):
 PSYoungGen      total 255488K, used 8247K [0x00000000d5d00000, 0x00000000e6580000, 0x0000000100000000)
  eden space 243712K, 0% used [0x00000000d5d00000,0x00000000d5d00000,0x00000000e4b00000)
  from space 11776K, 70% used [0x00000000e5680000,0x00000000e5e8dd10,0x00000000e6200000)
  to   space 11776K, 0% used [0x00000000e4b00000,0x00000000e4b00000,0x00000000e5680000)
 ParOldGen       total 47104K, used 8464K [0x0000000081600000, 0x0000000084400000, 0x00000000d5d00000)
  object space 47104K, 17% used [0x0000000081600000,0x0000000081e440a8,0x0000000084400000)
 Metaspace       used 33411K, capacity 35390K, committed 35496K, reserved 1079296K
  class space    used 4435K, capacity 4821K, committed 4864K, reserved 1048576K
Event: 6.402 GC heap after
Heap after GC invocations=10 (full 2):
 PSYoungGen      total 255488K, used 0K [0x00000000d5d00000, 0x00000000e6580000, 0x0000000100000000)
  eden space 243712K, 0% used [0x00000000d5d00000,0x00000000d5d00000,0x00000000e4b00000)
  from space 11776K, 0% used [0x00000000e5680000,0x00000000e5680000,0x00000000e6200000)
  to   space 11776K, 0% used [0x00000000e4b00000,0x00000000e4b00000,0x00000000e5680000)
 ParOldGen       total 61952K, used 13781K [0x0000000081600000, 0x0000000085280000, 0x00000000d5d00000)
  object space 61952K, 22% used [0x0000000081600000,0x00000000823754b0,0x0000000085280000)
 Metaspace       used 33411K, capacity 35390K, committed 35496K, reserved 1079296K
  class space    used 4435K, capacity 4821K, committed 4864K, reserved 1048576K
}

Deoptimization events (0 events):
No events

Classes redefined (0 events):
No events

Internal exceptions (10 events):
Event: 6.745 Thread 0x0000000019873800 Exception <a 'java/lang/ArrayIndexOutOfBoundsException'> (0x00000000d770e918) thrown at [C:\ade\jenkins\workspace\8-2-build-windows-amd64-cygwin\jdk8u241\331\hotspot\src\share\vm\runtime\sharedRuntime.cpp, line 605]
Event: 6.745 Thread 0x0000000019873800 Exception <a 'java/lang/ArrayIndexOutOfBoundsException'> (0x00000000d7712898) thrown at [C:\ade\jenkins\workspace\8-2-build-windows-amd64-cygwin\jdk8u241\331\hotspot\src\share\vm\runtime\sharedRuntime.cpp, line 605]
Event: 6.837 Thread 0x0000000019873800 Exception <a 'java/lang/ArrayIndexOutOfBoundsException'> (0x00000000d80bbfb0) thrown at [C:\ade\jenkins\workspace\8-2-build-windows-amd64-cygwin\jdk8u241\331\hotspot\src\share\vm\runtime\sharedRuntime.cpp, line 605]
Event: 6.838 Thread 0x0000000019873800 Exception <a 'java/lang/ArrayIndexOutOfBoundsException'> (0x00000000d80ca268) thrown at [C:\ade\jenkins\workspace\8-2-build-windows-amd64-cygwin\jdk8u241\331\hotspot\src\share\vm\runtime\sharedRuntime.cpp, line 605]
Event: 6.838 Thread 0x0000000019873800 Exception <a 'java/lang/ArrayIndexOutOfBoundsException'> (0x00000000d80cc538) thrown at [C:\ade\jenkins\workspace\8-2-build-windows-amd64-cygwin\jdk8u241\331\hotspot\src\share\vm\runtime\sharedRuntime.cpp, line 605]
Event: 6.838 Thread 0x0000000019873800 Exception <a 'java/lang/ArrayIndexOutOfBoundsException'> (0x00000000d80ce9e0) thrown at [C:\ade\jenkins\workspace\8-2-build-windows-amd64-cygwin\jdk8u241\331\hotspot\src\share\vm\runtime\sharedRuntime.cpp, line 605]
Event: 6.838 Thread 0x0000000019873800 Exception <a 'java/lang/ArrayIndexOutOfBoundsException'> (0x00000000d80d02a8) thrown at [C:\ade\jenkins\workspace\8-2-build-windows-amd64-cygwin\jdk8u241\331\hotspot\src\share\vm\runtime\sharedRuntime.cpp, line 605]
Event: 6.838 Thread 0x0000000019873800 Exception <a 'java/lang/ArrayIndexOutOfBoundsException'> (0x00000000d80d2a80) thrown at [C:\ade\jenkins\workspace\8-2-build-windows-amd64-cygwin\jdk8u241\331\hotspot\src\share\vm\runtime\sharedRuntime.cpp, line 605]
Event: 6.853 Thread 0x0000000019873800 Exception <a 'java/lang/ArrayIndexOutOfBoundsException'> (0x00000000d817e0f0) thrown at [C:\ade\jenkins\workspace\8-2-build-windows-amd64-cygwin\jdk8u241\331\hotspot\src\share\vm\runtime\sharedRuntime.cpp, line 605]
Event: 6.857 Thread 0x0000000019873800 Exception <a 'java/lang/ArrayIndexOutOfBoundsException'> (0x00000000d8199cc8) thrown at [C:\ade\jenkins\workspace\8-2-build-windows-amd64-cygwin\jdk8u241\331\hotspot\src\share\vm\runtime\sharedRuntime.cpp, line 605]

Events (10 events):
Event: 21.905 loading class org/springframework/validation/DefaultMessageCodesResolver
Event: 21.905 loading class org/springframework/validation/DefaultMessageCodesResolver done
Event: 21.906 loading class org/springframework/validation/DefaultMessageCodesResolver$Format$1
Event: 21.906 loading class org/springframework/validation/DefaultMessageCodesResolver$Format$1 done
Event: 21.906 loading class org/springframework/validation/DefaultMessageCodesResolver$Format$2
Event: 21.906 loading class org/springframework/validation/DefaultMessageCodesResolver$Format$2 done
Event: 21.906 loading class org/springframework/beans/PropertyAccessorFactory
Event: 21.906 loading class org/springframework/beans/PropertyAccessorFactory done
Event: 21.907 loading class org/springframework/validation/support/BindingAwareModelMap
Event: 21.907 loading class org/springframework/validation/support/BindingAwareModelMap done


Dynamic libraries:
0x00007ff605750000 - 0x00007ff605787000 	C:\Program Files\Java\jdk1.8.0_241\bin\java.exe
0x00007fff59b30000 - 0x00007fff59d25000 	C:\WINDOWS\SYSTEM32\ntdll.dll
0x00007fff59a30000 - 0x00007fff59aed000 	C:\WINDOWS\System32\KERNEL32.DLL
0x00007fff573d0000 - 0x00007fff57698000 	C:\WINDOWS\System32\KERNELBASE.dll
0x00007fff598e0000 - 0x00007fff5998c000 	C:\WINDOWS\System32\ADVAPI32.dll
0x00007fff585c0000 - 0x00007fff5865e000 	C:\WINDOWS\System32\msvcrt.dll
0x00007fff59990000 - 0x00007fff59a2b000 	C:\WINDOWS\System32\sechost.dll
0x00007fff57e80000 - 0x00007fff57fab000 	C:\WINDOWS\System32\RPCRT4.dll
0x00007fff57c80000 - 0x00007fff57e20000 	C:\WINDOWS\System32\USER32.dll
0x00007fff57270000 - 0x00007fff57292000 	C:\WINDOWS\System32\win32u.dll
0x00007fff59480000 - 0x00007fff594aa000 	C:\WINDOWS\System32\GDI32.dll
0x00007fff57a80000 - 0x00007fff57b8b000 	C:\WINDOWS\System32\gdi32full.dll
0x00007fff576a0000 - 0x00007fff5773d000 	C:\WINDOWS\System32\msvcp_win.dll
0x00007fff578d0000 - 0x00007fff579d0000 	C:\WINDOWS\System32\ucrtbase.dll
0x00007fff457a0000 - 0x00007fff45a3a000 	C:\WINDOWS\WinSxS\amd64_microsoft.windows.common-controls_6595b64144ccf1df_6.0.19041.844_none_ca00b6081b84eb1d\COMCTL32.dll
0x00007fff57fb0000 - 0x00007fff57fe0000 	C:\WINDOWS\System32\IMM32.DLL
0x00000000695b0000 - 0x0000000069682000 	C:\Program Files\Java\jdk1.8.0_241\jre\bin\msvcr100.dll
0x00000000677b0000 - 0x000000006805c000 	C:\Program Files\Java\jdk1.8.0_241\jre\bin\server\jvm.dll
0x00007fff598d0000 - 0x00007fff598d8000 	C:\WINDOWS\System32\PSAPI.DLL
0x00007fff52130000 - 0x00007fff52139000 	C:\WINDOWS\SYSTEM32\WSOCK32.dll
0x00007fff58550000 - 0x00007fff585bb000 	C:\WINDOWS\System32\WS2_32.dll
0x00007fff43280000 - 0x00007fff432a7000 	C:\WINDOWS\SYSTEM32\WINMM.dll
0x00007fff4e790000 - 0x00007fff4e79a000 	C:\WINDOWS\SYSTEM32\VERSION.dll
0x00007fff52e30000 - 0x00007fff52e3f000 	C:\Program Files\Java\jdk1.8.0_241\jre\bin\verify.dll
0x00007fff52150000 - 0x00007fff52179000 	C:\Program Files\Java\jdk1.8.0_241\jre\bin\java.dll
0x00007fff4a070000 - 0x00007fff4a093000 	C:\Program Files\Java\jdk1.8.0_241\jre\bin\instrument.dll
0x00007fff51d10000 - 0x00007fff51d26000 	C:\Program Files\Java\jdk1.8.0_241\jre\bin\zip.dll
0x00007fff58ae0000 - 0x00007fff59222000 	C:\WINDOWS\System32\SHELL32.dll
0x00007fff553b0000 - 0x00007fff55b41000 	C:\WINDOWS\SYSTEM32\windows.storage.dll
0x00007fff594c0000 - 0x00007fff59815000 	C:\WINDOWS\System32\combase.dll
0x00007fff56ce0000 - 0x00007fff56d0c000 	C:\WINDOWS\SYSTEM32\Wldp.dll
0x00007fff59230000 - 0x00007fff592de000 	C:\WINDOWS\System32\SHCORE.dll
0x00007fff59420000 - 0x00007fff59475000 	C:\WINDOWS\System32\shlwapi.dll
0x00007fff571b0000 - 0x00007fff571cf000 	C:\WINDOWS\SYSTEM32\profapi.dll
0x00007fff3e0c0000 - 0x00007fff3e0da000 	D:\Program Files\JetBrains\IntelliJ IDEA 2021.1\bin\breakgen64.dll
0x00007fff44830000 - 0x00007fff4484a000 	C:\Program Files\Java\jdk1.8.0_241\jre\bin\net.dll
0x00007fff56a50000 - 0x00007fff56aba000 	C:\WINDOWS\system32\mswsock.dll
0x00007fff36a60000 - 0x00007fff36a93000 	C:\Program Files (x86)\Sangfor\SSL\ClientComponent\1_SangforNspX64.dll
0x00007fff58040000 - 0x00007fff5816a000 	C:\WINDOWS\System32\ole32.dll
0x00007fff57b90000 - 0x00007fff57c5d000 	C:\WINDOWS\System32\OLEAUT32.dll
0x00007fff56730000 - 0x00007fff567fc000 	C:\WINDOWS\SYSTEM32\DNSAPI.dll
0x00007fff566f0000 - 0x00007fff5672b000 	C:\WINDOWS\SYSTEM32\IPHLPAPI.DLL
0x00007fff594b0000 - 0x00007fff594b8000 	C:\WINDOWS\System32\NSI.dll
0x00007fff45660000 - 0x00007fff4566a000 	C:\Windows\System32\rasadhlp.dll
0x00007fff43820000 - 0x00007fff4389f000 	C:\WINDOWS\System32\fwpuclnt.dll
0x00007fff57740000 - 0x00007fff57767000 	C:\WINDOWS\System32\bcrypt.dll
0x00007fff52e10000 - 0x00007fff52e1d000 	C:\Program Files\Java\jdk1.8.0_241\jre\bin\management.dll
0x00007fff44350000 - 0x00007fff44362000 	C:\Program Files\Java\jdk1.8.0_241\jre\bin\nio.dll
0x00007fff56c20000 - 0x00007fff56c38000 	C:\WINDOWS\SYSTEM32\CRYPTSP.dll
0x00007fff56380000 - 0x00007fff563b4000 	C:\WINDOWS\system32\rsaenh.dll
0x00007fff57170000 - 0x00007fff5719e000 	C:\WINDOWS\SYSTEM32\USERENV.dll
0x00007fff572a0000 - 0x00007fff57320000 	C:\WINDOWS\System32\bcryptprimitives.dll
0x00007fff56c40000 - 0x00007fff56c4c000 	C:\WINDOWS\SYSTEM32\CRYPTBASE.dll
0x00007fff4aea0000 - 0x00007fff4aeb7000 	C:\WINDOWS\SYSTEM32\dhcpcsvc6.DLL
0x00007fff4ae80000 - 0x00007fff4ae9d000 	C:\WINDOWS\SYSTEM32\dhcpcsvc.DLL
0x00007fff30600000 - 0x00007fff30617000 	C:\WINDOWS\system32\napinsp.dll
0x00007fff305e0000 - 0x00007fff305fb000 	C:\WINDOWS\system32\pnrpnsp.dll
0x00007fff51590000 - 0x00007fff515a5000 	C:\WINDOWS\system32\wshbth.dll
0x00007fff52cd0000 - 0x00007fff52ced000 	C:\WINDOWS\system32\NLAapi.dll
0x00007fff305c0000 - 0x00007fff305d2000 	C:\WINDOWS\System32\winrnr.dll
0x00007fff1b640000 - 0x00007fff1b809000 	D:\Develop_env\lac4javawin\libiomp5md.dll
0x00007ffef7230000 - 0x00007ffefce50000 	D:\Develop_env\lac4javawin\mklml.dll
0x00007fff1bd40000 - 0x00007fff1be2f000 	C:\WINDOWS\SYSTEM32\MSVCR120.dll
0x00007fff12aa0000 - 0x00007fff13832000 	D:\Develop_env\lac4javawin\mkldnn.dll
0x00007fff2fc70000 - 0x00007fff2fc99000 	C:\WINDOWS\SYSTEM32\VCOMP140.DLL
0x00007fff10c90000 - 0x00007fff12a94000 	D:\Develop_env\lac4javawin\lacjni.dll
0x00007fff303a0000 - 0x00007fff30584000 	C:\WINDOWS\SYSTEM32\dbghelp.dll

VM Arguments:
jvm_args: -Djava.library.path=D:\Develop_env\lac4javawin;D:\Program Files\Python3\Scripts -XX:TieredStopAtLevel=1 -Xverify:none -Dspring.output.ansi.enabled=always -javaagent:D:\Program Files\JetBrains\IntelliJ IDEA 2021.1\lib\idea_rt.jar=60897:D:\Program Files\JetBrains\IntelliJ IDEA 2021.1\bin -Dcom.sun.management.jmxremote -Dspring.jmx.enabled=true -Dspring.liveBeansView.mbeanDomain -Dspring.application.admin.enabled=true -Dfile.encoding=UTF-8 
java_command: com.carry.recruitment.RecruitmentApplication
java_class_path (initial): C:\Program Files\Java\jdk1.8.0_241\jre\lib\charsets.jar;C:\Program Files\Java\jdk1.8.0_241\jre\lib\deploy.jar;C:\Program Files\Java\jdk1.8.0_241\jre\lib\ext\access-bridge-64.jar;C:\Program Files\Java\jdk1.8.0_241\jre\lib\ext\cldrdata.jar;C:\Program Files\Java\jdk1.8.0_241\jre\lib\ext\dnsns.jar;C:\Program Files\Java\jdk1.8.0_241\jre\lib\ext\jaccess.jar;C:\Program Files\Java\jdk1.8.0_241\jre\lib\ext\jfxrt.jar;C:\Program Files\Java\jdk1.8.0_241\jre\lib\ext\localedata.jar;C:\Program Files\Java\jdk1.8.0_241\jre\lib\ext\nashorn.jar;C:\Program Files\Java\jdk1.8.0_241\jre\lib\ext\sunec.jar;C:\Program Files\Java\jdk1.8.0_241\jre\lib\ext\sunjce_provider.jar;C:\Program Files\Java\jdk1.8.0_241\jre\lib\ext\sunmscapi.jar;C:\Program Files\Java\jdk1.8.0_241\jre\lib\ext\sunpkcs11.jar;C:\Program Files\Java\jdk1.8.0_241\jre\lib\ext\zipfs.jar;C:\Program Files\Java\jdk1.8.0_241\jre\lib\javaws.jar;C:\Program Files\Java\jdk1.8.0_241\jre\lib\jce.jar;C:\Program Files\Java\jdk1.8.0_241\jre\lib\jfr.jar;C:\Program Files\Java\jdk1.8.0_241\jre\lib\jfxswt.jar;C:\Program Files\Java\jdk1.8.0_241\jre\lib\jsse.jar;C:\Program Files\Java\jdk1.8.0_241\jre\lib\management-agent.jar;C:\Program Files\Java\jdk1.8.0_241\jre\lib\plugin.jar;C:\Program Files\Java\jdk1.8.0_241\jre\lib\resources.jar;C:\Program Files\Java\jdk1.8.0_241\jre\lib\rt.jar;E:\IdeaProjects\Recruitment\target\classes;D:\Develop_env\rep\org\springframework\boot\spring-boot-starter-jdbc\2.4.4\spring-boot-starter-jdbc-2.4.4.jar;D:\Develop_env\rep\org\springframework\boot\spring-boot-starter\2.4.4\spring-boot-starter-2.4.4.jar;D:\Develop_env\rep\org\springframework\boot\spring-boot-starter-logging\2.4.4\spring-boot-starter-logging-2.4.4.jar;D:\Develop_env\rep\ch\qos\logback\logback-classic\1.2.3\logback-classic-1.2.3.jar;D:\Develop_env\lac4javawin;D:\Develop_env\rep\ch\qos\logback\logback-core\1.2.3\logback-core-1.2.3.jar;D:\Develop_env\rep\org\apache\logging\log4j\log4j-to-slf4j\2.13.3\log4j-to-slf4j-2.13.3.jar;D:\
Launcher Type: SUN_STANDARD

Environment Variables:
JAVA_HOME=C:\Program Files\Java\jdk1.8.0_241
CLASSPATH=.;C:\Program Files\Java\jdk1.8.0_241\lib;C:\Program Files\Java\jdk1.8.0_241\lib\tools.jar
PATH=C:\Program Files\Java\jdk1.8.0_241\bin;C:\Program Files\Java\jdk1.8.0_241\jre\bin;C:\Program Files (x86)\Common Files\Oracle\Java\javapath;C:\ProgramData\Oracle\Java\javapath;D:\Program Files\NetSarang\Xlpd 6\;D:\Program Files\NetSarang\Xftp 6\;D:\Program Files\NetSarang\Xshell 6\;D:\Program Files\NetSarang\Xmanager 6\;C:\Program Files (x86)\Intel\Intel(R) Management Engine Components\iCLS\;C:\Program Files\Intel\Intel(R) Management Engine Components\iCLS\;C:\Windows\system32;C:\Windows;C:\Windows\System32\Wbem;C:\Windows\System32\WindowsPowerShell\v1.0\;C:\Windows\System32\OpenSSH\;C:\Program Files (x86)\Intel\Intel(R) Management Engine Components\DAL;C:\Program Files\Intel\Intel(R) Management Engine Components\DAL;C:\Program Files (x86)\Intel\Intel(R) Management Engine Components\IPT;C:\Program Files\Intel\Intel(R) Management Engine Components\IPT;C:\Program Files (x86)\NVIDIA Corporation\PhysX\Common;C:\Program Files\NVIDIA Corporation\NVIDIA NvDLISR;C:\WINDOWS\system32;C:\WINDOWS;C:\WINDOWS\System32\Wbem;C:\WINDOWS\System32\WindowsPowerShell\v1.0\;C:\WINDOWS\System32\OpenSSH\;D:\xampp\php;D:\Program Files\Git\cmd;D:\Program Files\Python2;D:\Program Files\Python2\Scripts;D:\Program Files\Python3;D:\Program Files\Python3\Scripts;D:\Develop_env\apache-maven-3.6.3\bin;D:\Program Files\platform-tools;D:\Program Files\Python3\Scripts\;D:\Program Files\Python3\;C:\Users\zkl90\AppData\Local\Programs\Python\Python37\Scripts\;C:\Users\zkl90\AppData\Local\Programs\Python\Python37\;C:\Users\zkl90\AppData\Local\Microsoft\WindowsApps;D:\Program Files\BandZip\;C:\Users\zkl90\AppData\Roaming\nvm;C:\Program Files\nodejs;D:\Program Files\IntelliJ IDEA 2019.3.2\bin;;C:\Users\zkl90\AppData\Local\Microsoft\WindowsApps
USERNAME=zkl90
OS=Windows_NT
PROCESSOR_IDENTIFIER=Intel64 Family 6 Model 142 Stepping 9, GenuineIntel



---------------  S Y S T E M  ---------------

OS: Windows 10.0 , 64 bit Build 19041 (10.0.19041.928)

CPU:total 4 (initial active 4) (2 cores per cpu, 2 threads per core) family 6 model 142 stepping 9, cmov, cx8, fxsr, mmx, sse, sse2, sse3, ssse3, sse4.1, sse4.2, popcnt, avx, avx2, aes, clmul, erms, 3dnowpref, lzcnt, ht, tsc, tscinvbit, bmi1, bmi2, adx

Memory: 4k page, physical 8295652k(1838012k free), swap 8295652k(556772k free)

vm_info: Java HotSpot(TM) 64-Bit Server VM (25.241-b07) for windows-amd64 JRE (1.8.0_241-b07), built on Dec 11 2019 10:21:40 by "rejava" with MS VC++ 10.0 (VS2010)

time: Sat Apr 17 19:53:29 2021
timezone: 中国标准时间
elapsed time: 22 seconds (0d 0h 0m 22s)

